This file contains any messages produced by compilers while
running configure, to aid debugging if configure makes a mistake.

It was created by zeromq configure 4.1.2, which was
generated by GNU Autoconf 2.68.  Invocation command line was

  $ ./configure 

## --------- ##
## Platform. ##
## --------- ##

hostname = testing-worker-linux-5590757e-2-532-linux-13-88867829
uname -m = x86_64
uname -r = 2.6.32-042stab090.5
uname -s = Linux
uname -v = #1 SMP Sat Jun 21 00:15:09 MSK 2014

/usr/bin/uname -p = unknown
/bin/uname -X     = unknown

/bin/arch              = unknown
/usr/bin/arch -k       = unknown
/usr/convex/getsysinfo = unknown
/usr/bin/hostinfo      = unknown
/bin/machine           = unknown
/usr/bin/oslevel       = unknown
/bin/universe          = unknown

PATH: /usr/lib/postgresql/9.4/bin
PATH: /home/travis/bin
PATH: /home/travis/.local/bin
PATH: /home/travis/.gimme/versions/go1.4.1.linux.amd64/bin
PATH: /usr/local/phantomjs/bin
PATH: /home/travis/.nvm/v0.10.36/bin
PATH: ./node_modules/.bin
PATH: /usr/local/maven-3.2.5/bin
PATH: /usr/local/clang-3.4/bin
PATH: /home/travis/.gimme/versions/go1.4.1.linux.amd64/bin
PATH: /usr/local/phantomjs/bin
PATH: ./node_modules/.bin
PATH: /usr/local/maven-3.2.5/bin
PATH: /usr/local/clang-3.4/bin
PATH: /home/travis/.gimme/versions/go1.4.1.linux.amd64/bin
PATH: /home/travis/.rvm/gems/ruby-1.9.3-p551/bin
PATH: /home/travis/.rvm/gems/ruby-1.9.3-p551@global/bin
PATH: /home/travis/.rvm/rubies/ruby-1.9.3-p551/bin
PATH: /usr/local/phantomjs/bin
PATH: ./node_modules/.bin
PATH: /usr/local/maven-3.2.5/bin
PATH: /usr/local/clang-3.4/bin
PATH: /usr/local/sbin
PATH: /usr/local/bin
PATH: /usr/sbin
PATH: /usr/bin
PATH: /sbin
PATH: /bin
PATH: /home/travis/.rvm/bin
PATH: /home/travis/.rvm/bin
PATH: /home/travis/.rvm/bin
PATH: /home/travis/rust/bin


## ----------- ##
## Core tests. ##
## ----------- ##

configure:2811: checking for a BSD-compatible install
configure:2879: result: /usr/bin/install -c
configure:2890: checking whether build environment is sane
configure:2940: result: yes
configure:3081: checking for a thread-safe mkdir -p
configure:3120: result: /bin/mkdir -p
configure:3133: checking for gawk
configure:3149: found /usr/bin/gawk
configure:3160: result: gawk
configure:3171: checking whether make sets $(MAKE)
configure:3193: result: yes
configure:3268: checking how to create a ustar tar archive
configure:3281: tar --version
tar (GNU tar) 1.26
Copyright (C) 2011 Free Software Foundation, Inc.
License GPLv3+: GNU GPL version 3 or later <http://gnu.org/licenses/gpl.html>.
This is free software: you are free to change and redistribute it.
There is NO WARRANTY, to the extent permitted by law.

Written by John Gilmore and Jay Fenlason.
configure:3284: $? = 0
configure:3324: tardir=conftest.dir && eval tar --format=ustar -chf - "$tardir" >conftest.tar
configure:3327: $? = 0
configure:3331: tar -xf - <conftest.tar
configure:3334: $? = 0
configure:3347: result: gnutar
configure:3366: checking whether make supports nested variables
configure:3383: result: yes
configure:3471: checking for gcc
configure:3487: found /usr/bin/gcc
configure:3498: result: gcc
configure:3727: checking for C compiler version
configure:3736: gcc --version >&5
gcc (Ubuntu/Linaro 4.6.3-1ubuntu5) 4.6.3
Copyright (C) 2011 Free Software Foundation, Inc.
This is free software; see the source for copying conditions.  There is NO
warranty; not even for MERCHANTABILITY or FITNESS FOR A PARTICULAR PURPOSE.

configure:3747: $? = 0
configure:3736: gcc -v >&5
Using built-in specs.
COLLECT_GCC=gcc
COLLECT_LTO_WRAPPER=/usr/lib/gcc/x86_64-linux-gnu/4.6/lto-wrapper
Target: x86_64-linux-gnu
Configured with: ../src/configure -v --with-pkgversion='Ubuntu/Linaro 4.6.3-1ubuntu5' --with-bugurl=file:///usr/share/doc/gcc-4.6/README.Bugs --enable-languages=c,c++,fortran,objc,obj-c++ --prefix=/usr --program-suffix=-4.6 --enable-shared --enable-linker-build-id --with-system-zlib --libexecdir=/usr/lib --without-included-gettext --enable-threads=posix --with-gxx-include-dir=/usr/include/c++/4.6 --libdir=/usr/lib --enable-nls --with-sysroot=/ --enable-clocale=gnu --enable-libstdcxx-debug --enable-libstdcxx-time=yes --enable-gnu-unique-object --enable-plugin --enable-objc-gc --disable-werror --with-arch-32=i686 --with-tune=generic --enable-checking=release --build=x86_64-linux-gnu --host=x86_64-linux-gnu --target=x86_64-linux-gnu
Thread model: posix
gcc version 4.6.3 (Ubuntu/Linaro 4.6.3-1ubuntu5) 
configure:3747: $? = 0
configure:3736: gcc -V >&5
gcc: error: unrecognized option '-V'
gcc: fatal error: no input files
compilation terminated.
configure:3747: $? = 4
configure:3736: gcc -qversion >&5
gcc: error: unrecognized option '-qversion'
gcc: fatal error: no input files
compilation terminated.
configure:3747: $? = 4
configure:3767: checking whether the C compiler works
configure:3789: gcc    conftest.c  >&5
configure:3793: $? = 0
configure:3841: result: yes
configure:3844: checking for C compiler default output file name
configure:3846: result: a.out
configure:3852: checking for suffix of executables
configure:3859: gcc -o conftest    conftest.c  >&5
configure:3863: $? = 0
configure:3885: result: 
configure:3907: checking whether we are cross compiling
configure:3915: gcc -o conftest    conftest.c  >&5
configure:3919: $? = 0
configure:3926: ./conftest
configure:3930: $? = 0
configure:3945: result: no
configure:3950: checking for suffix of object files
configure:3972: gcc -c   conftest.c >&5
configure:3976: $? = 0
configure:3997: result: o
configure:4001: checking whether we are using the GNU C compiler
configure:4020: gcc -c   conftest.c >&5
configure:4020: $? = 0
configure:4029: result: yes
configure:4038: checking whether gcc accepts -g
configure:4058: gcc -c -g  conftest.c >&5
configure:4058: $? = 0
configure:4099: result: yes
configure:4116: checking for gcc option to accept ISO C89
configure:4180: gcc  -c -g -O2  conftest.c >&5
configure:4180: $? = 0
configure:4193: result: none needed
configure:4224: checking for style of include used by make
configure:4252: result: GNU
configure:4278: checking dependency style of gcc
configure:4389: result: gcc3
configure:4404: checking for gcc option to accept ISO C99
configure:4553: gcc  -c -g -O2  conftest.c >&5
conftest.c:61:29: error: expected ';', ',' or ')' before 'text'
conftest.c: In function 'main':
conftest.c:115:18: error: expected '=', ',', ';', 'asm' or '__attribute__' before 'newvar'
conftest.c:115:18: error: 'newvar' undeclared (first use in this function)
conftest.c:115:18: note: each undeclared identifier is reported only once for each function it appears in
conftest.c:125:3: error: 'for' loop initial declarations are only allowed in C99 mode
conftest.c:125:3: note: use option -std=c99 or -std=gnu99 to compile your code
configure:4553: $? = 1
configure: failed program was:
| /* confdefs.h */
| #define PACKAGE_NAME "zeromq"
| #define PACKAGE_TARNAME "zeromq"
| #define PACKAGE_VERSION "4.1.2"
| #define PACKAGE_STRING "zeromq 4.1.2"
| #define PACKAGE_BUGREPORT "zeromq-dev@lists.zeromq.org"
| #define PACKAGE_URL ""
| #define PACKAGE "zeromq"
| #define VERSION "4.1.2"
| /* end confdefs.h.  */
| #include <stdarg.h>
| #include <stdbool.h>
| #include <stdlib.h>
| #include <wchar.h>
| #include <stdio.h>
| 
| // Check varargs macros.  These examples are taken from C99 6.10.3.5.
| #define debug(...) fprintf (stderr, __VA_ARGS__)
| #define showlist(...) puts (#__VA_ARGS__)
| #define report(test,...) ((test) ? puts (#test) : printf (__VA_ARGS__))
| static void
| test_varargs_macros (void)
| {
|   int x = 1234;
|   int y = 5678;
|   debug ("Flag");
|   debug ("X = %d\n", x);
|   showlist (The first, second, and third items.);
|   report (x>y, "x is %d but y is %d", x, y);
| }
| 
| // Check long long types.
| #define BIG64 18446744073709551615ull
| #define BIG32 4294967295ul
| #define BIG_OK (BIG64 / BIG32 == 4294967297ull && BIG64 % BIG32 == 0)
| #if !BIG_OK
|   your preprocessor is broken;
| #endif
| #if BIG_OK
| #else
|   your preprocessor is broken;
| #endif
| static long long int bignum = -9223372036854775807LL;
| static unsigned long long int ubignum = BIG64;
| 
| struct incomplete_array
| {
|   int datasize;
|   double data[];
| };
| 
| struct named_init {
|   int number;
|   const wchar_t *name;
|   double average;
| };
| 
| typedef const char *ccp;
| 
| static inline int
| test_restrict (ccp restrict text)
| {
|   // See if C++-style comments work.
|   // Iterate through items via the restricted pointer.
|   // Also check for declarations in for loops.
|   for (unsigned int i = 0; *(text+i) != '\0'; ++i)
|     continue;
|   return 0;
| }
| 
| // Check varargs and va_copy.
| static void
| test_varargs (const char *format, ...)
| {
|   va_list args;
|   va_start (args, format);
|   va_list args_copy;
|   va_copy (args_copy, args);
| 
|   const char *str;
|   int number;
|   float fnumber;
| 
|   while (*format)
|     {
|       switch (*format++)
| 	{
| 	case 's': // string
| 	  str = va_arg (args_copy, const char *);
| 	  break;
| 	case 'd': // int
| 	  number = va_arg (args_copy, int);
| 	  break;
| 	case 'f': // float
| 	  fnumber = va_arg (args_copy, double);
| 	  break;
| 	default:
| 	  break;
| 	}
|     }
|   va_end (args_copy);
|   va_end (args);
| }
| 
| int
| main ()
| {
| 
|   // Check bool.
|   _Bool success = false;
| 
|   // Check restrict.
|   if (test_restrict ("String literal") == 0)
|     success = true;
|   char *restrict newvar = "Another string";
| 
|   // Check varargs.
|   test_varargs ("s, d' f .", "string", 65, 34.234);
|   test_varargs_macros ();
| 
|   // Check flexible array members.
|   struct incomplete_array *ia =
|     malloc (sizeof (struct incomplete_array) + (sizeof (double) * 10));
|   ia->datasize = 10;
|   for (int i = 0; i < ia->datasize; ++i)
|     ia->data[i] = i * 1.234;
| 
|   // Check named initializers.
|   struct named_init ni = {
|     .number = 34,
|     .name = L"Test wide string",
|     .average = 543.34343,
|   };
| 
|   ni.number = 58;
| 
|   int dynamic_array[ni.number];
|   dynamic_array[ni.number - 1] = 543;
| 
|   // work around unused variable warnings
|   return (!success || bignum == 0LL || ubignum == 0uLL || newvar[0] == 'x'
| 	  || dynamic_array[ni.number - 1] != 543);
| 
|   ;
|   return 0;
| }
configure:4553: gcc -std=gnu99 -c -g -O2  conftest.c >&5
configure:4553: $? = 0
configure:4573: result: -std=gnu99
configure:4639: checking for g++
configure:4655: found /usr/bin/g++
configure:4666: result: g++
configure:4693: checking for C++ compiler version
configure:4702: g++ --version >&5
g++ (Ubuntu/Linaro 4.6.3-1ubuntu5) 4.6.3
Copyright (C) 2011 Free Software Foundation, Inc.
This is free software; see the source for copying conditions.  There is NO
warranty; not even for MERCHANTABILITY or FITNESS FOR A PARTICULAR PURPOSE.

configure:4713: $? = 0
configure:4702: g++ -v >&5
Using built-in specs.
COLLECT_GCC=g++
COLLECT_LTO_WRAPPER=/usr/lib/gcc/x86_64-linux-gnu/4.6/lto-wrapper
Target: x86_64-linux-gnu
Configured with: ../src/configure -v --with-pkgversion='Ubuntu/Linaro 4.6.3-1ubuntu5' --with-bugurl=file:///usr/share/doc/gcc-4.6/README.Bugs --enable-languages=c,c++,fortran,objc,obj-c++ --prefix=/usr --program-suffix=-4.6 --enable-shared --enable-linker-build-id --with-system-zlib --libexecdir=/usr/lib --without-included-gettext --enable-threads=posix --with-gxx-include-dir=/usr/include/c++/4.6 --libdir=/usr/lib --enable-nls --with-sysroot=/ --enable-clocale=gnu --enable-libstdcxx-debug --enable-libstdcxx-time=yes --enable-gnu-unique-object --enable-plugin --enable-objc-gc --disable-werror --with-arch-32=i686 --with-tune=generic --enable-checking=release --build=x86_64-linux-gnu --host=x86_64-linux-gnu --target=x86_64-linux-gnu
Thread model: posix
gcc version 4.6.3 (Ubuntu/Linaro 4.6.3-1ubuntu5) 
configure:4713: $? = 0
configure:4702: g++ -V >&5
g++: error: unrecognized option '-V'
g++: fatal error: no input files
compilation terminated.
configure:4713: $? = 4
configure:4702: g++ -qversion >&5
g++: error: unrecognized option '-qversion'
g++: fatal error: no input files
compilation terminated.
configure:4713: $? = 4
configure:4717: checking whether we are using the GNU C++ compiler
configure:4736: g++ -c   conftest.cpp >&5
configure:4736: $? = 0
configure:4745: result: yes
configure:4754: checking whether g++ accepts -g
configure:4774: g++ -c -g  conftest.cpp >&5
configure:4774: $? = 0
configure:4815: result: yes
configure:4840: checking dependency style of g++
configure:4951: result: gcc3
configure:4967: checking whether gcc -std=gnu99 and cc understand -c and -o together
configure:4998: gcc -std=gnu99 -c conftest.c -o conftest2.o >&5
configure:5002: $? = 0
configure:5008: gcc -std=gnu99 -c conftest.c -o conftest2.o >&5
configure:5012: $? = 0
configure:5023: cc -c conftest.c >&5
configure:5027: $? = 0
configure:5035: cc -c conftest.c -o conftest2.o >&5
configure:5039: $? = 0
configure:5045: cc -c conftest.c -o conftest2.o >&5
configure:5049: $? = 0
configure:5067: result: yes
configure:5092: checking for a sed that does not truncate output
configure:5156: result: /bin/sed
configure:5165: checking for gawk
configure:5192: result: gawk
configure:5257: checking for pkg-config
configure:5275: found /usr/bin/pkg-config
configure:5287: result: /usr/bin/pkg-config
configure:5312: checking pkg-config is at least version 0.9.0
configure:5315: result: yes
configure:5328: checking for xmlto
configure:5361: result: no
configure:5369: checking for asciidoc
configure:5402: result: no
configure:5411: checking build system type
configure:5425: result: x86_64-unknown-linux-gnu
configure:5445: checking host system type
configure:5458: result: x86_64-unknown-linux-gnu
configure:5899: checking how to print strings
configure:5926: result: printf
configure:5947: checking for a sed that does not truncate output
configure:6011: result: /bin/sed
configure:6029: checking for grep that handles long lines and -e
configure:6087: result: /bin/grep
configure:6092: checking for egrep
configure:6154: result: /bin/grep -E
configure:6159: checking for fgrep
configure:6221: result: /bin/grep -F
configure:6256: checking for ld used by gcc -std=gnu99
configure:6323: result: /usr/bin/ld
configure:6330: checking if the linker (/usr/bin/ld) is GNU ld
configure:6345: result: yes
configure:6357: checking for BSD- or MS-compatible name lister (nm)
configure:6406: result: /usr/bin/nm -B
configure:6536: checking the name lister (/usr/bin/nm -B) interface
configure:6543: gcc -std=gnu99 -c -g -O2  conftest.c >&5
configure:6546: /usr/bin/nm -B "conftest.o"
configure:6549: output
0000000000000000 B some_variable
configure:6556: result: BSD nm
configure:6559: checking whether ln -s works
configure:6563: result: yes
configure:6571: checking the maximum length of command line arguments
configure:6701: result: 1966080
configure:6718: checking whether the shell understands some XSI constructs
configure:6728: result: yes
configure:6732: checking whether the shell understands "+="
configure:6738: result: yes
configure:6773: checking how to convert x86_64-unknown-linux-gnu file names to x86_64-unknown-linux-gnu format
configure:6813: result: func_convert_file_noop
configure:6820: checking how to convert x86_64-unknown-linux-gnu file names to toolchain format
configure:6840: result: func_convert_file_noop
configure:6847: checking for /usr/bin/ld option to reload object files
configure:6854: result: -r
configure:6928: checking for objdump
configure:6955: result: objdump
configure:6984: checking how to recognize dependent libraries
configure:7186: result: pass_all
configure:7271: checking for dlltool
configure:7298: result: dlltool
configure:7328: checking how to associate runtime and link libraries
configure:7355: result: printf %s\n
configure:7416: checking for ar
configure:7432: found /usr/bin/ar
configure:7443: result: ar
configure:7480: checking for archiver @FILE support
configure:7497: gcc -std=gnu99 -c -g -O2  conftest.c >&5
configure:7497: $? = 0
configure:7500: ar cru libconftest.a @conftest.lst >&5
configure:7503: $? = 0
configure:7508: ar cru libconftest.a @conftest.lst >&5
ar: conftest.o: No such file or directory
configure:7511: $? = 1
configure:7523: result: @
configure:7581: checking for strip
configure:7597: found /usr/bin/strip
configure:7608: result: strip
configure:7680: checking for ranlib
configure:7696: found /usr/bin/ranlib
configure:7707: result: ranlib
configure:7809: checking command to parse /usr/bin/nm -B output from gcc -std=gnu99 object
configure:7929: gcc -std=gnu99 -c -g -O2  conftest.c >&5
configure:7932: $? = 0
configure:7936: /usr/bin/nm -B conftest.o \| sed -n -e 's/^.*[ ]\([ABCDGIRSTW][ABCDGIRSTW]*\)[ ][ ]*\([_A-Za-z][_A-Za-z0-9]*\)$/\1 \2 \2/p' | sed '/ __gnu_lto/d' \> conftest.nm
configure:7939: $? = 0
configure:8005: gcc -std=gnu99 -o conftest -g -O2   conftest.c conftstm.o >&5
configure:8008: $? = 0
configure:8046: result: ok
configure:8083: checking for sysroot
configure:8113: result: no
configure:8190: gcc -std=gnu99 -c -g -O2  conftest.c >&5
configure:8193: $? = 0
configure:8369: checking for mt
configure:8385: found /bin/mt
configure:8396: result: mt
configure:8419: checking if mt is a manifest tool
configure:8425: mt '-?'
configure:8433: result: no
configure:9075: checking how to run the C preprocessor
configure:9106: gcc -std=gnu99 -E  conftest.c
configure:9106: $? = 0
configure:9120: gcc -std=gnu99 -E  conftest.c
conftest.c:11:28: fatal error: ac_nonexistent.h: No such file or directory
compilation terminated.
configure:9120: $? = 1
configure: failed program was:
| /* confdefs.h */
| #define PACKAGE_NAME "zeromq"
| #define PACKAGE_TARNAME "zeromq"
| #define PACKAGE_VERSION "4.1.2"
| #define PACKAGE_STRING "zeromq 4.1.2"
| #define PACKAGE_BUGREPORT "zeromq-dev@lists.zeromq.org"
| #define PACKAGE_URL ""
| #define PACKAGE "zeromq"
| #define VERSION "4.1.2"
| /* end confdefs.h.  */
| #include <ac_nonexistent.h>
configure:9145: result: gcc -std=gnu99 -E
configure:9165: gcc -std=gnu99 -E  conftest.c
configure:9165: $? = 0
configure:9179: gcc -std=gnu99 -E  conftest.c
conftest.c:11:28: fatal error: ac_nonexistent.h: No such file or directory
compilation terminated.
configure:9179: $? = 1
configure: failed program was:
| /* confdefs.h */
| #define PACKAGE_NAME "zeromq"
| #define PACKAGE_TARNAME "zeromq"
| #define PACKAGE_VERSION "4.1.2"
| #define PACKAGE_STRING "zeromq 4.1.2"
| #define PACKAGE_BUGREPORT "zeromq-dev@lists.zeromq.org"
| #define PACKAGE_URL ""
| #define PACKAGE "zeromq"
| #define VERSION "4.1.2"
| /* end confdefs.h.  */
| #include <ac_nonexistent.h>
configure:9208: checking for ANSI C header files
configure:9228: gcc -std=gnu99 -c -g -O2  conftest.c >&5
configure:9228: $? = 0
configure:9301: gcc -std=gnu99 -o conftest -g -O2   conftest.c  >&5
configure:9301: $? = 0
configure:9301: ./conftest
configure:9301: $? = 0
configure:9312: result: yes
configure:9325: checking for sys/types.h
configure:9325: gcc -std=gnu99 -c -g -O2  conftest.c >&5
configure:9325: $? = 0
configure:9325: result: yes
configure:9325: checking for sys/stat.h
configure:9325: gcc -std=gnu99 -c -g -O2  conftest.c >&5
configure:9325: $? = 0
configure:9325: result: yes
configure:9325: checking for stdlib.h
configure:9325: gcc -std=gnu99 -c -g -O2  conftest.c >&5
configure:9325: $? = 0
configure:9325: result: yes
configure:9325: checking for string.h
configure:9325: gcc -std=gnu99 -c -g -O2  conftest.c >&5
configure:9325: $? = 0
configure:9325: result: yes
configure:9325: checking for memory.h
configure:9325: gcc -std=gnu99 -c -g -O2  conftest.c >&5
configure:9325: $? = 0
configure:9325: result: yes
configure:9325: checking for strings.h
configure:9325: gcc -std=gnu99 -c -g -O2  conftest.c >&5
configure:9325: $? = 0
configure:9325: result: yes
configure:9325: checking for inttypes.h
configure:9325: gcc -std=gnu99 -c -g -O2  conftest.c >&5
configure:9325: $? = 0
configure:9325: result: yes
configure:9325: checking for stdint.h
configure:9325: gcc -std=gnu99 -c -g -O2  conftest.c >&5
configure:9325: $? = 0
configure:9325: result: yes
configure:9325: checking for unistd.h
configure:9325: gcc -std=gnu99 -c -g -O2  conftest.c >&5
configure:9325: $? = 0
configure:9325: result: yes
configure:9339: checking for dlfcn.h
configure:9339: gcc -std=gnu99 -c -g -O2  conftest.c >&5
configure:9339: $? = 0
configure:9339: result: yes
configure:9524: checking for objdir
configure:9539: result: .libs
configure:9810: checking if gcc -std=gnu99 supports -fno-rtti -fno-exceptions
configure:9828: gcc -std=gnu99 -c -g -O2  -fno-rtti -fno-exceptions conftest.c >&5
cc1: warning: command line option '-fno-rtti' is valid for C++/ObjC++ but not for C [enabled by default]
configure:9832: $? = 0
configure:9845: result: no
configure:10172: checking for gcc -std=gnu99 option to produce PIC
configure:10179: result: -fPIC -DPIC
configure:10187: checking if gcc -std=gnu99 PIC flag -fPIC -DPIC works
configure:10205: gcc -std=gnu99 -c -g -O2  -fPIC -DPIC -DPIC conftest.c >&5
configure:10209: $? = 0
configure:10222: result: yes
configure:10251: checking if gcc -std=gnu99 static flag -static works
configure:10279: result: yes
configure:10294: checking if gcc -std=gnu99 supports -c -o file.o
configure:10315: gcc -std=gnu99 -c -g -O2  -o out/conftest2.o conftest.c >&5
configure:10319: $? = 0
configure:10341: result: yes
configure:10349: checking if gcc -std=gnu99 supports -c -o file.o
configure:10396: result: yes
configure:10429: checking whether the gcc -std=gnu99 linker (/usr/bin/ld -m elf_x86_64) supports shared libraries
configure:11586: result: yes
configure:11623: checking whether -lc should be explicitly linked in
configure:11631: gcc -std=gnu99 -c -g -O2  conftest.c >&5
configure:11634: $? = 0
configure:11649: gcc -std=gnu99 -shared  -fPIC -DPIC conftest.o  -v -Wl,-soname -Wl,conftest -o conftest 2\>\&1 \| /bin/grep  -lc  \>/dev/null 2\>\&1
configure:11652: $? = 0
configure:11666: result: no
configure:11826: checking dynamic linker characteristics
configure:12337: gcc -std=gnu99 -o conftest -g -O2   -Wl,-rpath -Wl,/foo conftest.c  >&5
configure:12337: $? = 0
configure:12571: result: GNU/Linux ld.so
configure:12678: checking how to hardcode library paths into programs
configure:12703: result: immediate
configure:13243: checking whether stripping libraries is possible
configure:13248: result: yes
configure:13283: checking if libtool supports shared libraries
configure:13285: result: yes
configure:13288: checking whether to build shared libraries
configure:13309: result: yes
configure:13312: checking whether to build static libraries
configure:13316: result: yes
configure:13339: checking how to run the C++ preprocessor
configure:13366: g++ -E  conftest.cpp
configure:13366: $? = 0
configure:13380: g++ -E  conftest.cpp
conftest.cpp:23:28: fatal error: ac_nonexistent.h: No such file or directory
compilation terminated.
configure:13380: $? = 1
configure: failed program was:
| /* confdefs.h */
| #define PACKAGE_NAME "zeromq"
| #define PACKAGE_TARNAME "zeromq"
| #define PACKAGE_VERSION "4.1.2"
| #define PACKAGE_STRING "zeromq 4.1.2"
| #define PACKAGE_BUGREPORT "zeromq-dev@lists.zeromq.org"
| #define PACKAGE_URL ""
| #define PACKAGE "zeromq"
| #define VERSION "4.1.2"
| #define STDC_HEADERS 1
| #define HAVE_SYS_TYPES_H 1
| #define HAVE_SYS_STAT_H 1
| #define HAVE_STDLIB_H 1
| #define HAVE_STRING_H 1
| #define HAVE_MEMORY_H 1
| #define HAVE_STRINGS_H 1
| #define HAVE_INTTYPES_H 1
| #define HAVE_STDINT_H 1
| #define HAVE_UNISTD_H 1
| #define HAVE_DLFCN_H 1
| #define LT_OBJDIR ".libs/"
| /* end confdefs.h.  */
| #include <ac_nonexistent.h>
configure:13405: result: g++ -E
configure:13425: g++ -E  conftest.cpp
configure:13425: $? = 0
configure:13439: g++ -E  conftest.cpp
conftest.cpp:23:28: fatal error: ac_nonexistent.h: No such file or directory
compilation terminated.
configure:13439: $? = 1
configure: failed program was:
| /* confdefs.h */
| #define PACKAGE_NAME "zeromq"
| #define PACKAGE_TARNAME "zeromq"
| #define PACKAGE_VERSION "4.1.2"
| #define PACKAGE_STRING "zeromq 4.1.2"
| #define PACKAGE_BUGREPORT "zeromq-dev@lists.zeromq.org"
| #define PACKAGE_URL ""
| #define PACKAGE "zeromq"
| #define VERSION "4.1.2"
| #define STDC_HEADERS 1
| #define HAVE_SYS_TYPES_H 1
| #define HAVE_SYS_STAT_H 1
| #define HAVE_STDLIB_H 1
| #define HAVE_STRING_H 1
| #define HAVE_MEMORY_H 1
| #define HAVE_STRINGS_H 1
| #define HAVE_INTTYPES_H 1
| #define HAVE_STDINT_H 1
| #define HAVE_UNISTD_H 1
| #define HAVE_DLFCN_H 1
| #define LT_OBJDIR ".libs/"
| /* end confdefs.h.  */
| #include <ac_nonexistent.h>
configure:13608: checking for ld used by g++
configure:13675: result: /usr/bin/ld -m elf_x86_64
configure:13682: checking if the linker (/usr/bin/ld -m elf_x86_64) is GNU ld
configure:13697: result: yes
configure:13752: checking whether the g++ linker (/usr/bin/ld -m elf_x86_64) supports shared libraries
configure:14757: result: yes
configure:14793: g++ -c -g -O2  conftest.cpp >&5
configure:14796: $? = 0
configure:15316: checking for g++ option to produce PIC
configure:15323: result: -fPIC -DPIC
configure:15331: checking if g++ PIC flag -fPIC -DPIC works
configure:15349: g++ -c -g -O2  -fPIC -DPIC -DPIC conftest.cpp >&5
configure:15353: $? = 0
configure:15366: result: yes
configure:15389: checking if g++ static flag -static works
configure:15417: result: yes
configure:15429: checking if g++ supports -c -o file.o
configure:15450: g++ -c -g -O2  -o out/conftest2.o conftest.cpp >&5
configure:15454: $? = 0
configure:15476: result: yes
configure:15481: checking if g++ supports -c -o file.o
configure:15528: result: yes
configure:15558: checking whether the g++ linker (/usr/bin/ld -m elf_x86_64) supports shared libraries
configure:15597: result: yes
configure:15738: checking dynamic linker characteristics
configure:16417: result: GNU/Linux ld.so
configure:16470: checking how to hardcode library paths into programs
configure:16495: result: immediate
configure:16568: checking whether the C compiler works
configure:16584: gcc -std=gnu99 -o conftest -g -O2   conftest.c  >&5
configure:16584: $? = 0
configure:16593: result: yes
configure:16601: checking whether we are using Intel C compiler
configure:16620: gcc -std=gnu99 -c -g -O2  conftest.c >&5
conftest.c: In function 'main':
conftest.c:28:8: error: 'error' undeclared (first use in this function)
conftest.c:28:8: note: each undeclared identifier is reported only once for each function it appears in
conftest.c:28:14: error: expected ';' before 'if'
configure:16620: $? = 1
configure: failed program was:
| /* confdefs.h */
| #define PACKAGE_NAME "zeromq"
| #define PACKAGE_TARNAME "zeromq"
| #define PACKAGE_VERSION "4.1.2"
| #define PACKAGE_STRING "zeromq 4.1.2"
| #define PACKAGE_BUGREPORT "zeromq-dev@lists.zeromq.org"
| #define PACKAGE_URL ""
| #define PACKAGE "zeromq"
| #define VERSION "4.1.2"
| #define STDC_HEADERS 1
| #define HAVE_SYS_TYPES_H 1
| #define HAVE_SYS_STAT_H 1
| #define HAVE_STDLIB_H 1
| #define HAVE_STRING_H 1
| #define HAVE_MEMORY_H 1
| #define HAVE_STRINGS_H 1
| #define HAVE_INTTYPES_H 1
| #define HAVE_STDINT_H 1
| #define HAVE_UNISTD_H 1
| #define HAVE_DLFCN_H 1
| #define LT_OBJDIR ".libs/"
| /* end confdefs.h.  */
| 
| int
| main ()
| {
| #ifndef __INTEL_COMPILER
|        error if not ICC
| #endif
| 
|   ;
|   return 0;
| }
configure:16628: result: no
configure:16630: checking whether we are using Sun Studio C compiler
configure:16649: gcc -std=gnu99 -c -g -O2  conftest.c >&5
conftest.c: In function 'main':
conftest.c:28:8: error: 'error' undeclared (first use in this function)
conftest.c:28:8: note: each undeclared identifier is reported only once for each function it appears in
conftest.c:28:14: error: expected ';' before 'if'
configure:16649: $? = 1
configure: failed program was:
| /* confdefs.h */
| #define PACKAGE_NAME "zeromq"
| #define PACKAGE_TARNAME "zeromq"
| #define PACKAGE_VERSION "4.1.2"
| #define PACKAGE_STRING "zeromq 4.1.2"
| #define PACKAGE_BUGREPORT "zeromq-dev@lists.zeromq.org"
| #define PACKAGE_URL ""
| #define PACKAGE "zeromq"
| #define VERSION "4.1.2"
| #define STDC_HEADERS 1
| #define HAVE_SYS_TYPES_H 1
| #define HAVE_SYS_STAT_H 1
| #define HAVE_STDLIB_H 1
| #define HAVE_STRING_H 1
| #define HAVE_MEMORY_H 1
| #define HAVE_STRINGS_H 1
| #define HAVE_INTTYPES_H 1
| #define HAVE_STDINT_H 1
| #define HAVE_UNISTD_H 1
| #define HAVE_DLFCN_H 1
| #define LT_OBJDIR ".libs/"
| /* end confdefs.h.  */
| 
| int
| main ()
| {
| #if !defined(__SUNPRO_CC) && !defined(__SUNPRO_C)
|        error if not sun studio
| #endif
| 
|   ;
|   return 0;
| }
configure:16657: result: no
configure:16659: checking whether we are using clang C compiler
configure:16678: gcc -std=gnu99 -c -g -O2  conftest.c >&5
conftest.c: In function 'main':
conftest.c:28:8: error: 'error' undeclared (first use in this function)
conftest.c:28:8: note: each undeclared identifier is reported only once for each function it appears in
conftest.c:28:14: error: expected ';' before 'if'
configure:16678: $? = 1
configure: failed program was:
| /* confdefs.h */
| #define PACKAGE_NAME "zeromq"
| #define PACKAGE_TARNAME "zeromq"
| #define PACKAGE_VERSION "4.1.2"
| #define PACKAGE_STRING "zeromq 4.1.2"
| #define PACKAGE_BUGREPORT "zeromq-dev@lists.zeromq.org"
| #define PACKAGE_URL ""
| #define PACKAGE "zeromq"
| #define VERSION "4.1.2"
| #define STDC_HEADERS 1
| #define HAVE_SYS_TYPES_H 1
| #define HAVE_SYS_STAT_H 1
| #define HAVE_STDLIB_H 1
| #define HAVE_STRING_H 1
| #define HAVE_MEMORY_H 1
| #define HAVE_STRINGS_H 1
| #define HAVE_INTTYPES_H 1
| #define HAVE_STDINT_H 1
| #define HAVE_UNISTD_H 1
| #define HAVE_DLFCN_H 1
| #define LT_OBJDIR ".libs/"
| /* end confdefs.h.  */
| 
| int
| main ()
| {
| #ifndef __clang__
|        error if not clang
| #endif
| 
|   ;
|   return 0;
| }
configure:16686: result: no
configure:16688: checking whether we are using gcc >= 4 C compiler
configure:16707: gcc -std=gnu99 -c -g -O2  conftest.c >&5
configure:16707: $? = 0
configure:16715: result: yes
configure:16732: checking whether the C++ compiler works
configure:16748: g++ -o conftest -g -O2   conftest.cpp  >&5
configure:16748: $? = 0
configure:16757: result: yes
configure:16765: checking whether we are using Intel C++ compiler
configure:16784: g++ -c -g -O2  conftest.cpp >&5
conftest.cpp: In function 'int main()':
conftest.cpp:28:8: error: 'error' was not declared in this scope
conftest.cpp:28:14: error: expected ';' before 'if'
configure:16784: $? = 1
configure: failed program was:
| /* confdefs.h */
| #define PACKAGE_NAME "zeromq"
| #define PACKAGE_TARNAME "zeromq"
| #define PACKAGE_VERSION "4.1.2"
| #define PACKAGE_STRING "zeromq 4.1.2"
| #define PACKAGE_BUGREPORT "zeromq-dev@lists.zeromq.org"
| #define PACKAGE_URL ""
| #define PACKAGE "zeromq"
| #define VERSION "4.1.2"
| #define STDC_HEADERS 1
| #define HAVE_SYS_TYPES_H 1
| #define HAVE_SYS_STAT_H 1
| #define HAVE_STDLIB_H 1
| #define HAVE_STRING_H 1
| #define HAVE_MEMORY_H 1
| #define HAVE_STRINGS_H 1
| #define HAVE_INTTYPES_H 1
| #define HAVE_STDINT_H 1
| #define HAVE_UNISTD_H 1
| #define HAVE_DLFCN_H 1
| #define LT_OBJDIR ".libs/"
| /* end confdefs.h.  */
| 
| int
| main ()
| {
| #ifndef __INTEL_COMPILER
|        error if not ICC
| #endif
| 
|   ;
|   return 0;
| }
configure:16792: result: no
configure:16794: checking whether we are using Sun Studio C++ compiler
configure:16813: g++ -c -g -O2  conftest.cpp >&5
conftest.cpp: In function 'int main()':
conftest.cpp:28:8: error: 'error' was not declared in this scope
conftest.cpp:28:14: error: expected ';' before 'if'
configure:16813: $? = 1
configure: failed program was:
| /* confdefs.h */
| #define PACKAGE_NAME "zeromq"
| #define PACKAGE_TARNAME "zeromq"
| #define PACKAGE_VERSION "4.1.2"
| #define PACKAGE_STRING "zeromq 4.1.2"
| #define PACKAGE_BUGREPORT "zeromq-dev@lists.zeromq.org"
| #define PACKAGE_URL ""
| #define PACKAGE "zeromq"
| #define VERSION "4.1.2"
| #define STDC_HEADERS 1
| #define HAVE_SYS_TYPES_H 1
| #define HAVE_SYS_STAT_H 1
| #define HAVE_STDLIB_H 1
| #define HAVE_STRING_H 1
| #define HAVE_MEMORY_H 1
| #define HAVE_STRINGS_H 1
| #define HAVE_INTTYPES_H 1
| #define HAVE_STDINT_H 1
| #define HAVE_UNISTD_H 1
| #define HAVE_DLFCN_H 1
| #define LT_OBJDIR ".libs/"
| /* end confdefs.h.  */
| 
| int
| main ()
| {
| #if !defined(__SUNPRO_CC) && !defined(__SUNPRO_C)
|        error if not sun studio
| #endif
| 
|   ;
|   return 0;
| }
configure:16821: result: no
configure:16823: checking whether we are using clang C++ compiler
configure:16842: g++ -c -g -O2  conftest.cpp >&5
conftest.cpp: In function 'int main()':
conftest.cpp:28:8: error: 'error' was not declared in this scope
conftest.cpp:28:14: error: expected ';' before 'if'
configure:16842: $? = 1
configure: failed program was:
| /* confdefs.h */
| #define PACKAGE_NAME "zeromq"
| #define PACKAGE_TARNAME "zeromq"
| #define PACKAGE_VERSION "4.1.2"
| #define PACKAGE_STRING "zeromq 4.1.2"
| #define PACKAGE_BUGREPORT "zeromq-dev@lists.zeromq.org"
| #define PACKAGE_URL ""
| #define PACKAGE "zeromq"
| #define VERSION "4.1.2"
| #define STDC_HEADERS 1
| #define HAVE_SYS_TYPES_H 1
| #define HAVE_SYS_STAT_H 1
| #define HAVE_STDLIB_H 1
| #define HAVE_STRING_H 1
| #define HAVE_MEMORY_H 1
| #define HAVE_STRINGS_H 1
| #define HAVE_INTTYPES_H 1
| #define HAVE_STDINT_H 1
| #define HAVE_UNISTD_H 1
| #define HAVE_DLFCN_H 1
| #define LT_OBJDIR ".libs/"
| /* end confdefs.h.  */
| 
| int
| main ()
| {
| #ifndef __clang__
|        error if not clang
| #endif
| 
|   ;
|   return 0;
| }
configure:16850: result: no
configure:16852: checking whether we are using gcc >= 4 C++ compiler
configure:16871: g++ -c -g -O2  conftest.cpp >&5
configure:16871: $? = 0
configure:16879: result: yes
configure:16913: checking whether to enable debugging information
configure:16951: result: no
configure:16968: checking whether to enable code coverage
configure:16999: result: no
configure:17006: checking if TIPC is available and supports nonblocking connect
configure:17047: gcc -std=gnu99 -o conftest -g -O2   conftest.c  >&5
configure:17047: $? = 0
configure:17047: ./conftest
configure:17047: $? = 255
configure: program exited with status 255
configure: failed program was:
| /* confdefs.h */
| #define PACKAGE_NAME "zeromq"
| #define PACKAGE_TARNAME "zeromq"
| #define PACKAGE_VERSION "4.1.2"
| #define PACKAGE_STRING "zeromq 4.1.2"
| #define PACKAGE_BUGREPORT "zeromq-dev@lists.zeromq.org"
| #define PACKAGE_URL ""
| #define PACKAGE "zeromq"
| #define VERSION "4.1.2"
| #define STDC_HEADERS 1
| #define HAVE_SYS_TYPES_H 1
| #define HAVE_SYS_STAT_H 1
| #define HAVE_STDLIB_H 1
| #define HAVE_STRING_H 1
| #define HAVE_MEMORY_H 1
| #define HAVE_STRINGS_H 1
| #define HAVE_INTTYPES_H 1
| #define HAVE_STDINT_H 1
| #define HAVE_UNISTD_H 1
| #define HAVE_DLFCN_H 1
| #define LT_OBJDIR ".libs/"
| /* end confdefs.h.  */
| 
|             #include <stdlib.h>
|             #include <string.h>
|             #include <fcntl.h>
|             #include <errno.h>
|             #include <sys/socket.h>
|             #include <linux/tipc.h>
| 
| int
| main ()
| {
| 
|             struct sockaddr_tipc topsrv;
|             int sd = socket(AF_TIPC, SOCK_SEQPACKET, 0);
|             if (sd == -EAFNOSUPPORT) {
|                 return 1;
|             }
|             memset(&topsrv, 0, sizeof(topsrv));
|             topsrv.family = AF_TIPC;
|             topsrv.addrtype = TIPC_ADDR_NAME;
|             topsrv.addr.name.name.type = TIPC_TOP_SRV;
|             topsrv.addr.name.name.instance = TIPC_TOP_SRV;
|             fcntl(sd, F_SETFL, O_NONBLOCK);
|             if (connect(sd, (struct sockaddr *)&topsrv, sizeof(topsrv)) != 0) {
|                 if (errno != EINPROGRESS)
|                     return -1;
|             }
| 
|   ;
|   return 0;
| }
| 
configure:17057: result: no
configure:17866: checking for pthread_create in -lpthread
configure:17891: gcc -std=gnu99 -o conftest -g -O2 -D_GNU_SOURCE -D_REENTRANT -D_THREAD_SAFE   conftest.c -lpthread   >&5
configure:17891: $? = 0
configure:17900: result: yes
configure:17911: checking for clock_gettime in -lrt
configure:17936: gcc -std=gnu99 -o conftest -g -O2 -D_GNU_SOURCE -D_REENTRANT -D_THREAD_SAFE   conftest.c -lrt  -lpthread  >&5
configure:17936: $? = 0
configure:17945: result: yes
configure:17978: checking whether C++ compiler supports -fvisibility=hidden
configure:18010: g++ -c -g -O2 -D_GNU_SOURCE -D_REENTRANT -D_THREAD_SAFE  -fvisibility=hidden conftest.cpp >&5
configure:18010: $? = 0
configure:18041: result: yes
configure:18127: checking whether C++ compiler supports dso visibility
configure:18131: result: yes
configure:18275: checking for asciidoc
configure:18303: result: no
configure:18313: checking for xmlto
configure:18341: result: no
configure:18367: checking whether to build documentation
configure:18369: result: no
configure:18372: checking whether to install manpages
configure:18374: result: yes
configure:18417: checking for suitable polling system
configure:18443: gcc -std=gnu99 -o conftest -g -O2 -D_GNU_SOURCE -D_REENTRANT -D_THREAD_SAFE   conftest.c -lrt -lpthread  >&5
conftest.c:28:23: fatal error: sys/event.h: No such file or directory
compilation terminated.
configure:18443: $? = 1
configure: failed program was:
| /* confdefs.h */
| #define PACKAGE_NAME "zeromq"
| #define PACKAGE_TARNAME "zeromq"
| #define PACKAGE_VERSION "4.1.2"
| #define PACKAGE_STRING "zeromq 4.1.2"
| #define PACKAGE_BUGREPORT "zeromq-dev@lists.zeromq.org"
| #define PACKAGE_URL ""
| #define PACKAGE "zeromq"
| #define VERSION "4.1.2"
| #define STDC_HEADERS 1
| #define HAVE_SYS_TYPES_H 1
| #define HAVE_SYS_STAT_H 1
| #define HAVE_STDLIB_H 1
| #define HAVE_STRING_H 1
| #define HAVE_MEMORY_H 1
| #define HAVE_STRINGS_H 1
| #define HAVE_INTTYPES_H 1
| #define HAVE_STDINT_H 1
| #define HAVE_UNISTD_H 1
| #define HAVE_DLFCN_H 1
| #define LT_OBJDIR ".libs/"
| #define ZMQ_HAVE_LINUX 1
| #define HAVE_LIBPTHREAD 1
| #define HAVE_LIBRT 1
| /* end confdefs.h.  */
| 
| #include <sys/types.h>
| #include <sys/event.h>
| #include <sys/time.h>
| 
| int
| main ()
| {
| 
| struct kevent t_kev;
| kqueue();
| 
| 
|   ;
|   return 0;
| }
configure:18503: gcc -std=gnu99 -o conftest -g -O2 -D_GNU_SOURCE -D_REENTRANT -D_THREAD_SAFE   conftest.c -lrt -lpthread  >&5
configure:18503: $? = 0
configure:18503: ./conftest
configure:18503: $? = 0
configure:18628: result: using epoll
configure:18637: checking for ANSI C header files
configure:18741: result: yes
configure:18764: checking errno.h usability
configure:18764: gcc -std=gnu99 -c -g -O2 -D_GNU_SOURCE -D_REENTRANT -D_THREAD_SAFE  -DZMQ_USE_EPOLL conftest.c >&5
configure:18764: $? = 0
configure:18764: result: yes
configure:18764: checking errno.h presence
configure:18764: gcc -std=gnu99 -E -D_GNU_SOURCE -D_REENTRANT -D_THREAD_SAFE  -DZMQ_USE_EPOLL conftest.c
configure:18764: $? = 0
configure:18764: result: yes
configure:18764: checking for errno.h
configure:18764: result: yes
configure:18764: checking time.h usability
configure:18764: gcc -std=gnu99 -c -g -O2 -D_GNU_SOURCE -D_REENTRANT -D_THREAD_SAFE  -DZMQ_USE_EPOLL conftest.c >&5
configure:18764: $? = 0
configure:18764: result: yes
configure:18764: checking time.h presence
configure:18764: gcc -std=gnu99 -E -D_GNU_SOURCE -D_REENTRANT -D_THREAD_SAFE  -DZMQ_USE_EPOLL conftest.c
configure:18764: $? = 0
configure:18764: result: yes
configure:18764: checking for time.h
configure:18764: result: yes
configure:18764: checking for unistd.h
configure:18764: result: yes
configure:18764: checking limits.h usability
configure:18764: gcc -std=gnu99 -c -g -O2 -D_GNU_SOURCE -D_REENTRANT -D_THREAD_SAFE  -DZMQ_USE_EPOLL conftest.c >&5
configure:18764: $? = 0
configure:18764: result: yes
configure:18764: checking limits.h presence
configure:18764: gcc -std=gnu99 -E -D_GNU_SOURCE -D_REENTRANT -D_THREAD_SAFE  -DZMQ_USE_EPOLL conftest.c
configure:18764: $? = 0
configure:18764: result: yes
configure:18764: checking for limits.h
configure:18764: result: yes
configure:18764: checking stddef.h usability
configure:18764: gcc -std=gnu99 -c -g -O2 -D_GNU_SOURCE -D_REENTRANT -D_THREAD_SAFE  -DZMQ_USE_EPOLL conftest.c >&5
configure:18764: $? = 0
configure:18764: result: yes
configure:18764: checking stddef.h presence
configure:18764: gcc -std=gnu99 -E -D_GNU_SOURCE -D_REENTRANT -D_THREAD_SAFE  -DZMQ_USE_EPOLL conftest.c
configure:18764: $? = 0
configure:18764: result: yes
configure:18764: checking for stddef.h
configure:18764: result: yes
configure:18764: checking for stdlib.h
configure:18764: result: yes
configure:18764: checking for string.h
configure:18764: result: yes
configure:18764: checking arpa/inet.h usability
configure:18764: gcc -std=gnu99 -c -g -O2 -D_GNU_SOURCE -D_REENTRANT -D_THREAD_SAFE  -DZMQ_USE_EPOLL conftest.c >&5
configure:18764: $? = 0
configure:18764: result: yes
configure:18764: checking arpa/inet.h presence
configure:18764: gcc -std=gnu99 -E -D_GNU_SOURCE -D_REENTRANT -D_THREAD_SAFE  -DZMQ_USE_EPOLL conftest.c
configure:18764: $? = 0
configure:18764: result: yes
configure:18764: checking for arpa/inet.h
configure:18764: result: yes
configure:18764: checking netinet/tcp.h usability
configure:18764: gcc -std=gnu99 -c -g -O2 -D_GNU_SOURCE -D_REENTRANT -D_THREAD_SAFE  -DZMQ_USE_EPOLL conftest.c >&5
configure:18764: $? = 0
configure:18764: result: yes
configure:18764: checking netinet/tcp.h presence
configure:18764: gcc -std=gnu99 -E -D_GNU_SOURCE -D_REENTRANT -D_THREAD_SAFE  -DZMQ_USE_EPOLL conftest.c
configure:18764: $? = 0
configure:18764: result: yes
configure:18764: checking for netinet/tcp.h
configure:18764: result: yes
configure:18764: checking netinet/in.h usability
configure:18764: gcc -std=gnu99 -c -g -O2 -D_GNU_SOURCE -D_REENTRANT -D_THREAD_SAFE  -DZMQ_USE_EPOLL conftest.c >&5
configure:18764: $? = 0
configure:18764: result: yes
configure:18764: checking netinet/in.h presence
configure:18764: gcc -std=gnu99 -E -D_GNU_SOURCE -D_REENTRANT -D_THREAD_SAFE  -DZMQ_USE_EPOLL conftest.c
configure:18764: $? = 0
configure:18764: result: yes
configure:18764: checking for netinet/in.h
configure:18764: result: yes
configure:18764: checking sys/socket.h usability
configure:18764: gcc -std=gnu99 -c -g -O2 -D_GNU_SOURCE -D_REENTRANT -D_THREAD_SAFE  -DZMQ_USE_EPOLL conftest.c >&5
configure:18764: $? = 0
configure:18764: result: yes
configure:18764: checking sys/socket.h presence
configure:18764: gcc -std=gnu99 -E -D_GNU_SOURCE -D_REENTRANT -D_THREAD_SAFE  -DZMQ_USE_EPOLL conftest.c
configure:18764: $? = 0
configure:18764: result: yes
configure:18764: checking for sys/socket.h
configure:18764: result: yes
configure:18764: checking sys/time.h usability
configure:18764: gcc -std=gnu99 -c -g -O2 -D_GNU_SOURCE -D_REENTRANT -D_THREAD_SAFE  -DZMQ_USE_EPOLL conftest.c >&5
configure:18764: $? = 0
configure:18764: result: yes
configure:18764: checking sys/time.h presence
configure:18764: gcc -std=gnu99 -E -D_GNU_SOURCE -D_REENTRANT -D_THREAD_SAFE  -DZMQ_USE_EPOLL conftest.c
configure:18764: $? = 0
configure:18764: result: yes
configure:18764: checking for sys/time.h
configure:18764: result: yes
configure:18778: checking ifaddrs.h usability
configure:18778: gcc -std=gnu99 -c -g -O2 -D_GNU_SOURCE -D_REENTRANT -D_THREAD_SAFE  -DZMQ_USE_EPOLL conftest.c >&5
configure:18778: $? = 0
configure:18778: result: yes
configure:18778: checking ifaddrs.h presence
configure:18778: gcc -std=gnu99 -E -D_GNU_SOURCE -D_REENTRANT -D_THREAD_SAFE  -DZMQ_USE_EPOLL conftest.c
configure:18778: $? = 0
configure:18778: result: yes
configure:18778: checking for ifaddrs.h
configure:18778: result: yes
configure:18794: checking sys/uio.h usability
configure:18794: gcc -std=gnu99 -c -g -O2 -D_GNU_SOURCE -D_REENTRANT -D_THREAD_SAFE  -DZMQ_USE_EPOLL conftest.c >&5
configure:18794: $? = 0
configure:18794: result: yes
configure:18794: checking sys/uio.h presence
configure:18794: gcc -std=gnu99 -E -D_GNU_SOURCE -D_REENTRANT -D_THREAD_SAFE  -DZMQ_USE_EPOLL conftest.c
configure:18794: $? = 0
configure:18794: result: yes
configure:18794: checking for sys/uio.h
configure:18794: result: yes
configure:18820: checking sys/eventfd.h usability
configure:18820: gcc -std=gnu99 -c -g -O2 -D_GNU_SOURCE -D_REENTRANT -D_THREAD_SAFE  -DZMQ_USE_EPOLL conftest.c >&5
configure:18820: $? = 0
configure:18820: result: yes
configure:18820: checking sys/eventfd.h presence
configure:18820: gcc -std=gnu99 -E -D_GNU_SOURCE -D_REENTRANT -D_THREAD_SAFE  -DZMQ_USE_EPOLL conftest.c
configure:18820: $? = 0
configure:18820: result: yes
configure:18820: checking for sys/eventfd.h
configure:18820: result: yes
configure:18842: checking whether SO_PEERCRED is declared
configure:18842: g++ -c -g -O2 -D_GNU_SOURCE -D_REENTRANT -D_THREAD_SAFE  -DZMQ_USE_EPOLL conftest.cpp >&5
configure:18842: $? = 0
configure:18842: result: yes
configure:18860: checking whether LOCAL_PEERCRED is declared
configure:18860: g++ -c -g -O2 -D_GNU_SOURCE -D_REENTRANT -D_THREAD_SAFE  -DZMQ_USE_EPOLL conftest.cpp >&5
conftest.cpp: In function 'int main()':
conftest.cpp:54:10: error: 'LOCAL_PEERCRED' was not declared in this scope
configure:18860: $? = 1
configure: failed program was:
| /* confdefs.h */
| #define PACKAGE_NAME "zeromq"
| #define PACKAGE_TARNAME "zeromq"
| #define PACKAGE_VERSION "4.1.2"
| #define PACKAGE_STRING "zeromq 4.1.2"
| #define PACKAGE_BUGREPORT "zeromq-dev@lists.zeromq.org"
| #define PACKAGE_URL ""
| #define PACKAGE "zeromq"
| #define VERSION "4.1.2"
| #define STDC_HEADERS 1
| #define HAVE_SYS_TYPES_H 1
| #define HAVE_SYS_STAT_H 1
| #define HAVE_STDLIB_H 1
| #define HAVE_STRING_H 1
| #define HAVE_MEMORY_H 1
| #define HAVE_STRINGS_H 1
| #define HAVE_INTTYPES_H 1
| #define HAVE_STDINT_H 1
| #define HAVE_UNISTD_H 1
| #define HAVE_DLFCN_H 1
| #define LT_OBJDIR ".libs/"
| #define ZMQ_HAVE_LINUX 1
| #define HAVE_LIBPTHREAD 1
| #define HAVE_LIBRT 1
| #define STDC_HEADERS 1
| #define HAVE_ERRNO_H 1
| #define HAVE_TIME_H 1
| #define HAVE_UNISTD_H 1
| #define HAVE_LIMITS_H 1
| #define HAVE_STDDEF_H 1
| #define HAVE_STDLIB_H 1
| #define HAVE_STRING_H 1
| #define HAVE_ARPA_INET_H 1
| #define HAVE_NETINET_TCP_H 1
| #define HAVE_NETINET_IN_H 1
| #define HAVE_SYS_SOCKET_H 1
| #define HAVE_SYS_TIME_H 1
| #define HAVE_IFADDRS_H 1
| #define ZMQ_HAVE_IFADDRS 1
| #define HAVE_SYS_UIO_H 1
| #define ZMQ_HAVE_UIO 1
| #define HAVE_SYS_EVENTFD_H 1
| #define ZMQ_HAVE_EVENTFD 1
| #define HAVE_DECL_SO_PEERCRED 1
| #define ZMQ_HAVE_SO_PEERCRED 1
| /* end confdefs.h.  */
| #include <sys/socket.h>
| 
| int
| main ()
| {
| #ifndef LOCAL_PEERCRED
| #ifdef __cplusplus
|   (void) LOCAL_PEERCRED;
| #else
|   (void) LOCAL_PEERCRED;
| #endif
| #endif
| 
|   ;
|   return 0;
| }
configure:18860: result: no
configure:18887: checking for stdbool.h that conforms to C99
configure:18954: g++ -c -g -O2 -D_GNU_SOURCE -D_REENTRANT -D_THREAD_SAFE  -DZMQ_USE_EPOLL conftest.cpp >&5
configure:18954: $? = 0
configure:18961: result: yes
configure:18963: checking for _Bool
configure:18963: g++ -c -g -O2 -D_GNU_SOURCE -D_REENTRANT -D_THREAD_SAFE  -DZMQ_USE_EPOLL conftest.cpp >&5
conftest.cpp: In function 'int main()':
conftest.cpp:84:13: error: '_Bool' was not declared in this scope
configure:18963: $? = 1
configure: failed program was:
| /* confdefs.h */
| #define PACKAGE_NAME "zeromq"
| #define PACKAGE_TARNAME "zeromq"
| #define PACKAGE_VERSION "4.1.2"
| #define PACKAGE_STRING "zeromq 4.1.2"
| #define PACKAGE_BUGREPORT "zeromq-dev@lists.zeromq.org"
| #define PACKAGE_URL ""
| #define PACKAGE "zeromq"
| #define VERSION "4.1.2"
| #define STDC_HEADERS 1
| #define HAVE_SYS_TYPES_H 1
| #define HAVE_SYS_STAT_H 1
| #define HAVE_STDLIB_H 1
| #define HAVE_STRING_H 1
| #define HAVE_MEMORY_H 1
| #define HAVE_STRINGS_H 1
| #define HAVE_INTTYPES_H 1
| #define HAVE_STDINT_H 1
| #define HAVE_UNISTD_H 1
| #define HAVE_DLFCN_H 1
| #define LT_OBJDIR ".libs/"
| #define ZMQ_HAVE_LINUX 1
| #define HAVE_LIBPTHREAD 1
| #define HAVE_LIBRT 1
| #define STDC_HEADERS 1
| #define HAVE_ERRNO_H 1
| #define HAVE_TIME_H 1
| #define HAVE_UNISTD_H 1
| #define HAVE_LIMITS_H 1
| #define HAVE_STDDEF_H 1
| #define HAVE_STDLIB_H 1
| #define HAVE_STRING_H 1
| #define HAVE_ARPA_INET_H 1
| #define HAVE_NETINET_TCP_H 1
| #define HAVE_NETINET_IN_H 1
| #define HAVE_SYS_SOCKET_H 1
| #define HAVE_SYS_TIME_H 1
| #define HAVE_IFADDRS_H 1
| #define ZMQ_HAVE_IFADDRS 1
| #define HAVE_SYS_UIO_H 1
| #define ZMQ_HAVE_UIO 1
| #define HAVE_SYS_EVENTFD_H 1
| #define ZMQ_HAVE_EVENTFD 1
| #define HAVE_DECL_SO_PEERCRED 1
| #define ZMQ_HAVE_SO_PEERCRED 1
| #define HAVE_DECL_LOCAL_PEERCRED 0
| /* end confdefs.h.  */
| #include <stdio.h>
| #ifdef HAVE_SYS_TYPES_H
| # include <sys/types.h>
| #endif
| #ifdef HAVE_SYS_STAT_H
| # include <sys/stat.h>
| #endif
| #ifdef STDC_HEADERS
| # include <stdlib.h>
| # include <stddef.h>
| #else
| # ifdef HAVE_STDLIB_H
| #  include <stdlib.h>
| # endif
| #endif
| #ifdef HAVE_STRING_H
| # if !defined STDC_HEADERS && defined HAVE_MEMORY_H
| #  include <memory.h>
| # endif
| # include <string.h>
| #endif
| #ifdef HAVE_STRINGS_H
| # include <strings.h>
| #endif
| #ifdef HAVE_INTTYPES_H
| # include <inttypes.h>
| #endif
| #ifdef HAVE_STDINT_H
| # include <stdint.h>
| #endif
| #ifdef HAVE_UNISTD_H
| # include <unistd.h>
| #endif
| int
| main ()
| {
| if (sizeof (_Bool))
| 	 return 0;
|   ;
|   return 0;
| }
configure:18963: result: no
configure:18979: checking for an ANSI C-conforming const
configure:19044: g++ -c -g -O2 -D_GNU_SOURCE -D_REENTRANT -D_THREAD_SAFE  -DZMQ_USE_EPOLL conftest.cpp >&5
configure:19044: $? = 0
configure:19051: result: yes
configure:19059: checking for inline
configure:19075: g++ -c -g -O2 -D_GNU_SOURCE -D_REENTRANT -D_THREAD_SAFE  -DZMQ_USE_EPOLL conftest.cpp >&5
configure:19075: $? = 0
configure:19083: result: inline
configure:19151: checking for size_t
configure:19151: g++ -c -g -O2 -D_GNU_SOURCE -D_REENTRANT -D_THREAD_SAFE  -DZMQ_USE_EPOLL conftest.cpp >&5
configure:19151: $? = 0
configure:19151: g++ -c -g -O2 -D_GNU_SOURCE -D_REENTRANT -D_THREAD_SAFE  -DZMQ_USE_EPOLL conftest.cpp >&5
conftest.cpp: In function 'int main()':
conftest.cpp:85:20: error: expected primary-expression before ')' token
configure:19151: $? = 1
configure: failed program was:
| /* confdefs.h */
| #define PACKAGE_NAME "zeromq"
| #define PACKAGE_TARNAME "zeromq"
| #define PACKAGE_VERSION "4.1.2"
| #define PACKAGE_STRING "zeromq 4.1.2"
| #define PACKAGE_BUGREPORT "zeromq-dev@lists.zeromq.org"
| #define PACKAGE_URL ""
| #define PACKAGE "zeromq"
| #define VERSION "4.1.2"
| #define STDC_HEADERS 1
| #define HAVE_SYS_TYPES_H 1
| #define HAVE_SYS_STAT_H 1
| #define HAVE_STDLIB_H 1
| #define HAVE_STRING_H 1
| #define HAVE_MEMORY_H 1
| #define HAVE_STRINGS_H 1
| #define HAVE_INTTYPES_H 1
| #define HAVE_STDINT_H 1
| #define HAVE_UNISTD_H 1
| #define HAVE_DLFCN_H 1
| #define LT_OBJDIR ".libs/"
| #define ZMQ_HAVE_LINUX 1
| #define HAVE_LIBPTHREAD 1
| #define HAVE_LIBRT 1
| #define STDC_HEADERS 1
| #define HAVE_ERRNO_H 1
| #define HAVE_TIME_H 1
| #define HAVE_UNISTD_H 1
| #define HAVE_LIMITS_H 1
| #define HAVE_STDDEF_H 1
| #define HAVE_STDLIB_H 1
| #define HAVE_STRING_H 1
| #define HAVE_ARPA_INET_H 1
| #define HAVE_NETINET_TCP_H 1
| #define HAVE_NETINET_IN_H 1
| #define HAVE_SYS_SOCKET_H 1
| #define HAVE_SYS_TIME_H 1
| #define HAVE_IFADDRS_H 1
| #define ZMQ_HAVE_IFADDRS 1
| #define HAVE_SYS_UIO_H 1
| #define ZMQ_HAVE_UIO 1
| #define HAVE_SYS_EVENTFD_H 1
| #define ZMQ_HAVE_EVENTFD 1
| #define HAVE_DECL_SO_PEERCRED 1
| #define ZMQ_HAVE_SO_PEERCRED 1
| #define HAVE_DECL_LOCAL_PEERCRED 0
| #define HAVE_STDBOOL_H 1
| /* end confdefs.h.  */
| #include <stdio.h>
| #ifdef HAVE_SYS_TYPES_H
| # include <sys/types.h>
| #endif
| #ifdef HAVE_SYS_STAT_H
| # include <sys/stat.h>
| #endif
| #ifdef STDC_HEADERS
| # include <stdlib.h>
| # include <stddef.h>
| #else
| # ifdef HAVE_STDLIB_H
| #  include <stdlib.h>
| # endif
| #endif
| #ifdef HAVE_STRING_H
| # if !defined STDC_HEADERS && defined HAVE_MEMORY_H
| #  include <memory.h>
| # endif
| # include <string.h>
| #endif
| #ifdef HAVE_STRINGS_H
| # include <strings.h>
| #endif
| #ifdef HAVE_INTTYPES_H
| # include <inttypes.h>
| #endif
| #ifdef HAVE_STDINT_H
| # include <stdint.h>
| #endif
| #ifdef HAVE_UNISTD_H
| # include <unistd.h>
| #endif
| int
| main ()
| {
| if (sizeof ((size_t)))
| 	    return 0;
|   ;
|   return 0;
| }
configure:19151: result: yes
configure:19162: checking for ssize_t
configure:19162: g++ -c -g -O2 -D_GNU_SOURCE -D_REENTRANT -D_THREAD_SAFE  -DZMQ_USE_EPOLL conftest.cpp >&5
configure:19162: $? = 0
configure:19162: g++ -c -g -O2 -D_GNU_SOURCE -D_REENTRANT -D_THREAD_SAFE  -DZMQ_USE_EPOLL conftest.cpp >&5
conftest.cpp: In function 'int main()':
conftest.cpp:85:21: error: expected primary-expression before ')' token
configure:19162: $? = 1
configure: failed program was:
| /* confdefs.h */
| #define PACKAGE_NAME "zeromq"
| #define PACKAGE_TARNAME "zeromq"
| #define PACKAGE_VERSION "4.1.2"
| #define PACKAGE_STRING "zeromq 4.1.2"
| #define PACKAGE_BUGREPORT "zeromq-dev@lists.zeromq.org"
| #define PACKAGE_URL ""
| #define PACKAGE "zeromq"
| #define VERSION "4.1.2"
| #define STDC_HEADERS 1
| #define HAVE_SYS_TYPES_H 1
| #define HAVE_SYS_STAT_H 1
| #define HAVE_STDLIB_H 1
| #define HAVE_STRING_H 1
| #define HAVE_MEMORY_H 1
| #define HAVE_STRINGS_H 1
| #define HAVE_INTTYPES_H 1
| #define HAVE_STDINT_H 1
| #define HAVE_UNISTD_H 1
| #define HAVE_DLFCN_H 1
| #define LT_OBJDIR ".libs/"
| #define ZMQ_HAVE_LINUX 1
| #define HAVE_LIBPTHREAD 1
| #define HAVE_LIBRT 1
| #define STDC_HEADERS 1
| #define HAVE_ERRNO_H 1
| #define HAVE_TIME_H 1
| #define HAVE_UNISTD_H 1
| #define HAVE_LIMITS_H 1
| #define HAVE_STDDEF_H 1
| #define HAVE_STDLIB_H 1
| #define HAVE_STRING_H 1
| #define HAVE_ARPA_INET_H 1
| #define HAVE_NETINET_TCP_H 1
| #define HAVE_NETINET_IN_H 1
| #define HAVE_SYS_SOCKET_H 1
| #define HAVE_SYS_TIME_H 1
| #define HAVE_IFADDRS_H 1
| #define ZMQ_HAVE_IFADDRS 1
| #define HAVE_SYS_UIO_H 1
| #define ZMQ_HAVE_UIO 1
| #define HAVE_SYS_EVENTFD_H 1
| #define ZMQ_HAVE_EVENTFD 1
| #define HAVE_DECL_SO_PEERCRED 1
| #define ZMQ_HAVE_SO_PEERCRED 1
| #define HAVE_DECL_LOCAL_PEERCRED 0
| #define HAVE_STDBOOL_H 1
| /* end confdefs.h.  */
| #include <stdio.h>
| #ifdef HAVE_SYS_TYPES_H
| # include <sys/types.h>
| #endif
| #ifdef HAVE_SYS_STAT_H
| # include <sys/stat.h>
| #endif
| #ifdef STDC_HEADERS
| # include <stdlib.h>
| # include <stddef.h>
| #else
| # ifdef HAVE_STDLIB_H
| #  include <stdlib.h>
| # endif
| #endif
| #ifdef HAVE_STRING_H
| # if !defined STDC_HEADERS && defined HAVE_MEMORY_H
| #  include <memory.h>
| # endif
| # include <string.h>
| #endif
| #ifdef HAVE_STRINGS_H
| # include <strings.h>
| #endif
| #ifdef HAVE_INTTYPES_H
| # include <inttypes.h>
| #endif
| #ifdef HAVE_STDINT_H
| # include <stdint.h>
| #endif
| #ifdef HAVE_UNISTD_H
| # include <unistd.h>
| #endif
| int
| main ()
| {
| if (sizeof ((ssize_t)))
| 	    return 0;
|   ;
|   return 0;
| }
configure:19162: result: yes
configure:19175: checking whether time.h and sys/time.h may both be included
configure:19195: g++ -c -g -O2 -D_GNU_SOURCE -D_REENTRANT -D_THREAD_SAFE  -DZMQ_USE_EPOLL conftest.cpp >&5
configure:19195: $? = 0
configure:19202: result: yes
configure:19210: checking for uint32_t
configure:19210: g++ -c -g -O2 -D_GNU_SOURCE -D_REENTRANT -D_THREAD_SAFE  -DZMQ_USE_EPOLL conftest.cpp >&5
configure:19210: $? = 0
configure:19210: result: yes
configure:19224: checking for working volatile
configure:19243: g++ -c -g -O2 -D_GNU_SOURCE -D_REENTRANT -D_THREAD_SAFE  -DZMQ_USE_EPOLL conftest.cpp >&5
configure:19243: $? = 0
configure:19250: result: yes
configure:19336: checking for sodium
configure:19343: $PKG_CONFIG --exists --print-errors "libsodium"
configure:19346: $? = 0
configure:19360: $PKG_CONFIG --exists --print-errors "libsodium"
configure:19363: $? = 0
configure:19421: result: yes
configure:19739: checking "with_norm_ext = no"
configure:19767: checking how to enable additional warnings for C++ compiler
configure:19802: result: -Wall
configure:19814: checking how to turn warnings to errors in C++ compiler
configure:19845: result: -Werror
configure:19858: checking how to enable strict standards compliance in C++ compiler
configure:19893: result: -pedantic
configure:19944: checking return type of signal handlers
configure:19962: g++ -c -g -O2 -pedantic -Werror -Wall -D_GNU_SOURCE -D_REENTRANT -D_THREAD_SAFE  -DZMQ_USE_EPOLL conftest.cpp >&5
conftest.cpp: In function 'int main()':
conftest.cpp:57:27: error: void value not ignored as it ought to be
configure:19962: $? = 1
configure: failed program was:
| /* confdefs.h */
| #define PACKAGE_NAME "zeromq"
| #define PACKAGE_TARNAME "zeromq"
| #define PACKAGE_VERSION "4.1.2"
| #define PACKAGE_STRING "zeromq 4.1.2"
| #define PACKAGE_BUGREPORT "zeromq-dev@lists.zeromq.org"
| #define PACKAGE_URL ""
| #define PACKAGE "zeromq"
| #define VERSION "4.1.2"
| #define STDC_HEADERS 1
| #define HAVE_SYS_TYPES_H 1
| #define HAVE_SYS_STAT_H 1
| #define HAVE_STDLIB_H 1
| #define HAVE_STRING_H 1
| #define HAVE_MEMORY_H 1
| #define HAVE_STRINGS_H 1
| #define HAVE_INTTYPES_H 1
| #define HAVE_STDINT_H 1
| #define HAVE_UNISTD_H 1
| #define HAVE_DLFCN_H 1
| #define LT_OBJDIR ".libs/"
| #define ZMQ_HAVE_LINUX 1
| #define HAVE_LIBPTHREAD 1
| #define HAVE_LIBRT 1
| #define STDC_HEADERS 1
| #define HAVE_ERRNO_H 1
| #define HAVE_TIME_H 1
| #define HAVE_UNISTD_H 1
| #define HAVE_LIMITS_H 1
| #define HAVE_STDDEF_H 1
| #define HAVE_STDLIB_H 1
| #define HAVE_STRING_H 1
| #define HAVE_ARPA_INET_H 1
| #define HAVE_NETINET_TCP_H 1
| #define HAVE_NETINET_IN_H 1
| #define HAVE_SYS_SOCKET_H 1
| #define HAVE_SYS_TIME_H 1
| #define HAVE_IFADDRS_H 1
| #define ZMQ_HAVE_IFADDRS 1
| #define HAVE_SYS_UIO_H 1
| #define ZMQ_HAVE_UIO 1
| #define HAVE_SYS_EVENTFD_H 1
| #define ZMQ_HAVE_EVENTFD 1
| #define HAVE_DECL_SO_PEERCRED 1
| #define ZMQ_HAVE_SO_PEERCRED 1
| #define HAVE_DECL_LOCAL_PEERCRED 0
| #define HAVE_STDBOOL_H 1
| #define TIME_WITH_SYS_TIME 1
| #define HAVE_LIBSODIUM 1
| /* end confdefs.h.  */
| #include <sys/types.h>
| #include <signal.h>
| 
| int
| main ()
| {
| return *(signal (0, 0)) (0) == 1;
|   ;
|   return 0;
| }
configure:19969: result: void
configure:19980: checking for perror
configure:19980: g++ -o conftest -g -O2 -pedantic -Werror -Wall -D_GNU_SOURCE -D_REENTRANT -D_THREAD_SAFE  -DZMQ_USE_EPOLL  conftest.cpp -lrt -lpthread  >&5
configure:19980: $? = 0
configure:19980: result: yes
configure:19980: checking for gettimeofday
configure:19980: g++ -o conftest -g -O2 -pedantic -Werror -Wall -D_GNU_SOURCE -D_REENTRANT -D_THREAD_SAFE  -DZMQ_USE_EPOLL  conftest.cpp -lrt -lpthread  >&5
configure:19980: $? = 0
configure:19980: result: yes
configure:19980: checking for clock_gettime
configure:19980: g++ -o conftest -g -O2 -pedantic -Werror -Wall -D_GNU_SOURCE -D_REENTRANT -D_THREAD_SAFE  -DZMQ_USE_EPOLL  conftest.cpp -lrt -lpthread  >&5
configure:19980: $? = 0
configure:19980: result: yes
configure:19980: checking for memset
configure:19980: g++ -o conftest -g -O2 -pedantic -Werror -Wall -D_GNU_SOURCE -D_REENTRANT -D_THREAD_SAFE  -DZMQ_USE_EPOLL  conftest.cpp -lrt -lpthread  >&5
configure:19980: $? = 0
configure:19980: result: yes
configure:19980: checking for socket
configure:19980: g++ -o conftest -g -O2 -pedantic -Werror -Wall -D_GNU_SOURCE -D_REENTRANT -D_THREAD_SAFE  -DZMQ_USE_EPOLL  conftest.cpp -lrt -lpthread  >&5
configure:19980: $? = 0
configure:19980: result: yes
configure:19980: checking for getifaddrs
configure:19980: g++ -o conftest -g -O2 -pedantic -Werror -Wall -D_GNU_SOURCE -D_REENTRANT -D_THREAD_SAFE  -DZMQ_USE_EPOLL  conftest.cpp -lrt -lpthread  >&5
configure:19980: $? = 0
configure:19980: result: yes
configure:19980: checking for freeifaddrs
configure:19980: g++ -o conftest -g -O2 -pedantic -Werror -Wall -D_GNU_SOURCE -D_REENTRANT -D_THREAD_SAFE  -DZMQ_USE_EPOLL  conftest.cpp -lrt -lpthread  >&5
configure:19980: $? = 0
configure:19980: result: yes
configure:19980: checking for fork
configure:19980: g++ -o conftest -g -O2 -pedantic -Werror -Wall -D_GNU_SOURCE -D_REENTRANT -D_THREAD_SAFE  -DZMQ_USE_EPOLL  conftest.cpp -lrt -lpthread  >&5
configure:19980: $? = 0
configure:19980: result: yes
configure:19992: checking alloca.h usability
configure:19992: g++ -c -g -O2 -pedantic -Werror -Wall -D_GNU_SOURCE -D_REENTRANT -D_THREAD_SAFE  -DZMQ_USE_EPOLL conftest.cpp >&5
configure:19992: $? = 0
configure:19992: result: yes
configure:19992: checking alloca.h presence
configure:19992: g++ -E -pedantic -Werror -Wall -D_GNU_SOURCE -D_REENTRANT -D_THREAD_SAFE  -DZMQ_USE_EPOLL conftest.cpp
configure:19992: $? = 0
configure:19992: result: yes
configure:19992: checking for alloca.h
configure:19992: result: yes
configure:20004: checking whether SOCK_CLOEXEC is supported
configure:20024: g++ -o conftest -g -O2 -pedantic -Werror -Wall -D_GNU_SOURCE -D_REENTRANT -D_THREAD_SAFE  -DZMQ_USE_EPOLL  conftest.cpp -lrt -lpthread  >&5
configure:20024: $? = 0
configure:20024: ./conftest
configure:20024: $? = 0
configure:20025: result: yes
configure:20043: checking whether SO_KEEPALIVE is supported
configure:20066: g++ -o conftest -g -O2 -pedantic -Werror -Wall -D_GNU_SOURCE -D_REENTRANT -D_THREAD_SAFE  -DZMQ_USE_EPOLL  conftest.cpp -lrt -lpthread  >&5
configure:20066: $? = 0
configure:20066: ./conftest
configure:20066: $? = 0
configure:20067: result: yes
configure:20084: checking whether TCP_KEEPCNT is supported
configure:20110: g++ -o conftest -g -O2 -pedantic -Werror -Wall -D_GNU_SOURCE -D_REENTRANT -D_THREAD_SAFE  -DZMQ_USE_EPOLL  conftest.cpp -lrt -lpthread  >&5
configure:20110: $? = 0
configure:20110: ./conftest
configure:20110: $? = 0
configure:20111: result: yes
configure:20128: checking whether TCP_KEEPIDLE is supported
configure:20154: g++ -o conftest -g -O2 -pedantic -Werror -Wall -D_GNU_SOURCE -D_REENTRANT -D_THREAD_SAFE  -DZMQ_USE_EPOLL  conftest.cpp -lrt -lpthread  >&5
configure:20154: $? = 0
configure:20154: ./conftest
configure:20154: $? = 0
configure:20155: result: yes
configure:20172: checking whether TCP_KEEPINTVL is supported
configure:20198: g++ -o conftest -g -O2 -pedantic -Werror -Wall -D_GNU_SOURCE -D_REENTRANT -D_THREAD_SAFE  -DZMQ_USE_EPOLL  conftest.cpp -lrt -lpthread  >&5
configure:20198: $? = 0
configure:20198: ./conftest
configure:20198: $? = 0
configure:20199: result: yes
configure:20216: checking whether TCP_KEEPALIVE is supported
configure:20242: g++ -o conftest -g -O2 -pedantic -Werror -Wall -D_GNU_SOURCE -D_REENTRANT -D_THREAD_SAFE  -DZMQ_USE_EPOLL  conftest.cpp -lrt -lpthread  >&5
conftest.cpp: In function 'int main(int, char**)':
conftest.cpp:78:44: error: 'TCP_KEEPALIVE' was not declared in this scope
configure:20242: $? = 1
configure: program exited with status 1
configure: failed program was:
| /* confdefs.h */
| #define PACKAGE_NAME "zeromq"
| #define PACKAGE_TARNAME "zeromq"
| #define PACKAGE_VERSION "4.1.2"
| #define PACKAGE_STRING "zeromq 4.1.2"
| #define PACKAGE_BUGREPORT "zeromq-dev@lists.zeromq.org"
| #define PACKAGE_URL ""
| #define PACKAGE "zeromq"
| #define VERSION "4.1.2"
| #define STDC_HEADERS 1
| #define HAVE_SYS_TYPES_H 1
| #define HAVE_SYS_STAT_H 1
| #define HAVE_STDLIB_H 1
| #define HAVE_STRING_H 1
| #define HAVE_MEMORY_H 1
| #define HAVE_STRINGS_H 1
| #define HAVE_INTTYPES_H 1
| #define HAVE_STDINT_H 1
| #define HAVE_UNISTD_H 1
| #define HAVE_DLFCN_H 1
| #define LT_OBJDIR ".libs/"
| #define ZMQ_HAVE_LINUX 1
| #define HAVE_LIBPTHREAD 1
| #define HAVE_LIBRT 1
| #define STDC_HEADERS 1
| #define HAVE_ERRNO_H 1
| #define HAVE_TIME_H 1
| #define HAVE_UNISTD_H 1
| #define HAVE_LIMITS_H 1
| #define HAVE_STDDEF_H 1
| #define HAVE_STDLIB_H 1
| #define HAVE_STRING_H 1
| #define HAVE_ARPA_INET_H 1
| #define HAVE_NETINET_TCP_H 1
| #define HAVE_NETINET_IN_H 1
| #define HAVE_SYS_SOCKET_H 1
| #define HAVE_SYS_TIME_H 1
| #define HAVE_IFADDRS_H 1
| #define ZMQ_HAVE_IFADDRS 1
| #define HAVE_SYS_UIO_H 1
| #define ZMQ_HAVE_UIO 1
| #define HAVE_SYS_EVENTFD_H 1
| #define ZMQ_HAVE_EVENTFD 1
| #define HAVE_DECL_SO_PEERCRED 1
| #define ZMQ_HAVE_SO_PEERCRED 1
| #define HAVE_DECL_LOCAL_PEERCRED 0
| #define HAVE_STDBOOL_H 1
| #define TIME_WITH_SYS_TIME 1
| #define HAVE_LIBSODIUM 1
| #define RETSIGTYPE void
| #define HAVE_PERROR 1
| #define HAVE_GETTIMEOFDAY 1
| #define HAVE_CLOCK_GETTIME 1
| #define HAVE_MEMSET 1
| #define HAVE_SOCKET 1
| #define HAVE_GETIFADDRS 1
| #define HAVE_FREEIFADDRS 1
| #define HAVE_FORK 1
| #define HAVE_ALLOCA_H 1
| #define ZMQ_HAVE_SOCK_CLOEXEC 1
| #define ZMQ_HAVE_SO_KEEPALIVE 1
| #define ZMQ_HAVE_TCP_KEEPCNT 1
| #define ZMQ_HAVE_TCP_KEEPIDLE 1
| #define ZMQ_HAVE_TCP_KEEPINTVL 1
| /* end confdefs.h.  */
| /* TCP_KEEPALIVE test */
| #include <sys/types.h>
| #include <sys/socket.h>
| #include <netinet/in.h>
| #include <netinet/tcp.h>
| 
| int main (int argc, char *argv [])
| {
|     int s, rc, opt = 1;
|     return (
|         ((s = socket (PF_INET, SOCK_STREAM, 0)) == -1) ||
|         ((rc = setsockopt (s, SOL_SOCKET, SO_KEEPALIVE, (char*) &opt, sizeof (int))) == -1) ||
|         ((rc = setsockopt (s, IPPROTO_TCP, TCP_KEEPALIVE, (char*) &opt, sizeof (int))) == -1)
|     );
| }
| 
configure:20250: result: no
configure:20461: creating ./config.status

## ---------------------- ##
## Running config.status. ##
## ---------------------- ##

This file was extended by zeromq config.status 4.1.2, which was
generated by GNU Autoconf 2.68.  Invocation command line was

  CONFIG_FILES    = 
  CONFIG_HEADERS  = 
  CONFIG_LINKS    = 
  CONFIG_COMMANDS = 
  $ ./config.status 

on testing-worker-linux-5590757e-2-532-linux-13-88867829

config.status:1240: creating Makefile
config.status:1240: creating src/libzmq.pc
config.status:1240: creating doc/Makefile
config.status:1240: creating builds/msvc/Makefile
config.status:1240: creating builds/redhat/zeromq.spec
config.status:1240: creating src/platform.hpp
config.status:1469: executing depfiles commands
config.status:1469: executing libtool commands

## ---------------- ##
## Cache variables. ##
## ---------------- ##

ac_cv_build=x86_64-unknown-linux-gnu
ac_cv_c_compiler_gnu=yes
ac_cv_c_const=yes
ac_cv_c_inline=inline
ac_cv_c_uint32_t=yes
ac_cv_c_volatile=yes
ac_cv_cxx_compiler_gnu=yes
ac_cv_env_ASCIIDOC_set=
ac_cv_env_ASCIIDOC_value=
ac_cv_env_CCC_set=
ac_cv_env_CCC_value=
ac_cv_env_CC_set=
ac_cv_env_CC_value=
ac_cv_env_CFLAGS_set=
ac_cv_env_CFLAGS_value=
ac_cv_env_CPPFLAGS_set=
ac_cv_env_CPPFLAGS_value=
ac_cv_env_CPP_set=
ac_cv_env_CPP_value=
ac_cv_env_CXXCPP_set=
ac_cv_env_CXXCPP_value=
ac_cv_env_CXXFLAGS_set=
ac_cv_env_CXXFLAGS_value=
ac_cv_env_CXX_set=
ac_cv_env_CXX_value=
ac_cv_env_LDFLAGS_set=
ac_cv_env_LDFLAGS_value=
ac_cv_env_LIBS_set=
ac_cv_env_LIBS_value=
ac_cv_env_PKG_CONFIG_LIBDIR_set=
ac_cv_env_PKG_CONFIG_LIBDIR_value=
ac_cv_env_PKG_CONFIG_PATH_set=
ac_cv_env_PKG_CONFIG_PATH_value=
ac_cv_env_PKG_CONFIG_set=
ac_cv_env_PKG_CONFIG_value=
ac_cv_env_XMLTO_set=
ac_cv_env_XMLTO_value=
ac_cv_env_build_alias_set=
ac_cv_env_build_alias_value=
ac_cv_env_host_alias_set=
ac_cv_env_host_alias_value=
ac_cv_env_pgm_CFLAGS_set=
ac_cv_env_pgm_CFLAGS_value=
ac_cv_env_pgm_LIBS_set=
ac_cv_env_pgm_LIBS_value=
ac_cv_env_sodium_CFLAGS_set=
ac_cv_env_sodium_CFLAGS_value=
ac_cv_env_sodium_LIBS_set=
ac_cv_env_sodium_LIBS_value=
ac_cv_env_target_alias_set=
ac_cv_env_target_alias_value=
ac_cv_func_clock_gettime=yes
ac_cv_func_fork=yes
ac_cv_func_freeifaddrs=yes
ac_cv_func_getifaddrs=yes
ac_cv_func_gettimeofday=yes
ac_cv_func_memset=yes
ac_cv_func_perror=yes
ac_cv_func_socket=yes
ac_cv_have_decl_LOCAL_PEERCRED=no
ac_cv_have_decl_SO_PEERCRED=yes
ac_cv_header_alloca_h=yes
ac_cv_header_arpa_inet_h=yes
ac_cv_header_dlfcn_h=yes
ac_cv_header_errno_h=yes
ac_cv_header_ifaddrs_h=yes
ac_cv_header_inttypes_h=yes
ac_cv_header_limits_h=yes
ac_cv_header_memory_h=yes
ac_cv_header_netinet_in_h=yes
ac_cv_header_netinet_tcp_h=yes
ac_cv_header_stdbool_h=yes
ac_cv_header_stdc=yes
ac_cv_header_stddef_h=yes
ac_cv_header_stdint_h=yes
ac_cv_header_stdlib_h=yes
ac_cv_header_string_h=yes
ac_cv_header_strings_h=yes
ac_cv_header_sys_eventfd_h=yes
ac_cv_header_sys_socket_h=yes
ac_cv_header_sys_stat_h=yes
ac_cv_header_sys_time_h=yes
ac_cv_header_sys_types_h=yes
ac_cv_header_sys_uio_h=yes
ac_cv_header_time=yes
ac_cv_header_time_h=yes
ac_cv_header_unistd_h=yes
ac_cv_host=x86_64-unknown-linux-gnu
ac_cv_lib_pthread_pthread_create=yes
ac_cv_lib_rt_clock_gettime=yes
ac_cv_objext=o
ac_cv_path_EGREP='/bin/grep -E'
ac_cv_path_FGREP='/bin/grep -F'
ac_cv_path_GREP=/bin/grep
ac_cv_path_SED=/bin/sed
ac_cv_path_ac_pt_PKG_CONFIG=/usr/bin/pkg-config
ac_cv_path_install='/usr/bin/install -c'
ac_cv_path_mkdir=/bin/mkdir
ac_cv_prog_AWK=gawk
ac_cv_prog_CPP='gcc -std=gnu99 -E'
ac_cv_prog_CXXCPP='g++ -E'
ac_cv_prog_ac_ct_AR=ar
ac_cv_prog_ac_ct_CC=gcc
ac_cv_prog_ac_ct_CXX=g++
ac_cv_prog_ac_ct_DLLTOOL=dlltool
ac_cv_prog_ac_ct_MANIFEST_TOOL=mt
ac_cv_prog_ac_ct_OBJDUMP=objdump
ac_cv_prog_ac_ct_RANLIB=ranlib
ac_cv_prog_ac_ct_STRIP=strip
ac_cv_prog_cc_c89=
ac_cv_prog_cc_c99=-std=gnu99
ac_cv_prog_cc_g=yes
ac_cv_prog_cc_gcc_c_o=yes
ac_cv_prog_cxx_g=yes
ac_cv_prog_libzmq_have_asciidoc=no
ac_cv_prog_libzmq_have_xmlto=no
ac_cv_prog_make_make_set=yes
ac_cv_type__Bool=no
ac_cv_type_signal=void
ac_cv_type_size_t=yes
ac_cv_type_ssize_t=yes
am_cv_CC_dependencies_compiler_type=gcc3
am_cv_CXX_dependencies_compiler_type=gcc3
am_cv_make_support_nested_variables=yes
am_cv_prog_tar_ustar=gnutar
libzmq_cv_c_clang_compiler=no
libzmq_cv_c_compiler_works=yes
libzmq_cv_c_gcc4_compiler=yes
libzmq_cv_c_intel_compiler=no
libzmq_cv_c_sun_studio_compiler=no
libzmq_cv_check_lang_flag_save_CPPFLAGS='-D_GNU_SOURCE -D_REENTRANT -D_THREAD_SAFE '
libzmq_cv_cxx_clang_compiler=no
libzmq_cv_cxx_compiler_works=yes
libzmq_cv_cxx_gcc4_compiler=yes
libzmq_cv_cxx_intel_compiler=no
libzmq_cv_cxx_strict_flag=-pedantic
libzmq_cv_cxx_sun_studio_compiler=no
libzmq_cv_cxx_supports_flag__fvisibility_hidden=yes
libzmq_cv_cxx_visibility_flag=-fvisibility=hidden
libzmq_cv_cxx_wall_flag=-Wall
libzmq_cv_cxx_werror_flag=-Werror
libzmq_cv_cxx_werror_flag_save=
libzmq_cv_have_poller_epoll=yes
libzmq_cv_have_poller_kqueue=no
libzmq_cv_poller=epoll
libzmq_cv_poller_flag=ZMQ_USE_EPOLL
libzmq_cv_so_keepalive=yes
libzmq_cv_sock_cloexec=yes
libzmq_cv_tcp_keepalive=no
libzmq_cv_tcp_keepcnt=yes
libzmq_cv_tcp_keepidle=yes
libzmq_cv_tcp_keepintvl=yes
lt_cv_ar_at_file=@
lt_cv_archive_cmds_need_lc=no
lt_cv_deplibs_check_method=pass_all
lt_cv_file_magic_cmd='$MAGIC_CMD'
lt_cv_file_magic_test_file=
lt_cv_ld_reload_flag=-r
lt_cv_nm_interface='BSD nm'
lt_cv_objdir=.libs
lt_cv_path_LD=/usr/bin/ld
lt_cv_path_LDCXX='/usr/bin/ld -m elf_x86_64'
lt_cv_path_NM='/usr/bin/nm -B'
lt_cv_path_mainfest_tool=no
lt_cv_prog_compiler_c_o=yes
lt_cv_prog_compiler_c_o_CXX=yes
lt_cv_prog_compiler_pic='-fPIC -DPIC'
lt_cv_prog_compiler_pic_CXX='-fPIC -DPIC'
lt_cv_prog_compiler_pic_works=yes
lt_cv_prog_compiler_pic_works_CXX=yes
lt_cv_prog_compiler_rtti_exceptions=no
lt_cv_prog_compiler_static_works=yes
lt_cv_prog_compiler_static_works_CXX=yes
lt_cv_prog_gnu_ld=yes
lt_cv_prog_gnu_ldcxx=yes
lt_cv_sharedlib_from_linklib_cmd='printf %s\n'
lt_cv_shlibpath_overrides_runpath=no
lt_cv_sys_global_symbol_pipe='sed -n -e '\''s/^.*[	 ]\([ABCDGIRSTW][ABCDGIRSTW]*\)[	 ][	 ]*\([_A-Za-z][_A-Za-z0-9]*\)$/\1 \2 \2/p'\'' | sed '\''/ __gnu_lto/d'\'''
lt_cv_sys_global_symbol_to_c_name_address='sed -n -e '\''s/^: \([^ ]*\)[ ]*$/  {\"\1\", (void *) 0},/p'\'' -e '\''s/^[ABCDGIRSTW]* \([^ ]*\) \([^ ]*\)$/  {"\2", (void *) \&\2},/p'\'''
lt_cv_sys_global_symbol_to_c_name_address_lib_prefix='sed -n -e '\''s/^: \([^ ]*\)[ ]*$/  {\"\1\", (void *) 0},/p'\'' -e '\''s/^[ABCDGIRSTW]* \([^ ]*\) \(lib[^ ]*\)$/  {"\2", (void *) \&\2},/p'\'' -e '\''s/^[ABCDGIRSTW]* \([^ ]*\) \([^ ]*\)$/  {"lib\2", (void *) \&\2},/p'\'''
lt_cv_sys_global_symbol_to_cdecl='sed -n -e '\''s/^T .* \(.*\)$/extern int \1();/p'\'' -e '\''s/^[ABCDGIRSTW]* .* \(.*\)$/extern char \1;/p'\'''
lt_cv_sys_max_cmd_len=1966080
lt_cv_to_host_file_cmd=func_convert_file_noop
lt_cv_to_tool_file_cmd=func_convert_file_noop
pkg_cv_sodium_CFLAGS='-I/usr/local/include  '
pkg_cv_sodium_LIBS='-L/usr/local/lib -lsodium  '

## ----------------- ##
## Output variables. ##
## ----------------- ##

ACLOCAL='${SHELL} /home/travis/build/zsiciarz/24daysofrust/zeromq-4.1.2/config/missing --run aclocal-1.11'
AMDEPBACKSLASH='\'
AMDEP_FALSE='#'
AMDEP_TRUE=''
AMTAR='$${TAR-tar}'
AM_BACKSLASH='\'
AM_DEFAULT_V='$(AM_DEFAULT_VERBOSITY)'
AM_DEFAULT_VERBOSITY='0'
AM_V='$(V)'
AR='ar'
AS='as'
ASCIIDOC=''
AUTOCONF='${SHELL} /home/travis/build/zsiciarz/24daysofrust/zeromq-4.1.2/config/missing --run autoconf'
AUTOHEADER='${SHELL} /home/travis/build/zsiciarz/24daysofrust/zeromq-4.1.2/config/missing --run autoheader'
AUTOMAKE='${SHELL} /home/travis/build/zsiciarz/24daysofrust/zeromq-4.1.2/config/missing --run automake-1.11'
AWK='gawk'
BUILD_DOC_FALSE=''
BUILD_DOC_TRUE='#'
BUILD_TIPC_FALSE=''
BUILD_TIPC_TRUE='#'
CC='gcc -std=gnu99'
CCDEPMODE='depmode=gcc3'
CFLAGS='-g -O2'
CPP='gcc -std=gnu99 -E'
CPPFLAGS='-pedantic -Werror -Wall -D_GNU_SOURCE -D_REENTRANT -D_THREAD_SAFE  -DZMQ_USE_EPOLL'
CXX='g++'
CXXCPP='g++ -E'
CXXDEPMODE='depmode=gcc3'
CXXFLAGS='-g -O2'
CYGPATH_W='echo'
DEFS='-DHAVE_CONFIG_H'
DEPDIR='.deps'
DLLTOOL='dlltool'
DSYMUTIL=''
DUMPBIN=''
ECHO_C=''
ECHO_N='-n'
ECHO_T=''
EGREP='/bin/grep -E'
EXEEXT=''
FGREP='/bin/grep -F'
GREP='/bin/grep'
HAVE_FORK_FALSE='#'
HAVE_FORK_TRUE=''
HAVE_IPC_PEERCRED_FALSE='#'
HAVE_IPC_PEERCRED_TRUE=''
HAVE_PGM_FALSE=''
HAVE_PGM_TRUE='#'
HAVE_SODIUM_FALSE='#'
HAVE_SODIUM_TRUE=''
INSTALL_DATA='${INSTALL} -m 644'
INSTALL_MAN_FALSE='#'
INSTALL_MAN_TRUE=''
INSTALL_PROGRAM='${INSTALL}'
INSTALL_SCRIPT='${INSTALL}'
INSTALL_STRIP_PROGRAM='$(install_sh) -c -s'
LD='/usr/bin/ld -m elf_x86_64'
LDFLAGS=''
LIBOBJS=''
LIBS='-lrt -lpthread '
LIBTOOL='$(SHELL) $(top_builddir)/libtool'
LIBZMQ_EXTRA_CFLAGS=''
LIBZMQ_EXTRA_CXXFLAGS='-fvisibility=hidden '
LIBZMQ_EXTRA_LDFLAGS=''
LIPO=''
LN_S='ln -s'
LTLIBOBJS=''
LTVER='5:0:0'
MAKEINFO='${SHELL} /home/travis/build/zsiciarz/24daysofrust/zeromq-4.1.2/config/missing --run makeinfo'
MANIFEST_TOOL=':'
MKDIR_P='/bin/mkdir -p'
NM='/usr/bin/nm -B'
NMEDIT=''
OBJDUMP='objdump'
OBJEXT='o'
ON_ANDROID_FALSE=''
ON_ANDROID_TRUE='#'
ON_LINUX_FALSE='#'
ON_LINUX_TRUE=''
ON_MINGW_FALSE=''
ON_MINGW_TRUE='#'
OTOOL64=''
OTOOL=''
PACKAGE='zeromq'
PACKAGE_BUGREPORT='zeromq-dev@lists.zeromq.org'
PACKAGE_NAME='zeromq'
PACKAGE_STRING='zeromq 4.1.2'
PACKAGE_TARNAME='zeromq'
PACKAGE_URL=''
PACKAGE_VERSION='4.1.2'
PATH_SEPARATOR=':'
PKG_CONFIG='/usr/bin/pkg-config'
PKG_CONFIG_LIBDIR=''
PKG_CONFIG_PATH=''
RANLIB='ranlib'
SED='/bin/sed'
SET_MAKE=''
SHELL='/bin/bash'
STRIP='strip'
VERSION='4.1.2'
XMLTO=''
ac_ct_AR='ar'
ac_ct_CC='gcc'
ac_ct_CXX='g++'
ac_ct_DUMPBIN=''
am__EXEEXT_FALSE=''
am__EXEEXT_TRUE='#'
am__fastdepCC_FALSE='#'
am__fastdepCC_TRUE=''
am__fastdepCXX_FALSE='#'
am__fastdepCXX_TRUE=''
am__include='include'
am__isrc=''
am__leading_dot='.'
am__nodep='_no'
am__quote=''
am__tar='tar --format=ustar -chf - "$$tardir"'
am__untar='tar -xf -'
bindir='${exec_prefix}/bin'
build='x86_64-unknown-linux-gnu'
build_alias=''
build_cpu='x86_64'
build_os='linux-gnu'
build_vendor='unknown'
datadir='${datarootdir}'
datarootdir='${prefix}/share'
docdir='${datarootdir}/doc/${PACKAGE_TARNAME}'
dvidir='${docdir}'
exec_prefix='${prefix}'
host='x86_64-unknown-linux-gnu'
host_alias=''
host_cpu='x86_64'
host_os='linux-gnu'
host_vendor='unknown'
htmldir='${docdir}'
includedir='${prefix}/include'
infodir='${datarootdir}/info'
install_sh='${SHELL} /home/travis/build/zsiciarz/24daysofrust/zeromq-4.1.2/config/install-sh'
libdir='${exec_prefix}/lib'
libexecdir='${exec_prefix}/libexec'
libzmq_have_asciidoc='no'
libzmq_have_xmlto='no'
localedir='${datarootdir}/locale'
localstatedir='${prefix}/var'
mandir='${datarootdir}/man'
mkdir_p='/bin/mkdir -p'
oldincludedir='/usr/include'
pdfdir='${docdir}'
pgm_CFLAGS=''
pgm_LIBS=''
pkgconfigdir='${libdir}/pkgconfig'
prefix='/usr/local'
program_transform_name='s,x,x,'
psdir='${docdir}'
sbindir='${exec_prefix}/sbin'
sharedstatedir='${prefix}/com'
sodium_CFLAGS='-I/usr/local/include  '
sodium_LIBS='-L/usr/local/lib -lsodium  '
sysconfdir='${prefix}/etc'
target_alias=''

## ----------- ##
## confdefs.h. ##
## ----------- ##

/* confdefs.h */
#define PACKAGE_NAME "zeromq"
#define PACKAGE_TARNAME "zeromq"
#define PACKAGE_VERSION "4.1.2"
#define PACKAGE_STRING "zeromq 4.1.2"
#define PACKAGE_BUGREPORT "zeromq-dev@lists.zeromq.org"
#define PACKAGE_URL ""
#define PACKAGE "zeromq"
#define VERSION "4.1.2"
#define STDC_HEADERS 1
#define HAVE_SYS_TYPES_H 1
#define HAVE_SYS_STAT_H 1
#define HAVE_STDLIB_H 1
#define HAVE_STRING_H 1
#define HAVE_MEMORY_H 1
#define HAVE_STRINGS_H 1
#define HAVE_INTTYPES_H 1
#define HAVE_STDINT_H 1
#define HAVE_UNISTD_H 1
#define HAVE_DLFCN_H 1
#define LT_OBJDIR ".libs/"
#define ZMQ_HAVE_LINUX 1
#define HAVE_LIBPTHREAD 1
#define HAVE_LIBRT 1
#define STDC_HEADERS 1
#define HAVE_ERRNO_H 1
#define HAVE_TIME_H 1
#define HAVE_UNISTD_H 1
#define HAVE_LIMITS_H 1
#define HAVE_STDDEF_H 1
#define HAVE_STDLIB_H 1
#define HAVE_STRING_H 1
#define HAVE_ARPA_INET_H 1
#define HAVE_NETINET_TCP_H 1
#define HAVE_NETINET_IN_H 1
#define HAVE_SYS_SOCKET_H 1
#define HAVE_SYS_TIME_H 1
#define HAVE_IFADDRS_H 1
#define ZMQ_HAVE_IFADDRS 1
#define HAVE_SYS_UIO_H 1
#define ZMQ_HAVE_UIO 1
#define HAVE_SYS_EVENTFD_H 1
#define ZMQ_HAVE_EVENTFD 1
#define HAVE_DECL_SO_PEERCRED 1
#define ZMQ_HAVE_SO_PEERCRED 1
#define HAVE_DECL_LOCAL_PEERCRED 0
#define HAVE_STDBOOL_H 1
#define TIME_WITH_SYS_TIME 1
#define HAVE_LIBSODIUM 1
#define RETSIGTYPE void
#define HAVE_PERROR 1
#define HAVE_GETTIMEOFDAY 1
#define HAVE_CLOCK_GETTIME 1
#define HAVE_MEMSET 1
#define HAVE_SOCKET 1
#define HAVE_GETIFADDRS 1
#define HAVE_FREEIFADDRS 1
#define HAVE_FORK 1
#define HAVE_ALLOCA_H 1
#define ZMQ_HAVE_SOCK_CLOEXEC 1
#define ZMQ_HAVE_SO_KEEPALIVE 1
#define ZMQ_HAVE_TCP_KEEPCNT 1
#define ZMQ_HAVE_TCP_KEEPIDLE 1
#define ZMQ_HAVE_TCP_KEEPINTVL 1

configure: exit 0
