This file contains any messages produced by compilers while
running configure, to aid debugging if configure makes a mistake.

It was created by libsodium configure 1.0.3, which was
generated by GNU Autoconf 2.69.  Invocation command line was

  $ ./configure 

## --------- ##
## Platform. ##
## --------- ##

hostname = testing-worker-linux-77796cae-1-11501-linux-5-70871940
uname -m = x86_64
uname -r = 2.6.32-042stab090.5
uname -s = Linux
uname -v = #1 SMP Sat Jun 21 00:15:09 MSK 2014

/usr/bin/uname -p = unknown
/bin/uname -X     = unknown

/bin/arch              = unknown
/usr/bin/arch -k       = unknown
/usr/convex/getsysinfo = unknown
/usr/bin/hostinfo      = unknown
/bin/machine           = unknown
/usr/bin/oslevel       = unknown
/bin/universe          = unknown

PATH: /usr/lib/postgresql/9.4/bin
PATH: /home/travis/bin
PATH: /home/travis/.local/bin
PATH: /home/travis/.gimme/versions/go1.4.1.linux.amd64/bin
PATH: /usr/local/phantomjs/bin
PATH: /home/travis/.nvm/v0.10.36/bin
PATH: ./node_modules/.bin
PATH: /usr/local/maven-3.2.5/bin
PATH: /usr/local/clang-3.4/bin
PATH: /home/travis/.gimme/versions/go1.4.1.linux.amd64/bin
PATH: /usr/local/phantomjs/bin
PATH: ./node_modules/.bin
PATH: /usr/local/maven-3.2.5/bin
PATH: /usr/local/clang-3.4/bin
PATH: /home/travis/.gimme/versions/go1.4.1.linux.amd64/bin
PATH: /home/travis/.rvm/gems/ruby-1.9.3-p551/bin
PATH: /home/travis/.rvm/gems/ruby-1.9.3-p551@global/bin
PATH: /home/travis/.rvm/rubies/ruby-1.9.3-p551/bin
PATH: /usr/local/phantomjs/bin
PATH: ./node_modules/.bin
PATH: /usr/local/maven-3.2.5/bin
PATH: /usr/local/clang-3.4/bin
PATH: /usr/local/sbin
PATH: /usr/local/bin
PATH: /usr/sbin
PATH: /usr/bin
PATH: /sbin
PATH: /bin
PATH: /home/travis/.rvm/bin
PATH: /home/travis/.rvm/bin
PATH: /home/travis/.rvm/bin
PATH: /home/travis/rust/bin


## ----------- ##
## Core tests. ##
## ----------- ##

configure:2317: checking build system type
configure:2331: result: x86_64-unknown-linux-gnu
configure:2351: checking host system type
configure:2364: result: x86_64-unknown-linux-gnu
configure:2400: checking for a BSD-compatible install
configure:2468: result: /usr/bin/install -c
configure:2479: checking whether build environment is sane
configure:2534: result: yes
configure:2685: checking for a thread-safe mkdir -p
configure:2724: result: /bin/mkdir -p
configure:2731: checking for gawk
configure:2747: found /usr/bin/gawk
configure:2758: result: gawk
configure:2769: checking whether make sets $(MAKE)
configure:2791: result: yes
configure:2820: checking whether make supports nested variables
configure:2837: result: yes
configure:2926: checking whether UID '1000' is supported by ustar format
configure:2929: result: yes
configure:2936: checking whether GID '1000' is supported by ustar format
configure:2939: result: yes
configure:2947: checking how to create a ustar tar archive
configure:2958: tar --version
tar (GNU tar) 1.26
Copyright (C) 2011 Free Software Foundation, Inc.
License GPLv3+: GNU GPL version 3 or later <http://gnu.org/licenses/gpl.html>.
This is free software: you are free to change and redistribute it.
There is NO WARRANTY, to the extent permitted by law.

Written by John Gilmore and Jay Fenlason.
configure:2961: $? = 0
configure:3001: tardir=conftest.dir && eval tar --format=ustar -chf - "$tardir" >conftest.tar
configure:3004: $? = 0
configure:3008: tar -xf - <conftest.tar
configure:3011: $? = 0
configure:3013: cat conftest.dir/file
GrepMe
configure:3016: $? = 0
configure:3029: result: gnutar
configure:3090: checking whether make supports nested variables
configure:3107: result: yes
configure:3119: checking whether to enable maintainer-specific portions of Makefiles
configure:3128: result: no
configure:3361: checking for style of include used by make
configure:3389: result: GNU
configure:3441: checking for gcc
configure:3457: found /usr/bin/gcc
configure:3468: result: gcc
configure:3697: checking for C compiler version
configure:3706: gcc --version >&5
gcc (Ubuntu/Linaro 4.6.3-1ubuntu5) 4.6.3
Copyright (C) 2011 Free Software Foundation, Inc.
This is free software; see the source for copying conditions.  There is NO
warranty; not even for MERCHANTABILITY or FITNESS FOR A PARTICULAR PURPOSE.

configure:3717: $? = 0
configure:3706: gcc -v >&5
Using built-in specs.
COLLECT_GCC=gcc
COLLECT_LTO_WRAPPER=/usr/lib/gcc/x86_64-linux-gnu/4.6/lto-wrapper
Target: x86_64-linux-gnu
Configured with: ../src/configure -v --with-pkgversion='Ubuntu/Linaro 4.6.3-1ubuntu5' --with-bugurl=file:///usr/share/doc/gcc-4.6/README.Bugs --enable-languages=c,c++,fortran,objc,obj-c++ --prefix=/usr --program-suffix=-4.6 --enable-shared --enable-linker-build-id --with-system-zlib --libexecdir=/usr/lib --without-included-gettext --enable-threads=posix --with-gxx-include-dir=/usr/include/c++/4.6 --libdir=/usr/lib --enable-nls --with-sysroot=/ --enable-clocale=gnu --enable-libstdcxx-debug --enable-libstdcxx-time=yes --enable-gnu-unique-object --enable-plugin --enable-objc-gc --disable-werror --with-arch-32=i686 --with-tune=generic --enable-checking=release --build=x86_64-linux-gnu --host=x86_64-linux-gnu --target=x86_64-linux-gnu
Thread model: posix
gcc version 4.6.3 (Ubuntu/Linaro 4.6.3-1ubuntu5) 
configure:3717: $? = 0
configure:3706: gcc -V >&5
gcc: error: unrecognized option '-V'
gcc: fatal error: no input files
compilation terminated.
configure:3717: $? = 4
configure:3706: gcc -qversion >&5
gcc: error: unrecognized option '-qversion'
gcc: fatal error: no input files
compilation terminated.
configure:3717: $? = 4
configure:3737: checking whether the C compiler works
configure:3759: gcc    conftest.c  >&5
configure:3763: $? = 0
configure:3811: result: yes
configure:3814: checking for C compiler default output file name
configure:3816: result: a.out
configure:3822: checking for suffix of executables
configure:3829: gcc -o conftest    conftest.c  >&5
configure:3833: $? = 0
configure:3855: result: 
configure:3877: checking whether we are cross compiling
configure:3885: gcc -o conftest    conftest.c  >&5
configure:3889: $? = 0
configure:3896: ./conftest
configure:3900: $? = 0
configure:3915: result: no
configure:3920: checking for suffix of object files
configure:3942: gcc -c   conftest.c >&5
configure:3946: $? = 0
configure:3967: result: o
configure:3971: checking whether we are using the GNU C compiler
configure:3990: gcc -c   conftest.c >&5
configure:3990: $? = 0
configure:3999: result: yes
configure:4008: checking whether gcc accepts -g
configure:4028: gcc -c -g  conftest.c >&5
configure:4028: $? = 0
configure:4069: result: yes
configure:4086: checking for gcc option to accept ISO C89
configure:4149: gcc  -c -g -O2  conftest.c >&5
configure:4149: $? = 0
configure:4162: result: none needed
configure:4187: checking whether gcc understands -c and -o together
configure:4209: gcc -c conftest.c -o conftest2.o
configure:4212: $? = 0
configure:4209: gcc -c conftest.c -o conftest2.o
configure:4212: $? = 0
configure:4224: result: yes
configure:4243: checking dependency style of gcc
configure:4354: result: gcc3
configure:4369: checking for gcc option to accept ISO C99
configure:4518: gcc  -c -g -O2  conftest.c >&5
conftest.c:61:29: error: expected ';', ',' or ')' before 'text'
conftest.c: In function 'main':
conftest.c:115:18: error: expected '=', ',', ';', 'asm' or '__attribute__' before 'newvar'
conftest.c:115:18: error: 'newvar' undeclared (first use in this function)
conftest.c:115:18: note: each undeclared identifier is reported only once for each function it appears in
conftest.c:125:3: error: 'for' loop initial declarations are only allowed in C99 mode
conftest.c:125:3: note: use option -std=c99 or -std=gnu99 to compile your code
configure:4518: $? = 1
configure: failed program was:
| /* confdefs.h */
| #define PACKAGE_NAME "libsodium"
| #define PACKAGE_TARNAME "libsodium"
| #define PACKAGE_VERSION "1.0.3"
| #define PACKAGE_STRING "libsodium 1.0.3"
| #define PACKAGE_BUGREPORT "https://github.com/jedisct1/libsodium/issues"
| #define PACKAGE_URL "https://github.com/jedisct1/libsodium"
| #define PACKAGE "libsodium"
| #define VERSION "1.0.3"
| /* end confdefs.h.  */
| #include <stdarg.h>
| #include <stdbool.h>
| #include <stdlib.h>
| #include <wchar.h>
| #include <stdio.h>
| 
| // Check varargs macros.  These examples are taken from C99 6.10.3.5.
| #define debug(...) fprintf (stderr, __VA_ARGS__)
| #define showlist(...) puts (#__VA_ARGS__)
| #define report(test,...) ((test) ? puts (#test) : printf (__VA_ARGS__))
| static void
| test_varargs_macros (void)
| {
|   int x = 1234;
|   int y = 5678;
|   debug ("Flag");
|   debug ("X = %d\n", x);
|   showlist (The first, second, and third items.);
|   report (x>y, "x is %d but y is %d", x, y);
| }
| 
| // Check long long types.
| #define BIG64 18446744073709551615ull
| #define BIG32 4294967295ul
| #define BIG_OK (BIG64 / BIG32 == 4294967297ull && BIG64 % BIG32 == 0)
| #if !BIG_OK
|   your preprocessor is broken;
| #endif
| #if BIG_OK
| #else
|   your preprocessor is broken;
| #endif
| static long long int bignum = -9223372036854775807LL;
| static unsigned long long int ubignum = BIG64;
| 
| struct incomplete_array
| {
|   int datasize;
|   double data[];
| };
| 
| struct named_init {
|   int number;
|   const wchar_t *name;
|   double average;
| };
| 
| typedef const char *ccp;
| 
| static inline int
| test_restrict (ccp restrict text)
| {
|   // See if C++-style comments work.
|   // Iterate through items via the restricted pointer.
|   // Also check for declarations in for loops.
|   for (unsigned int i = 0; *(text+i) != '\0'; ++i)
|     continue;
|   return 0;
| }
| 
| // Check varargs and va_copy.
| static void
| test_varargs (const char *format, ...)
| {
|   va_list args;
|   va_start (args, format);
|   va_list args_copy;
|   va_copy (args_copy, args);
| 
|   const char *str;
|   int number;
|   float fnumber;
| 
|   while (*format)
|     {
|       switch (*format++)
| 	{
| 	case 's': // string
| 	  str = va_arg (args_copy, const char *);
| 	  break;
| 	case 'd': // int
| 	  number = va_arg (args_copy, int);
| 	  break;
| 	case 'f': // float
| 	  fnumber = va_arg (args_copy, double);
| 	  break;
| 	default:
| 	  break;
| 	}
|     }
|   va_end (args_copy);
|   va_end (args);
| }
| 
| int
| main ()
| {
| 
|   // Check bool.
|   _Bool success = false;
| 
|   // Check restrict.
|   if (test_restrict ("String literal") == 0)
|     success = true;
|   char *restrict newvar = "Another string";
| 
|   // Check varargs.
|   test_varargs ("s, d' f .", "string", 65, 34.234);
|   test_varargs_macros ();
| 
|   // Check flexible array members.
|   struct incomplete_array *ia =
|     malloc (sizeof (struct incomplete_array) + (sizeof (double) * 10));
|   ia->datasize = 10;
|   for (int i = 0; i < ia->datasize; ++i)
|     ia->data[i] = i * 1.234;
| 
|   // Check named initializers.
|   struct named_init ni = {
|     .number = 34,
|     .name = L"Test wide string",
|     .average = 543.34343,
|   };
| 
|   ni.number = 58;
| 
|   int dynamic_array[ni.number];
|   dynamic_array[ni.number - 1] = 543;
| 
|   // work around unused variable warnings
|   return (!success || bignum == 0LL || ubignum == 0uLL || newvar[0] == 'x'
| 	  || dynamic_array[ni.number - 1] != 543);
| 
|   ;
|   return 0;
| }
configure:4518: gcc -std=gnu99 -c -g -O2  conftest.c >&5
configure:4518: $? = 0
configure:4538: result: -std=gnu99
configure:4555: checking dependency style of gcc -std=gnu99
configure:4664: result: gcc3
configure:4685: checking how to run the C preprocessor
configure:4716: gcc -std=gnu99 -E  conftest.c
configure:4716: $? = 0
configure:4730: gcc -std=gnu99 -E  conftest.c
conftest.c:11:28: fatal error: ac_nonexistent.h: No such file or directory
compilation terminated.
configure:4730: $? = 1
configure: failed program was:
| /* confdefs.h */
| #define PACKAGE_NAME "libsodium"
| #define PACKAGE_TARNAME "libsodium"
| #define PACKAGE_VERSION "1.0.3"
| #define PACKAGE_STRING "libsodium 1.0.3"
| #define PACKAGE_BUGREPORT "https://github.com/jedisct1/libsodium/issues"
| #define PACKAGE_URL "https://github.com/jedisct1/libsodium"
| #define PACKAGE "libsodium"
| #define VERSION "1.0.3"
| /* end confdefs.h.  */
| #include <ac_nonexistent.h>
configure:4755: result: gcc -std=gnu99 -E
configure:4775: gcc -std=gnu99 -E  conftest.c
configure:4775: $? = 0
configure:4789: gcc -std=gnu99 -E  conftest.c
conftest.c:11:28: fatal error: ac_nonexistent.h: No such file or directory
compilation terminated.
configure:4789: $? = 1
configure: failed program was:
| /* confdefs.h */
| #define PACKAGE_NAME "libsodium"
| #define PACKAGE_TARNAME "libsodium"
| #define PACKAGE_VERSION "1.0.3"
| #define PACKAGE_STRING "libsodium 1.0.3"
| #define PACKAGE_BUGREPORT "https://github.com/jedisct1/libsodium/issues"
| #define PACKAGE_URL "https://github.com/jedisct1/libsodium"
| #define PACKAGE "libsodium"
| #define VERSION "1.0.3"
| /* end confdefs.h.  */
| #include <ac_nonexistent.h>
configure:4818: checking for grep that handles long lines and -e
configure:4876: result: /bin/grep
configure:4881: checking for egrep
configure:4943: result: /bin/grep -E
configure:4948: checking for ANSI C header files
configure:4968: gcc -std=gnu99 -c -g -O2  conftest.c >&5
configure:4968: $? = 0
configure:5041: gcc -std=gnu99 -o conftest -g -O2   conftest.c  >&5
configure:5041: $? = 0
configure:5041: ./conftest
configure:5041: $? = 0
configure:5052: result: yes
configure:5065: checking for sys/types.h
configure:5065: gcc -std=gnu99 -c -g -O2  conftest.c >&5
configure:5065: $? = 0
configure:5065: result: yes
configure:5065: checking for sys/stat.h
configure:5065: gcc -std=gnu99 -c -g -O2  conftest.c >&5
configure:5065: $? = 0
configure:5065: result: yes
configure:5065: checking for stdlib.h
configure:5065: gcc -std=gnu99 -c -g -O2  conftest.c >&5
configure:5065: $? = 0
configure:5065: result: yes
configure:5065: checking for string.h
configure:5065: gcc -std=gnu99 -c -g -O2  conftest.c >&5
configure:5065: $? = 0
configure:5065: result: yes
configure:5065: checking for memory.h
configure:5065: gcc -std=gnu99 -c -g -O2  conftest.c >&5
configure:5065: $? = 0
configure:5065: result: yes
configure:5065: checking for strings.h
configure:5065: gcc -std=gnu99 -c -g -O2  conftest.c >&5
configure:5065: $? = 0
configure:5065: result: yes
configure:5065: checking for inttypes.h
configure:5065: gcc -std=gnu99 -c -g -O2  conftest.c >&5
configure:5065: $? = 0
configure:5065: result: yes
configure:5065: checking for stdint.h
configure:5065: gcc -std=gnu99 -c -g -O2  conftest.c >&5
configure:5065: $? = 0
configure:5065: result: yes
configure:5065: checking for unistd.h
configure:5065: gcc -std=gnu99 -c -g -O2  conftest.c >&5
configure:5065: $? = 0
configure:5065: result: yes
configure:5078: checking minix/config.h usability
configure:5078: gcc -std=gnu99 -c -g -O2  conftest.c >&5
conftest.c:54:26: fatal error: minix/config.h: No such file or directory
compilation terminated.
configure:5078: $? = 1
configure: failed program was:
| /* confdefs.h */
| #define PACKAGE_NAME "libsodium"
| #define PACKAGE_TARNAME "libsodium"
| #define PACKAGE_VERSION "1.0.3"
| #define PACKAGE_STRING "libsodium 1.0.3"
| #define PACKAGE_BUGREPORT "https://github.com/jedisct1/libsodium/issues"
| #define PACKAGE_URL "https://github.com/jedisct1/libsodium"
| #define PACKAGE "libsodium"
| #define VERSION "1.0.3"
| #define STDC_HEADERS 1
| #define HAVE_SYS_TYPES_H 1
| #define HAVE_SYS_STAT_H 1
| #define HAVE_STDLIB_H 1
| #define HAVE_STRING_H 1
| #define HAVE_MEMORY_H 1
| #define HAVE_STRINGS_H 1
| #define HAVE_INTTYPES_H 1
| #define HAVE_STDINT_H 1
| #define HAVE_UNISTD_H 1
| /* end confdefs.h.  */
| #include <stdio.h>
| #ifdef HAVE_SYS_TYPES_H
| # include <sys/types.h>
| #endif
| #ifdef HAVE_SYS_STAT_H
| # include <sys/stat.h>
| #endif
| #ifdef STDC_HEADERS
| # include <stdlib.h>
| # include <stddef.h>
| #else
| # ifdef HAVE_STDLIB_H
| #  include <stdlib.h>
| # endif
| #endif
| #ifdef HAVE_STRING_H
| # if !defined STDC_HEADERS && defined HAVE_MEMORY_H
| #  include <memory.h>
| # endif
| # include <string.h>
| #endif
| #ifdef HAVE_STRINGS_H
| # include <strings.h>
| #endif
| #ifdef HAVE_INTTYPES_H
| # include <inttypes.h>
| #endif
| #ifdef HAVE_STDINT_H
| # include <stdint.h>
| #endif
| #ifdef HAVE_UNISTD_H
| # include <unistd.h>
| #endif
| #include <minix/config.h>
configure:5078: result: no
configure:5078: checking minix/config.h presence
configure:5078: gcc -std=gnu99 -E  conftest.c
conftest.c:21:26: fatal error: minix/config.h: No such file or directory
compilation terminated.
configure:5078: $? = 1
configure: failed program was:
| /* confdefs.h */
| #define PACKAGE_NAME "libsodium"
| #define PACKAGE_TARNAME "libsodium"
| #define PACKAGE_VERSION "1.0.3"
| #define PACKAGE_STRING "libsodium 1.0.3"
| #define PACKAGE_BUGREPORT "https://github.com/jedisct1/libsodium/issues"
| #define PACKAGE_URL "https://github.com/jedisct1/libsodium"
| #define PACKAGE "libsodium"
| #define VERSION "1.0.3"
| #define STDC_HEADERS 1
| #define HAVE_SYS_TYPES_H 1
| #define HAVE_SYS_STAT_H 1
| #define HAVE_STDLIB_H 1
| #define HAVE_STRING_H 1
| #define HAVE_MEMORY_H 1
| #define HAVE_STRINGS_H 1
| #define HAVE_INTTYPES_H 1
| #define HAVE_STDINT_H 1
| #define HAVE_UNISTD_H 1
| /* end confdefs.h.  */
| #include <minix/config.h>
configure:5078: result: no
configure:5078: checking for minix/config.h
configure:5078: result: no
configure:5099: checking whether it is safe to define __EXTENSIONS__
configure:5117: gcc -std=gnu99 -c -g -O2  conftest.c >&5
configure:5117: $? = 0
configure:5124: result: yes
configure:5139: checking whether C compiler accepts -D_FORTIFY_SOURCE=2
configure:5158: gcc -std=gnu99 -c -g -O2  -D_FORTIFY_SOURCE=2  conftest.c >&5
In file included from /usr/include/stdio.h:934:0,
                 from conftest.c:26:
In function 'fgets',
    inlined from 'main' at conftest.c:30:52:
/usr/include/x86_64-linux-gnu/bits/stdio2.h:253:2: warning: call to '__fgets_chk_warn' declared with attribute warning: fgets called with bigger size than length of destination buffer [enabled by default]
configure:5158: $? = 0
configure:5166: result: yes
configure:5175: checking whether C compiler accepts -fvisibility=hidden
configure:5194: gcc -std=gnu99 -c -g -O2  -fvisibility=hidden  -D_FORTIFY_SOURCE=2 conftest.c >&5
In file included from /usr/include/stdio.h:934:0,
                 from conftest.c:26:
In function 'fgets',
    inlined from 'main' at conftest.c:30:52:
/usr/include/x86_64-linux-gnu/bits/stdio2.h:253:2: warning: call to '__fgets_chk_warn' declared with attribute warning: fgets called with bigger size than length of destination buffer [enabled by default]
configure:5194: $? = 0
configure:5202: result: yes
configure:5216: checking whether C compiler accepts -fPIC
configure:5235: gcc -std=gnu99 -c -g -O2 -fvisibility=hidden  -fPIC  -D_FORTIFY_SOURCE=2 conftest.c >&5
In file included from /usr/include/stdio.h:934:0,
                 from conftest.c:26:
In function 'fgets',
    inlined from 'main' at conftest.c:30:52:
/usr/include/x86_64-linux-gnu/bits/stdio2.h:253:2: warning: call to '__fgets_chk_warn' declared with attribute warning: fgets called with bigger size than length of destination buffer [enabled by default]
configure:5235: $? = 0
configure:5243: result: yes
configure:5247: checking whether the linker accepts -fPIC
configure:5266: gcc -std=gnu99 -o conftest -g -O2 -fvisibility=hidden  -D_FORTIFY_SOURCE=2   -fPIC conftest.c  >&5
In file included from /usr/include/stdio.h:934:0,
                 from conftest.c:26:
In function 'fgets',
    inlined from 'main' at conftest.c:30:22:
/usr/include/x86_64-linux-gnu/bits/stdio2.h:253:2: warning: call to '__fgets_chk_warn' declared with attribute warning: fgets called with bigger size than length of destination buffer [enabled by default]
configure:5266: $? = 0
configure:5275: result: yes
configure:5294: checking whether C compiler accepts -fPIE
configure:5313: gcc -std=gnu99 -c -g -O2 -fvisibility=hidden -fPIC  -fPIE  -D_FORTIFY_SOURCE=2 conftest.c >&5
In file included from /usr/include/stdio.h:934:0,
                 from conftest.c:26:
In function 'fgets',
    inlined from 'main' at conftest.c:30:52:
/usr/include/x86_64-linux-gnu/bits/stdio2.h:253:2: warning: call to '__fgets_chk_warn' declared with attribute warning: fgets called with bigger size than length of destination buffer [enabled by default]
configure:5313: $? = 0
configure:5321: result: yes
configure:5325: checking whether the linker accepts -fPIE
configure:5344: gcc -std=gnu99 -o conftest -g -O2 -fvisibility=hidden -fPIC  -D_FORTIFY_SOURCE=2   -fPIE conftest.c  >&5
In file included from /usr/include/stdio.h:934:0,
                 from conftest.c:26:
In function 'fgets',
    inlined from 'main' at conftest.c:30:22:
/usr/include/x86_64-linux-gnu/bits/stdio2.h:253:2: warning: call to '__fgets_chk_warn' declared with attribute warning: fgets called with bigger size than length of destination buffer [enabled by default]
configure:5344: $? = 0
configure:5353: result: yes
configure:5356: checking whether the linker accepts -pie
configure:5375: gcc -std=gnu99 -o conftest -g -O2 -fvisibility=hidden -fPIC  -D_FORTIFY_SOURCE=2   -pie conftest.c  >&5
In file included from /usr/include/stdio.h:934:0,
                 from conftest.c:26:
In function 'fgets',
    inlined from 'main' at conftest.c:30:22:
/usr/include/x86_64-linux-gnu/bits/stdio2.h:253:2: warning: call to '__fgets_chk_warn' declared with attribute warning: fgets called with bigger size than length of destination buffer [enabled by default]
configure:5375: $? = 0
configure:5384: result: yes
configure:5406: checking whether C compiler accepts -fno-strict-aliasing
configure:5425: gcc -std=gnu99 -c -g -O2 -fvisibility=hidden -fPIC -fPIE  -fno-strict-aliasing  -D_FORTIFY_SOURCE=2 conftest.c >&5
In file included from /usr/include/stdio.h:934:0,
                 from conftest.c:26:
In function 'fgets',
    inlined from 'main' at conftest.c:30:52:
/usr/include/x86_64-linux-gnu/bits/stdio2.h:253:2: warning: call to '__fgets_chk_warn' declared with attribute warning: fgets called with bigger size than length of destination buffer [enabled by default]
configure:5425: $? = 0
configure:5433: result: yes
configure:5441: checking whether C compiler accepts -fno-strict-overflow
configure:5460: gcc -std=gnu99 -c -g -O2 -fvisibility=hidden -fPIC -fPIE -fno-strict-aliasing  -fno-strict-overflow  -D_FORTIFY_SOURCE=2 conftest.c >&5
In file included from /usr/include/stdio.h:934:0,
                 from conftest.c:26:
In function 'fgets',
    inlined from 'main' at conftest.c:30:52:
/usr/include/x86_64-linux-gnu/bits/stdio2.h:253:2: warning: call to '__fgets_chk_warn' declared with attribute warning: fgets called with bigger size than length of destination buffer [enabled by default]
configure:5460: $? = 0
configure:5468: result: yes
configure:5616: checking whether C compiler accepts -fstack-protector
configure:5635: gcc -std=gnu99 -c -g -O2 -fvisibility=hidden -fPIC -fPIE -fno-strict-aliasing -fno-strict-overflow  -fstack-protector  -D_FORTIFY_SOURCE=2 conftest.c >&5
In file included from /usr/include/stdio.h:934:0,
                 from conftest.c:26:
In function 'fgets',
    inlined from 'main' at conftest.c:30:52:
/usr/include/x86_64-linux-gnu/bits/stdio2.h:253:2: warning: call to '__fgets_chk_warn' declared with attribute warning: fgets called with bigger size than length of destination buffer [enabled by default]
configure:5635: $? = 0
configure:5643: result: yes
configure:5647: checking whether the linker accepts -fstack-protector
configure:5666: gcc -std=gnu99 -o conftest -g -O2 -fvisibility=hidden -fPIC -fPIE -fno-strict-aliasing -fno-strict-overflow  -D_FORTIFY_SOURCE=2  -pie  -fstack-protector conftest.c  >&5
In file included from /usr/include/stdio.h:934:0,
                 from conftest.c:26:
In function 'fgets',
    inlined from 'main' at conftest.c:30:22:
/usr/include/x86_64-linux-gnu/bits/stdio2.h:253:2: warning: call to '__fgets_chk_warn' declared with attribute warning: fgets called with bigger size than length of destination buffer [enabled by default]
configure:5666: $? = 0
configure:5675: result: yes
configure:5696: checking whether C compiler accepts -Winit-self
configure:5715: gcc -std=gnu99 -c -g -O2 -fvisibility=hidden -fPIC -fPIE -fno-strict-aliasing -fno-strict-overflow -fstack-protector  -Winit-self  -D_FORTIFY_SOURCE=2 conftest.c >&5
In file included from /usr/include/stdio.h:934:0,
                 from conftest.c:26:
In function 'fgets',
    inlined from 'main' at conftest.c:30:52:
/usr/include/x86_64-linux-gnu/bits/stdio2.h:253:2: warning: call to '__fgets_chk_warn' declared with attribute warning: fgets called with bigger size than length of destination buffer [enabled by default]
configure:5715: $? = 0
configure:5723: result: yes
configure:5731: checking whether C compiler accepts -Wwrite-strings
configure:5750: gcc -std=gnu99 -c -g -O2 -fvisibility=hidden -fPIC -fPIE -fno-strict-aliasing -fno-strict-overflow -fstack-protector -Winit-self  -Wwrite-strings  -D_FORTIFY_SOURCE=2 conftest.c >&5
In file included from /usr/include/stdio.h:934:0,
                 from conftest.c:26:
In function 'fgets',
    inlined from 'main' at conftest.c:30:52:
/usr/include/x86_64-linux-gnu/bits/stdio2.h:253:2: warning: call to '__fgets_chk_warn' declared with attribute warning: fgets called with bigger size than length of destination buffer [enabled by default]
configure:5750: $? = 0
configure:5758: result: yes
configure:5766: checking whether C compiler accepts -Wdiv-by-zero
configure:5785: gcc -std=gnu99 -c -g -O2 -fvisibility=hidden -fPIC -fPIE -fno-strict-aliasing -fno-strict-overflow -fstack-protector -Winit-self -Wwrite-strings  -Wdiv-by-zero  -D_FORTIFY_SOURCE=2 conftest.c >&5
In file included from /usr/include/stdio.h:934:0,
                 from conftest.c:26:
In function 'fgets',
    inlined from 'main' at conftest.c:30:52:
/usr/include/x86_64-linux-gnu/bits/stdio2.h:253:2: warning: call to '__fgets_chk_warn' declared with attribute warning: fgets called with bigger size than length of destination buffer [enabled by default]
configure:5785: $? = 0
configure:5793: result: yes
configure:5801: checking whether C compiler accepts -Wsometimes-uninitialized
configure:5820: gcc -std=gnu99 -c -g -O2 -fvisibility=hidden -fPIC -fPIE -fno-strict-aliasing -fno-strict-overflow -fstack-protector -Winit-self -Wwrite-strings -Wdiv-by-zero  -Wsometimes-uninitialized  -D_FORTIFY_SOURCE=2 conftest.c >&5
cc1: error: unrecognized command line option '-Wsometimes-uninitialized'
configure:5820: $? = 1
configure: failed program was:
| /* confdefs.h */
| #define PACKAGE_NAME "libsodium"
| #define PACKAGE_TARNAME "libsodium"
| #define PACKAGE_VERSION "1.0.3"
| #define PACKAGE_STRING "libsodium 1.0.3"
| #define PACKAGE_BUGREPORT "https://github.com/jedisct1/libsodium/issues"
| #define PACKAGE_URL "https://github.com/jedisct1/libsodium"
| #define PACKAGE "libsodium"
| #define VERSION "1.0.3"
| #define STDC_HEADERS 1
| #define HAVE_SYS_TYPES_H 1
| #define HAVE_SYS_STAT_H 1
| #define HAVE_STDLIB_H 1
| #define HAVE_STRING_H 1
| #define HAVE_MEMORY_H 1
| #define HAVE_STRINGS_H 1
| #define HAVE_INTTYPES_H 1
| #define HAVE_STDINT_H 1
| #define HAVE_UNISTD_H 1
| #define __EXTENSIONS__ 1
| #define _ALL_SOURCE 1
| #define _GNU_SOURCE 1
| #define _POSIX_PTHREAD_SEMANTICS 1
| #define _TANDEM_SOURCE 1
| /* end confdefs.h.  */
| #include <stdio.h>
| int
| main ()
| {
| char x[42U], fodder = 0;if (fodder > -1000 && fgets(x,1000,stdin)) puts(x)
|   ;
|   return 0;
| }
configure:5828: result: no
configure:5840: checking whether C compiler accepts  -Wall
configure:5859: gcc -std=gnu99 -c -g -O2 -fvisibility=hidden -fPIC -fPIE -fno-strict-aliasing -fno-strict-overflow -fstack-protector -Winit-self -Wwrite-strings -Wdiv-by-zero   -Wall  -D_FORTIFY_SOURCE=2 conftest.c >&5
In file included from /usr/include/stdio.h:934:0,
                 from conftest.c:26:
In function 'fgets',
    inlined from 'main' at conftest.c:30:52:
/usr/include/x86_64-linux-gnu/bits/stdio2.h:253:2: warning: call to '__fgets_chk_warn' declared with attribute warning: fgets called with bigger size than length of destination buffer [enabled by default]
configure:5859: $? = 0
configure:5868: result: yes
configure:5877: checking whether C compiler accepts  -Wall -Wextra
configure:5896: gcc -std=gnu99 -c -g -O2 -fvisibility=hidden -fPIC -fPIE -fno-strict-aliasing -fno-strict-overflow -fstack-protector -Winit-self -Wwrite-strings -Wdiv-by-zero   -Wall -Wextra  -D_FORTIFY_SOURCE=2 conftest.c >&5
conftest.c: In function 'main':
conftest.c:30:1: warning: comparison is always true due to limited range of data type [-Wtype-limits]
In file included from /usr/include/stdio.h:934:0,
                 from conftest.c:26:
In function 'fgets',
    inlined from 'main' at conftest.c:30:52:
/usr/include/x86_64-linux-gnu/bits/stdio2.h:253:2: warning: call to '__fgets_chk_warn' declared with attribute warning: fgets called with bigger size than length of destination buffer [enabled by default]
configure:5896: $? = 0
configure:5905: result: yes
configure:5914: checking for clang
configure:5931: gcc -std=gnu99 -c -g -O2 -fvisibility=hidden -fPIC -fPIE -fno-strict-aliasing -fno-strict-overflow -fstack-protector -Winit-self -Wwrite-strings -Wdiv-by-zero  -D_FORTIFY_SOURCE=2 conftest.c >&5
conftest.c: In function 'main':
conftest.c:32:1: error: unknown type name 'be'
configure:5931: $? = 1
configure: failed program was:
| /* confdefs.h */
| #define PACKAGE_NAME "libsodium"
| #define PACKAGE_TARNAME "libsodium"
| #define PACKAGE_VERSION "1.0.3"
| #define PACKAGE_STRING "libsodium 1.0.3"
| #define PACKAGE_BUGREPORT "https://github.com/jedisct1/libsodium/issues"
| #define PACKAGE_URL "https://github.com/jedisct1/libsodium"
| #define PACKAGE "libsodium"
| #define VERSION "1.0.3"
| #define STDC_HEADERS 1
| #define HAVE_SYS_TYPES_H 1
| #define HAVE_SYS_STAT_H 1
| #define HAVE_STDLIB_H 1
| #define HAVE_STRING_H 1
| #define HAVE_MEMORY_H 1
| #define HAVE_STRINGS_H 1
| #define HAVE_INTTYPES_H 1
| #define HAVE_STDINT_H 1
| #define HAVE_UNISTD_H 1
| #define __EXTENSIONS__ 1
| #define _ALL_SOURCE 1
| #define _GNU_SOURCE 1
| #define _POSIX_PTHREAD_SEMANTICS 1
| #define _TANDEM_SOURCE 1
| /* end confdefs.h.  */
| 
| int
| main ()
| {
| 
| #ifndef __clang__
| be sad
| #endif
| 
|   ;
|   return 0;
| }
configure:5973: result: no
configure:5980: checking whether C compiler accepts  -Wall -Wextra -Wbad-function-cast
configure:5999: gcc -std=gnu99 -c -g -O2 -fvisibility=hidden -fPIC -fPIE -fno-strict-aliasing -fno-strict-overflow -fstack-protector -Winit-self -Wwrite-strings -Wdiv-by-zero   -Wall -Wextra -Wbad-function-cast  -D_FORTIFY_SOURCE=2 conftest.c >&5
conftest.c: In function 'main':
conftest.c:30:1: warning: comparison is always true due to limited range of data type [-Wtype-limits]
In file included from /usr/include/stdio.h:934:0,
                 from conftest.c:26:
In function 'fgets',
    inlined from 'main' at conftest.c:30:52:
/usr/include/x86_64-linux-gnu/bits/stdio2.h:253:2: warning: call to '__fgets_chk_warn' declared with attribute warning: fgets called with bigger size than length of destination buffer [enabled by default]
configure:5999: $? = 0
configure:6008: result: yes
configure:6017: checking whether C compiler accepts  -Wall -Wextra -Wbad-function-cast -Wcast-align
configure:6036: gcc -std=gnu99 -c -g -O2 -fvisibility=hidden -fPIC -fPIE -fno-strict-aliasing -fno-strict-overflow -fstack-protector -Winit-self -Wwrite-strings -Wdiv-by-zero   -Wall -Wextra -Wbad-function-cast -Wcast-align  -D_FORTIFY_SOURCE=2 conftest.c >&5
conftest.c: In function 'main':
conftest.c:30:1: warning: comparison is always true due to limited range of data type [-Wtype-limits]
In file included from /usr/include/stdio.h:934:0,
                 from conftest.c:26:
In function 'fgets',
    inlined from 'main' at conftest.c:30:52:
/usr/include/x86_64-linux-gnu/bits/stdio2.h:253:2: warning: call to '__fgets_chk_warn' declared with attribute warning: fgets called with bigger size than length of destination buffer [enabled by default]
configure:6036: $? = 0
configure:6045: result: yes
configure:6054: checking whether C compiler accepts  -Wall -Wextra -Wbad-function-cast -Wcast-align -Wcast-qual
configure:6073: gcc -std=gnu99 -c -g -O2 -fvisibility=hidden -fPIC -fPIE -fno-strict-aliasing -fno-strict-overflow -fstack-protector -Winit-self -Wwrite-strings -Wdiv-by-zero   -Wall -Wextra -Wbad-function-cast -Wcast-align -Wcast-qual  -D_FORTIFY_SOURCE=2 conftest.c >&5
conftest.c: In function 'main':
conftest.c:30:1: warning: comparison is always true due to limited range of data type [-Wtype-limits]
In file included from /usr/include/stdio.h:934:0,
                 from conftest.c:26:
In function 'fgets',
    inlined from 'main' at conftest.c:30:52:
/usr/include/x86_64-linux-gnu/bits/stdio2.h:253:2: warning: call to '__fgets_chk_warn' declared with attribute warning: fgets called with bigger size than length of destination buffer [enabled by default]
configure:6073: $? = 0
configure:6082: result: yes
configure:6091: checking whether C compiler accepts  -Wall -Wextra -Wbad-function-cast -Wcast-align -Wcast-qual -Wchar-subscripts
configure:6110: gcc -std=gnu99 -c -g -O2 -fvisibility=hidden -fPIC -fPIE -fno-strict-aliasing -fno-strict-overflow -fstack-protector -Winit-self -Wwrite-strings -Wdiv-by-zero   -Wall -Wextra -Wbad-function-cast -Wcast-align -Wcast-qual -Wchar-subscripts  -D_FORTIFY_SOURCE=2 conftest.c >&5
conftest.c: In function 'main':
conftest.c:30:1: warning: comparison is always true due to limited range of data type [-Wtype-limits]
In file included from /usr/include/stdio.h:934:0,
                 from conftest.c:26:
In function 'fgets',
    inlined from 'main' at conftest.c:30:52:
/usr/include/x86_64-linux-gnu/bits/stdio2.h:253:2: warning: call to '__fgets_chk_warn' declared with attribute warning: fgets called with bigger size than length of destination buffer [enabled by default]
configure:6110: $? = 0
configure:6119: result: yes
configure:6128: checking whether C compiler accepts  -Wall -Wextra -Wbad-function-cast -Wcast-align -Wcast-qual -Wchar-subscripts -Wcomment
configure:6147: gcc -std=gnu99 -c -g -O2 -fvisibility=hidden -fPIC -fPIE -fno-strict-aliasing -fno-strict-overflow -fstack-protector -Winit-self -Wwrite-strings -Wdiv-by-zero   -Wall -Wextra -Wbad-function-cast -Wcast-align -Wcast-qual -Wchar-subscripts -Wcomment  -D_FORTIFY_SOURCE=2 conftest.c >&5
conftest.c: In function 'main':
conftest.c:30:1: warning: comparison is always true due to limited range of data type [-Wtype-limits]
In file included from /usr/include/stdio.h:934:0,
                 from conftest.c:26:
In function 'fgets',
    inlined from 'main' at conftest.c:30:52:
/usr/include/x86_64-linux-gnu/bits/stdio2.h:253:2: warning: call to '__fgets_chk_warn' declared with attribute warning: fgets called with bigger size than length of destination buffer [enabled by default]
configure:6147: $? = 0
configure:6156: result: yes
configure:6165: checking whether C compiler accepts  -Wall -Wextra -Wbad-function-cast -Wcast-align -Wcast-qual -Wchar-subscripts -Wcomment -Wfloat-equal
configure:6184: gcc -std=gnu99 -c -g -O2 -fvisibility=hidden -fPIC -fPIE -fno-strict-aliasing -fno-strict-overflow -fstack-protector -Winit-self -Wwrite-strings -Wdiv-by-zero   -Wall -Wextra -Wbad-function-cast -Wcast-align -Wcast-qual -Wchar-subscripts -Wcomment -Wfloat-equal  -D_FORTIFY_SOURCE=2 conftest.c >&5
conftest.c: In function 'main':
conftest.c:30:1: warning: comparison is always true due to limited range of data type [-Wtype-limits]
In file included from /usr/include/stdio.h:934:0,
                 from conftest.c:26:
In function 'fgets',
    inlined from 'main' at conftest.c:30:52:
/usr/include/x86_64-linux-gnu/bits/stdio2.h:253:2: warning: call to '__fgets_chk_warn' declared with attribute warning: fgets called with bigger size than length of destination buffer [enabled by default]
configure:6184: $? = 0
configure:6193: result: yes
configure:6202: checking whether C compiler accepts  -Wall -Wextra -Wbad-function-cast -Wcast-align -Wcast-qual -Wchar-subscripts -Wcomment -Wfloat-equal -Wformat=2
configure:6221: gcc -std=gnu99 -c -g -O2 -fvisibility=hidden -fPIC -fPIE -fno-strict-aliasing -fno-strict-overflow -fstack-protector -Winit-self -Wwrite-strings -Wdiv-by-zero   -Wall -Wextra -Wbad-function-cast -Wcast-align -Wcast-qual -Wchar-subscripts -Wcomment -Wfloat-equal -Wformat=2  -D_FORTIFY_SOURCE=2 conftest.c >&5
conftest.c: In function 'main':
conftest.c:30:1: warning: comparison is always true due to limited range of data type [-Wtype-limits]
In file included from /usr/include/stdio.h:934:0,
                 from conftest.c:26:
In function 'fgets',
    inlined from 'main' at conftest.c:30:52:
/usr/include/x86_64-linux-gnu/bits/stdio2.h:253:2: warning: call to '__fgets_chk_warn' declared with attribute warning: fgets called with bigger size than length of destination buffer [enabled by default]
configure:6221: $? = 0
configure:6230: result: yes
configure:6239: checking whether C compiler accepts  -Wall -Wextra -Wbad-function-cast -Wcast-align -Wcast-qual -Wchar-subscripts -Wcomment -Wfloat-equal -Wformat=2 -Wimplicit
configure:6258: gcc -std=gnu99 -c -g -O2 -fvisibility=hidden -fPIC -fPIE -fno-strict-aliasing -fno-strict-overflow -fstack-protector -Winit-self -Wwrite-strings -Wdiv-by-zero   -Wall -Wextra -Wbad-function-cast -Wcast-align -Wcast-qual -Wchar-subscripts -Wcomment -Wfloat-equal -Wformat=2 -Wimplicit  -D_FORTIFY_SOURCE=2 conftest.c >&5
conftest.c: In function 'main':
conftest.c:30:1: warning: comparison is always true due to limited range of data type [-Wtype-limits]
In file included from /usr/include/stdio.h:934:0,
                 from conftest.c:26:
In function 'fgets',
    inlined from 'main' at conftest.c:30:52:
/usr/include/x86_64-linux-gnu/bits/stdio2.h:253:2: warning: call to '__fgets_chk_warn' declared with attribute warning: fgets called with bigger size than length of destination buffer [enabled by default]
configure:6258: $? = 0
configure:6267: result: yes
configure:6276: checking whether C compiler accepts  -Wall -Wextra -Wbad-function-cast -Wcast-align -Wcast-qual -Wchar-subscripts -Wcomment -Wfloat-equal -Wformat=2 -Wimplicit -Wmissing-declarations
configure:6295: gcc -std=gnu99 -c -g -O2 -fvisibility=hidden -fPIC -fPIE -fno-strict-aliasing -fno-strict-overflow -fstack-protector -Winit-self -Wwrite-strings -Wdiv-by-zero   -Wall -Wextra -Wbad-function-cast -Wcast-align -Wcast-qual -Wchar-subscripts -Wcomment -Wfloat-equal -Wformat=2 -Wimplicit -Wmissing-declarations  -D_FORTIFY_SOURCE=2 conftest.c >&5
conftest.c: In function 'main':
conftest.c:30:1: warning: comparison is always true due to limited range of data type [-Wtype-limits]
In file included from /usr/include/stdio.h:934:0,
                 from conftest.c:26:
In function 'fgets',
    inlined from 'main' at conftest.c:30:52:
/usr/include/x86_64-linux-gnu/bits/stdio2.h:253:2: warning: call to '__fgets_chk_warn' declared with attribute warning: fgets called with bigger size than length of destination buffer [enabled by default]
configure:6295: $? = 0
configure:6304: result: yes
configure:6313: checking whether C compiler accepts  -Wall -Wextra -Wbad-function-cast -Wcast-align -Wcast-qual -Wchar-subscripts -Wcomment -Wfloat-equal -Wformat=2 -Wimplicit -Wmissing-declarations -Wmissing-prototypes
configure:6332: gcc -std=gnu99 -c -g -O2 -fvisibility=hidden -fPIC -fPIE -fno-strict-aliasing -fno-strict-overflow -fstack-protector -Winit-self -Wwrite-strings -Wdiv-by-zero   -Wall -Wextra -Wbad-function-cast -Wcast-align -Wcast-qual -Wchar-subscripts -Wcomment -Wfloat-equal -Wformat=2 -Wimplicit -Wmissing-declarations -Wmissing-prototypes  -D_FORTIFY_SOURCE=2 conftest.c >&5
conftest.c: In function 'main':
conftest.c:30:1: warning: comparison is always true due to limited range of data type [-Wtype-limits]
In file included from /usr/include/stdio.h:934:0,
                 from conftest.c:26:
In function 'fgets',
    inlined from 'main' at conftest.c:30:52:
/usr/include/x86_64-linux-gnu/bits/stdio2.h:253:2: warning: call to '__fgets_chk_warn' declared with attribute warning: fgets called with bigger size than length of destination buffer [enabled by default]
configure:6332: $? = 0
configure:6341: result: yes
configure:6350: checking whether C compiler accepts  -Wall -Wextra -Wbad-function-cast -Wcast-align -Wcast-qual -Wchar-subscripts -Wcomment -Wfloat-equal -Wformat=2 -Wimplicit -Wmissing-declarations -Wmissing-prototypes -Wnormalized=id
configure:6369: gcc -std=gnu99 -c -g -O2 -fvisibility=hidden -fPIC -fPIE -fno-strict-aliasing -fno-strict-overflow -fstack-protector -Winit-self -Wwrite-strings -Wdiv-by-zero   -Wall -Wextra -Wbad-function-cast -Wcast-align -Wcast-qual -Wchar-subscripts -Wcomment -Wfloat-equal -Wformat=2 -Wimplicit -Wmissing-declarations -Wmissing-prototypes -Wnormalized=id  -D_FORTIFY_SOURCE=2 conftest.c >&5
conftest.c: In function 'main':
conftest.c:30:1: warning: comparison is always true due to limited range of data type [-Wtype-limits]
In file included from /usr/include/stdio.h:934:0,
                 from conftest.c:26:
In function 'fgets',
    inlined from 'main' at conftest.c:30:52:
/usr/include/x86_64-linux-gnu/bits/stdio2.h:253:2: warning: call to '__fgets_chk_warn' declared with attribute warning: fgets called with bigger size than length of destination buffer [enabled by default]
configure:6369: $? = 0
configure:6378: result: yes
configure:6387: checking whether C compiler accepts  -Wall -Wextra -Wbad-function-cast -Wcast-align -Wcast-qual -Wchar-subscripts -Wcomment -Wfloat-equal -Wformat=2 -Wimplicit -Wmissing-declarations -Wmissing-prototypes -Wnormalized=id -Woverride-init
configure:6406: gcc -std=gnu99 -c -g -O2 -fvisibility=hidden -fPIC -fPIE -fno-strict-aliasing -fno-strict-overflow -fstack-protector -Winit-self -Wwrite-strings -Wdiv-by-zero   -Wall -Wextra -Wbad-function-cast -Wcast-align -Wcast-qual -Wchar-subscripts -Wcomment -Wfloat-equal -Wformat=2 -Wimplicit -Wmissing-declarations -Wmissing-prototypes -Wnormalized=id -Woverride-init  -D_FORTIFY_SOURCE=2 conftest.c >&5
conftest.c: In function 'main':
conftest.c:30:1: warning: comparison is always true due to limited range of data type [-Wtype-limits]
In file included from /usr/include/stdio.h:934:0,
                 from conftest.c:26:
In function 'fgets',
    inlined from 'main' at conftest.c:30:52:
/usr/include/x86_64-linux-gnu/bits/stdio2.h:253:2: warning: call to '__fgets_chk_warn' declared with attribute warning: fgets called with bigger size than length of destination buffer [enabled by default]
configure:6406: $? = 0
configure:6415: result: yes
configure:6424: checking whether C compiler accepts  -Wall -Wextra -Wbad-function-cast -Wcast-align -Wcast-qual -Wchar-subscripts -Wcomment -Wfloat-equal -Wformat=2 -Wimplicit -Wmissing-declarations -Wmissing-prototypes -Wnormalized=id -Woverride-init -Wparentheses
configure:6443: gcc -std=gnu99 -c -g -O2 -fvisibility=hidden -fPIC -fPIE -fno-strict-aliasing -fno-strict-overflow -fstack-protector -Winit-self -Wwrite-strings -Wdiv-by-zero   -Wall -Wextra -Wbad-function-cast -Wcast-align -Wcast-qual -Wchar-subscripts -Wcomment -Wfloat-equal -Wformat=2 -Wimplicit -Wmissing-declarations -Wmissing-prototypes -Wnormalized=id -Woverride-init -Wparentheses  -D_FORTIFY_SOURCE=2 conftest.c >&5
conftest.c: In function 'main':
conftest.c:30:1: warning: comparison is always true due to limited range of data type [-Wtype-limits]
In file included from /usr/include/stdio.h:934:0,
                 from conftest.c:26:
In function 'fgets',
    inlined from 'main' at conftest.c:30:52:
/usr/include/x86_64-linux-gnu/bits/stdio2.h:253:2: warning: call to '__fgets_chk_warn' declared with attribute warning: fgets called with bigger size than length of destination buffer [enabled by default]
configure:6443: $? = 0
configure:6452: result: yes
configure:6461: checking whether C compiler accepts  -Wall -Wextra -Wbad-function-cast -Wcast-align -Wcast-qual -Wchar-subscripts -Wcomment -Wfloat-equal -Wformat=2 -Wimplicit -Wmissing-declarations -Wmissing-prototypes -Wnormalized=id -Woverride-init -Wparentheses -Wpointer-arith
configure:6480: gcc -std=gnu99 -c -g -O2 -fvisibility=hidden -fPIC -fPIE -fno-strict-aliasing -fno-strict-overflow -fstack-protector -Winit-self -Wwrite-strings -Wdiv-by-zero   -Wall -Wextra -Wbad-function-cast -Wcast-align -Wcast-qual -Wchar-subscripts -Wcomment -Wfloat-equal -Wformat=2 -Wimplicit -Wmissing-declarations -Wmissing-prototypes -Wnormalized=id -Woverride-init -Wparentheses -Wpointer-arith  -D_FORTIFY_SOURCE=2 conftest.c >&5
conftest.c: In function 'main':
conftest.c:30:1: warning: comparison is always true due to limited range of data type [-Wtype-limits]
In file included from /usr/include/stdio.h:934:0,
                 from conftest.c:26:
In function 'fgets',
    inlined from 'main' at conftest.c:30:52:
/usr/include/x86_64-linux-gnu/bits/stdio2.h:253:2: warning: call to '__fgets_chk_warn' declared with attribute warning: fgets called with bigger size than length of destination buffer [enabled by default]
configure:6480: $? = 0
configure:6489: result: yes
configure:6498: checking whether C compiler accepts  -Wall -Wextra -Wbad-function-cast -Wcast-align -Wcast-qual -Wchar-subscripts -Wcomment -Wfloat-equal -Wformat=2 -Wimplicit -Wmissing-declarations -Wmissing-prototypes -Wnormalized=id -Woverride-init -Wparentheses -Wpointer-arith -Wredundant-decls
configure:6517: gcc -std=gnu99 -c -g -O2 -fvisibility=hidden -fPIC -fPIE -fno-strict-aliasing -fno-strict-overflow -fstack-protector -Winit-self -Wwrite-strings -Wdiv-by-zero   -Wall -Wextra -Wbad-function-cast -Wcast-align -Wcast-qual -Wchar-subscripts -Wcomment -Wfloat-equal -Wformat=2 -Wimplicit -Wmissing-declarations -Wmissing-prototypes -Wnormalized=id -Woverride-init -Wparentheses -Wpointer-arith -Wredundant-decls  -D_FORTIFY_SOURCE=2 conftest.c >&5
conftest.c: In function 'main':
conftest.c:30:1: warning: comparison is always true due to limited range of data type [-Wtype-limits]
In file included from /usr/include/stdio.h:934:0,
                 from conftest.c:26:
In function 'fgets',
    inlined from 'main' at conftest.c:30:52:
/usr/include/x86_64-linux-gnu/bits/stdio2.h:253:2: warning: call to '__fgets_chk_warn' declared with attribute warning: fgets called with bigger size than length of destination buffer [enabled by default]
configure:6517: $? = 0
configure:6526: result: yes
configure:6535: checking whether C compiler accepts  -Wall -Wextra -Wbad-function-cast -Wcast-align -Wcast-qual -Wchar-subscripts -Wcomment -Wfloat-equal -Wformat=2 -Wimplicit -Wmissing-declarations -Wmissing-prototypes -Wnormalized=id -Woverride-init -Wparentheses -Wpointer-arith -Wredundant-decls -Wstrict-prototypes
configure:6554: gcc -std=gnu99 -c -g -O2 -fvisibility=hidden -fPIC -fPIE -fno-strict-aliasing -fno-strict-overflow -fstack-protector -Winit-self -Wwrite-strings -Wdiv-by-zero   -Wall -Wextra -Wbad-function-cast -Wcast-align -Wcast-qual -Wchar-subscripts -Wcomment -Wfloat-equal -Wformat=2 -Wimplicit -Wmissing-declarations -Wmissing-prototypes -Wnormalized=id -Woverride-init -Wparentheses -Wpointer-arith -Wredundant-decls -Wstrict-prototypes  -D_FORTIFY_SOURCE=2 conftest.c >&5
conftest.c:28:1: warning: function declaration isn't a prototype [-Wstrict-prototypes]
conftest.c: In function 'main':
conftest.c:30:1: warning: comparison is always true due to limited range of data type [-Wtype-limits]
In file included from /usr/include/stdio.h:934:0,
                 from conftest.c:26:
In function 'fgets',
    inlined from 'main' at conftest.c:30:52:
/usr/include/x86_64-linux-gnu/bits/stdio2.h:253:2: warning: call to '__fgets_chk_warn' declared with attribute warning: fgets called with bigger size than length of destination buffer [enabled by default]
configure:6554: $? = 0
configure:6563: result: yes
configure:6572: checking whether C compiler accepts  -Wall -Wextra -Wbad-function-cast -Wcast-align -Wcast-qual -Wchar-subscripts -Wcomment -Wfloat-equal -Wformat=2 -Wimplicit -Wmissing-declarations -Wmissing-prototypes -Wnormalized=id -Woverride-init -Wparentheses -Wpointer-arith -Wredundant-decls -Wstrict-prototypes -Wswitch-enum
configure:6591: gcc -std=gnu99 -c -g -O2 -fvisibility=hidden -fPIC -fPIE -fno-strict-aliasing -fno-strict-overflow -fstack-protector -Winit-self -Wwrite-strings -Wdiv-by-zero   -Wall -Wextra -Wbad-function-cast -Wcast-align -Wcast-qual -Wchar-subscripts -Wcomment -Wfloat-equal -Wformat=2 -Wimplicit -Wmissing-declarations -Wmissing-prototypes -Wnormalized=id -Woverride-init -Wparentheses -Wpointer-arith -Wredundant-decls -Wstrict-prototypes -Wswitch-enum  -D_FORTIFY_SOURCE=2 conftest.c >&5
conftest.c:28:1: warning: function declaration isn't a prototype [-Wstrict-prototypes]
conftest.c: In function 'main':
conftest.c:30:1: warning: comparison is always true due to limited range of data type [-Wtype-limits]
In file included from /usr/include/stdio.h:934:0,
                 from conftest.c:26:
In function 'fgets',
    inlined from 'main' at conftest.c:30:52:
/usr/include/x86_64-linux-gnu/bits/stdio2.h:253:2: warning: call to '__fgets_chk_warn' declared with attribute warning: fgets called with bigger size than length of destination buffer [enabled by default]
configure:6591: $? = 0
configure:6600: result: yes
configure:6609: checking whether C compiler accepts  -Wall -Wextra -Wbad-function-cast -Wcast-align -Wcast-qual -Wchar-subscripts -Wcomment -Wfloat-equal -Wformat=2 -Wimplicit -Wmissing-declarations -Wmissing-prototypes -Wnormalized=id -Woverride-init -Wparentheses -Wpointer-arith -Wredundant-decls -Wstrict-prototypes -Wswitch-enum -Wvariable-decl
configure:6628: gcc -std=gnu99 -c -g -O2 -fvisibility=hidden -fPIC -fPIE -fno-strict-aliasing -fno-strict-overflow -fstack-protector -Winit-self -Wwrite-strings -Wdiv-by-zero   -Wall -Wextra -Wbad-function-cast -Wcast-align -Wcast-qual -Wchar-subscripts -Wcomment -Wfloat-equal -Wformat=2 -Wimplicit -Wmissing-declarations -Wmissing-prototypes -Wnormalized=id -Woverride-init -Wparentheses -Wpointer-arith -Wredundant-decls -Wstrict-prototypes -Wswitch-enum -Wvariable-decl  -D_FORTIFY_SOURCE=2 conftest.c >&5
cc1: error: unrecognized command line option '-Wvariable-decl'
configure:6628: $? = 1
configure: failed program was:
| /* confdefs.h */
| #define PACKAGE_NAME "libsodium"
| #define PACKAGE_TARNAME "libsodium"
| #define PACKAGE_VERSION "1.0.3"
| #define PACKAGE_STRING "libsodium 1.0.3"
| #define PACKAGE_BUGREPORT "https://github.com/jedisct1/libsodium/issues"
| #define PACKAGE_URL "https://github.com/jedisct1/libsodium"
| #define PACKAGE "libsodium"
| #define VERSION "1.0.3"
| #define STDC_HEADERS 1
| #define HAVE_SYS_TYPES_H 1
| #define HAVE_SYS_STAT_H 1
| #define HAVE_STDLIB_H 1
| #define HAVE_STRING_H 1
| #define HAVE_MEMORY_H 1
| #define HAVE_STRINGS_H 1
| #define HAVE_INTTYPES_H 1
| #define HAVE_STDINT_H 1
| #define HAVE_UNISTD_H 1
| #define __EXTENSIONS__ 1
| #define _ALL_SOURCE 1
| #define _GNU_SOURCE 1
| #define _POSIX_PTHREAD_SEMANTICS 1
| #define _TANDEM_SOURCE 1
| /* end confdefs.h.  */
| #include <stdio.h>
| int
| main ()
| {
| char x[42U], fodder = 0;if (fodder > -1000 && fgets(x,1000,stdin)) puts(x)
|   ;
|   return 0;
| }
configure:6637: result: no
configure:6646: checking whether the linker accepts -Wl,-z,relro
configure:6665: gcc -std=gnu99 -o conftest -g -O2 -fvisibility=hidden -fPIC -fPIE -fno-strict-aliasing -fno-strict-overflow -fstack-protector -Winit-self -Wwrite-strings -Wdiv-by-zero  -D_FORTIFY_SOURCE=2  -pie  -Wl,-z,relro conftest.c  >&5
In file included from /usr/include/stdio.h:934:0,
                 from conftest.c:26:
In function 'fgets',
    inlined from 'main' at conftest.c:30:22:
/usr/include/x86_64-linux-gnu/bits/stdio2.h:253:2: warning: call to '__fgets_chk_warn' declared with attribute warning: fgets called with bigger size than length of destination buffer [enabled by default]
configure:6665: $? = 0
configure:6674: result: yes
configure:6682: checking whether the linker accepts -Wl,-z,now
configure:6701: gcc -std=gnu99 -o conftest -g -O2 -fvisibility=hidden -fPIC -fPIE -fno-strict-aliasing -fno-strict-overflow -fstack-protector -Winit-self -Wwrite-strings -Wdiv-by-zero  -D_FORTIFY_SOURCE=2  -pie -Wl,-z,relro  -Wl,-z,now conftest.c  >&5
In file included from /usr/include/stdio.h:934:0,
                 from conftest.c:26:
In function 'fgets',
    inlined from 'main' at conftest.c:30:22:
/usr/include/x86_64-linux-gnu/bits/stdio2.h:253:2: warning: call to '__fgets_chk_warn' declared with attribute warning: fgets called with bigger size than length of destination buffer [enabled by default]
configure:6701: $? = 0
configure:6710: result: yes
configure:6718: checking whether the linker accepts -Wl,-z,noexecstack
configure:6737: gcc -std=gnu99 -o conftest -g -O2 -fvisibility=hidden -fPIC -fPIE -fno-strict-aliasing -fno-strict-overflow -fstack-protector -Winit-self -Wwrite-strings -Wdiv-by-zero  -D_FORTIFY_SOURCE=2  -pie -Wl,-z,relro -Wl,-z,now  -Wl,-z,noexecstack conftest.c  >&5
In file included from /usr/include/stdio.h:934:0,
                 from conftest.c:26:
In function 'fgets',
    inlined from 'main' at conftest.c:30:22:
/usr/include/x86_64-linux-gnu/bits/stdio2.h:253:2: warning: call to '__fgets_chk_warn' declared with attribute warning: fgets called with bigger size than length of destination buffer [enabled by default]
configure:6737: $? = 0
configure:6746: result: yes
configure:6801: checking how to print strings
configure:6828: result: printf
configure:6849: checking for a sed that does not truncate output
configure:6913: result: /bin/sed
configure:6931: checking for fgrep
configure:6993: result: /bin/grep -F
configure:7028: checking for ld used by gcc -std=gnu99
configure:7095: result: /usr/bin/ld
configure:7102: checking if the linker (/usr/bin/ld) is GNU ld
configure:7117: result: yes
configure:7129: checking for BSD- or MS-compatible name lister (nm)
configure:7183: result: /usr/bin/nm -B
configure:7313: checking the name lister (/usr/bin/nm -B) interface
configure:7320: gcc -std=gnu99 -c -g -O2 -fvisibility=hidden -fPIC -fPIE -fno-strict-aliasing -fno-strict-overflow -fstack-protector -Winit-self -Wwrite-strings -Wdiv-by-zero  -D_FORTIFY_SOURCE=2 conftest.c >&5
configure:7323: /usr/bin/nm -B "conftest.o"
configure:7326: output
0000000000000000 B some_variable
configure:7333: result: BSD nm
configure:7336: checking whether ln -s works
configure:7340: result: yes
configure:7348: checking the maximum length of command line arguments
configure:7479: result: 1966080
configure:7527: checking how to convert x86_64-unknown-linux-gnu file names to x86_64-unknown-linux-gnu format
configure:7567: result: func_convert_file_noop
configure:7574: checking how to convert x86_64-unknown-linux-gnu file names to toolchain format
configure:7594: result: func_convert_file_noop
configure:7601: checking for /usr/bin/ld option to reload object files
configure:7608: result: -r
configure:7682: checking for objdump
configure:7698: found /usr/bin/objdump
configure:7709: result: objdump
configure:7741: checking how to recognize dependent libraries
configure:7941: result: pass_all
configure:8026: checking for dlltool
configure:8056: result: no
configure:8086: checking how to associate runtime and link libraries
configure:8113: result: printf %s\n
configure:8173: checking for ar
configure:8189: found /usr/bin/ar
configure:8200: result: ar
configure:8237: checking for archiver @FILE support
configure:8254: gcc -std=gnu99 -c -g -O2 -fvisibility=hidden -fPIC -fPIE -fno-strict-aliasing -fno-strict-overflow -fstack-protector -Winit-self -Wwrite-strings -Wdiv-by-zero  -D_FORTIFY_SOURCE=2 conftest.c >&5
configure:8254: $? = 0
configure:8257: ar cru libconftest.a @conftest.lst >&5
configure:8260: $? = 0
configure:8265: ar cru libconftest.a @conftest.lst >&5
ar: conftest.o: No such file or directory
configure:8268: $? = 1
configure:8280: result: @
configure:8338: checking for strip
configure:8354: found /usr/bin/strip
configure:8365: result: strip
configure:8437: checking for ranlib
configure:8453: found /usr/bin/ranlib
configure:8464: result: ranlib
configure:8566: checking command to parse /usr/bin/nm -B output from gcc -std=gnu99 object
configure:8719: gcc -std=gnu99 -c -g -O2 -fvisibility=hidden -fPIC -fPIE -fno-strict-aliasing -fno-strict-overflow -fstack-protector -Winit-self -Wwrite-strings -Wdiv-by-zero  -D_FORTIFY_SOURCE=2 conftest.c >&5
configure:8722: $? = 0
configure:8726: /usr/bin/nm -B conftest.o \| sed -n -e 's/^.*[ ]\([ABCDGIRSTW][ABCDGIRSTW]*\)[ ][ ]*\([_A-Za-z][_A-Za-z0-9]*\)$/\1 \2 \2/p' | sed '/ __gnu_lto/d' \> conftest.nm
configure:8729: $? = 0
configure:8795: gcc -std=gnu99 -o conftest -g -O2 -fvisibility=hidden -fPIC -fPIE -fno-strict-aliasing -fno-strict-overflow -fstack-protector -Winit-self -Wwrite-strings -Wdiv-by-zero  -D_FORTIFY_SOURCE=2  -pie -Wl,-z,relro -Wl,-z,now -Wl,-z,noexecstack conftest.c conftstm.o >&5
configure:8798: $? = 0
configure:8836: result: ok
configure:8883: checking for sysroot
configure:8913: result: no
configure:8920: checking for a working dd
configure:8958: result: /bin/dd
configure:8962: checking how to truncate binary pipes
configure:8977: result: /bin/dd bs=4096 count=1
configure:9113: gcc -std=gnu99 -c -g -O2 -fvisibility=hidden -fPIC -fPIE -fno-strict-aliasing -fno-strict-overflow -fstack-protector -Winit-self -Wwrite-strings -Wdiv-by-zero  -D_FORTIFY_SOURCE=2 conftest.c >&5
configure:9116: $? = 0
configure:9306: checking for mt
configure:9322: found /bin/mt
configure:9333: result: mt
configure:9356: checking if mt is a manifest tool
configure:9362: mt '-?'
configure:9370: result: no
configure:10044: checking for dlfcn.h
configure:10044: gcc -std=gnu99 -c -g -O2 -fvisibility=hidden -fPIC -fPIE -fno-strict-aliasing -fno-strict-overflow -fstack-protector -Winit-self -Wwrite-strings -Wdiv-by-zero  -D_FORTIFY_SOURCE=2 conftest.c >&5
configure:10044: $? = 0
configure:10044: result: yes
configure:10300: checking for objdir
configure:10315: result: .libs
configure:10579: checking if gcc -std=gnu99 supports -fno-rtti -fno-exceptions
configure:10597: gcc -std=gnu99 -c -g -O2 -fvisibility=hidden -fPIC -fPIE -fno-strict-aliasing -fno-strict-overflow -fstack-protector -Winit-self -Wwrite-strings -Wdiv-by-zero  -D_FORTIFY_SOURCE=2 -fno-rtti -fno-exceptions conftest.c >&5
cc1: warning: command line option '-fno-rtti' is valid for C++/ObjC++ but not for C [enabled by default]
configure:10601: $? = 0
configure:10614: result: no
configure:10972: checking for gcc -std=gnu99 option to produce PIC
configure:10979: result: -fPIC -DPIC
configure:10987: checking if gcc -std=gnu99 PIC flag -fPIC -DPIC works
configure:11005: gcc -std=gnu99 -c -g -O2 -fvisibility=hidden -fPIC -fPIE -fno-strict-aliasing -fno-strict-overflow -fstack-protector -Winit-self -Wwrite-strings -Wdiv-by-zero  -D_FORTIFY_SOURCE=2 -fPIC -DPIC -DPIC conftest.c >&5
configure:11009: $? = 0
configure:11022: result: yes
configure:11051: checking if gcc -std=gnu99 static flag -static works
configure:11079: result: no
configure:11094: checking if gcc -std=gnu99 supports -c -o file.o
configure:11115: gcc -std=gnu99 -c -g -O2 -fvisibility=hidden -fPIC -fPIE -fno-strict-aliasing -fno-strict-overflow -fstack-protector -Winit-self -Wwrite-strings -Wdiv-by-zero  -D_FORTIFY_SOURCE=2 -o out/conftest2.o conftest.c >&5
configure:11119: $? = 0
configure:11141: result: yes
configure:11149: checking if gcc -std=gnu99 supports -c -o file.o
configure:11196: result: yes
configure:11229: checking whether the gcc -std=gnu99 linker (/usr/bin/ld -m elf_x86_64) supports shared libraries
configure:12488: result: yes
configure:12525: checking whether -lc should be explicitly linked in
configure:12533: gcc -std=gnu99 -c -g -O2 -fvisibility=hidden -fPIC -fPIE -fno-strict-aliasing -fno-strict-overflow -fstack-protector -Winit-self -Wwrite-strings -Wdiv-by-zero  -D_FORTIFY_SOURCE=2 conftest.c >&5
configure:12536: $? = 0
configure:12551: gcc -std=gnu99 -shared  -fPIC -DPIC conftest.o  -v -Wl,-soname -Wl,conftest -o conftest 2\>\&1 \| /bin/grep  -lc  \>/dev/null 2\>\&1
configure:12554: $? = 0
configure:12568: result: no
configure:12728: checking dynamic linker characteristics
configure:13309: gcc -std=gnu99 -o conftest -g -O2 -fvisibility=hidden -fPIC -fPIE -fno-strict-aliasing -fno-strict-overflow -fstack-protector -Winit-self -Wwrite-strings -Wdiv-by-zero  -D_FORTIFY_SOURCE=2  -pie -Wl,-z,relro -Wl,-z,now -Wl,-z,noexecstack -Wl,-rpath -Wl,/foo conftest.c  >&5
configure:13309: $? = 0
configure:13546: result: GNU/Linux ld.so
configure:13668: checking how to hardcode library paths into programs
configure:13693: result: immediate
configure:14241: checking whether stripping libraries is possible
configure:14246: result: yes
configure:14281: checking if libtool supports shared libraries
configure:14283: result: yes
configure:14286: checking whether to build shared libraries
configure:14311: result: yes
configure:14314: checking whether to build static libraries
configure:14318: result: yes
configure:14401: checking for ar
configure:14428: result: ar
configure:14455: checking for MMX instructions set
configure:14471: gcc -std=gnu99 -c -g -O2 -fvisibility=hidden -fPIC -fPIE -fno-strict-aliasing -fno-strict-overflow -fstack-protector -Winit-self -Wwrite-strings -Wdiv-by-zero  -D_FORTIFY_SOURCE=2 conftest.c >&5
configure:14471: $? = 0
configure:14472: result: yes
configure:14483: checking for SSE2 instructions set
configure:14499: gcc -std=gnu99 -c -g -O2 -fvisibility=hidden -fPIC -fPIE -fno-strict-aliasing -fno-strict-overflow -fstack-protector -Winit-self -Wwrite-strings -Wdiv-by-zero  -D_FORTIFY_SOURCE=2 conftest.c >&5
configure:14499: $? = 0
configure:14500: result: yes
configure:14511: checking for SSE3 instructions set
configure:14528: gcc -std=gnu99 -c -g -O2 -fvisibility=hidden -fPIC -fPIE -fno-strict-aliasing -fno-strict-overflow -fstack-protector -Winit-self -Wwrite-strings -Wdiv-by-zero  -D_FORTIFY_SOURCE=2 conftest.c >&5
configure:14528: $? = 0
configure:14529: result: yes
configure:14540: checking for SSSE3 instructions set
configure:14556: gcc -std=gnu99 -c -g -O2 -fvisibility=hidden -fPIC -fPIE -fno-strict-aliasing -fno-strict-overflow -fstack-protector -Winit-self -Wwrite-strings -Wdiv-by-zero  -D_FORTIFY_SOURCE=2 conftest.c >&5
configure:14556: $? = 0
configure:14557: result: yes
configure:14572: checking sys/mman.h usability
configure:14572: gcc -std=gnu99 -c -g -O2 -fvisibility=hidden -fPIC -fPIE -fno-strict-aliasing -fno-strict-overflow -fstack-protector -Winit-self -Wwrite-strings -Wdiv-by-zero  -D_FORTIFY_SOURCE=2 conftest.c >&5
configure:14572: $? = 0
configure:14572: result: yes
configure:14572: checking sys/mman.h presence
configure:14572: gcc -std=gnu99 -E  -D_FORTIFY_SOURCE=2 conftest.c
configure:14572: $? = 0
configure:14572: result: yes
configure:14572: checking for sys/mman.h
configure:14572: result: yes
configure:14584: checking for inline
configure:14600: gcc -std=gnu99 -c -g -O2 -fvisibility=hidden -fPIC -fPIE -fno-strict-aliasing -fno-strict-overflow -fstack-protector -Winit-self -Wwrite-strings -Wdiv-by-zero  -D_FORTIFY_SOURCE=2 conftest.c >&5
configure:14600: $? = 0
configure:14608: result: inline
configure:14626: checking whether byte ordering is bigendian
configure:14641: gcc -std=gnu99 -c -g -O2 -fvisibility=hidden -fPIC -fPIE -fno-strict-aliasing -fno-strict-overflow -fstack-protector -Winit-self -Wwrite-strings -Wdiv-by-zero  -D_FORTIFY_SOURCE=2 conftest.c >&5
conftest.c:34:9: error: unknown type name 'not'
conftest.c:34:15: error: expected '=', ',', ';', 'asm' or '__attribute__' before 'universal'
conftest.c:34:15: error: unknown type name 'universal'
configure:14641: $? = 1
configure: failed program was:
| /* confdefs.h */
| #define PACKAGE_NAME "libsodium"
| #define PACKAGE_TARNAME "libsodium"
| #define PACKAGE_VERSION "1.0.3"
| #define PACKAGE_STRING "libsodium 1.0.3"
| #define PACKAGE_BUGREPORT "https://github.com/jedisct1/libsodium/issues"
| #define PACKAGE_URL "https://github.com/jedisct1/libsodium"
| #define PACKAGE "libsodium"
| #define VERSION "1.0.3"
| #define STDC_HEADERS 1
| #define HAVE_SYS_TYPES_H 1
| #define HAVE_SYS_STAT_H 1
| #define HAVE_STDLIB_H 1
| #define HAVE_STRING_H 1
| #define HAVE_MEMORY_H 1
| #define HAVE_STRINGS_H 1
| #define HAVE_INTTYPES_H 1
| #define HAVE_STDINT_H 1
| #define HAVE_UNISTD_H 1
| #define __EXTENSIONS__ 1
| #define _ALL_SOURCE 1
| #define _GNU_SOURCE 1
| #define _POSIX_PTHREAD_SEMANTICS 1
| #define _TANDEM_SOURCE 1
| #define HAVE_DLFCN_H 1
| #define LT_OBJDIR ".libs/"
| #define HAVE_MMINTRIN_H 1
| #define HAVE_EMMINTRIN_H 1
| #define HAVE_PMMINTRIN_H 1
| #define HAVE_TMMINTRIN_H 1
| #define HAVE_SYS_MMAN_H 1
| /* end confdefs.h.  */
| #ifndef __APPLE_CC__
| 	       not a universal capable compiler
| 	     #endif
| 	     typedef int dummy;
| 
configure:14686: gcc -std=gnu99 -c -g -O2 -fvisibility=hidden -fPIC -fPIE -fno-strict-aliasing -fno-strict-overflow -fstack-protector -Winit-self -Wwrite-strings -Wdiv-by-zero  -D_FORTIFY_SOURCE=2 conftest.c >&5
configure:14686: $? = 0
configure:14704: gcc -std=gnu99 -c -g -O2 -fvisibility=hidden -fPIC -fPIE -fno-strict-aliasing -fno-strict-overflow -fstack-protector -Winit-self -Wwrite-strings -Wdiv-by-zero  -D_FORTIFY_SOURCE=2 conftest.c >&5
conftest.c: In function 'main':
conftest.c:40:4: error: unknown type name 'not'
conftest.c:40:12: error: expected '=', ',', ';', 'asm' or '__attribute__' before 'endian'
configure:14704: $? = 1
configure: failed program was:
| /* confdefs.h */
| #define PACKAGE_NAME "libsodium"
| #define PACKAGE_TARNAME "libsodium"
| #define PACKAGE_VERSION "1.0.3"
| #define PACKAGE_STRING "libsodium 1.0.3"
| #define PACKAGE_BUGREPORT "https://github.com/jedisct1/libsodium/issues"
| #define PACKAGE_URL "https://github.com/jedisct1/libsodium"
| #define PACKAGE "libsodium"
| #define VERSION "1.0.3"
| #define STDC_HEADERS 1
| #define HAVE_SYS_TYPES_H 1
| #define HAVE_SYS_STAT_H 1
| #define HAVE_STDLIB_H 1
| #define HAVE_STRING_H 1
| #define HAVE_MEMORY_H 1
| #define HAVE_STRINGS_H 1
| #define HAVE_INTTYPES_H 1
| #define HAVE_STDINT_H 1
| #define HAVE_UNISTD_H 1
| #define __EXTENSIONS__ 1
| #define _ALL_SOURCE 1
| #define _GNU_SOURCE 1
| #define _POSIX_PTHREAD_SEMANTICS 1
| #define _TANDEM_SOURCE 1
| #define HAVE_DLFCN_H 1
| #define LT_OBJDIR ".libs/"
| #define HAVE_MMINTRIN_H 1
| #define HAVE_EMMINTRIN_H 1
| #define HAVE_PMMINTRIN_H 1
| #define HAVE_TMMINTRIN_H 1
| #define HAVE_SYS_MMAN_H 1
| /* end confdefs.h.  */
| #include <sys/types.h>
| 		#include <sys/param.h>
| 
| int
| main ()
| {
| #if BYTE_ORDER != BIG_ENDIAN
| 		 not big endian
| 		#endif
| 
|   ;
|   return 0;
| }
configure:14832: result: no
configure:14852: checking whether __STDC_LIMIT_MACROS is required
configure:14871: gcc -std=gnu99 -c -g -O2 -fvisibility=hidden -fPIC -fPIE -fno-strict-aliasing -fno-strict-overflow -fstack-protector -Winit-self -Wwrite-strings -Wdiv-by-zero  -D_FORTIFY_SOURCE=2 conftest.c >&5
configure:14871: $? = 0
configure:14872: result: no
configure:14885: checking whether we should use x86_64 asm code
configure:14909: gcc -std=gnu99 -c -g -O2 -fvisibility=hidden -fPIC -fPIE -fno-strict-aliasing -fno-strict-overflow -fstack-protector -Winit-self -Wwrite-strings -Wdiv-by-zero  -D_FORTIFY_SOURCE=2 conftest.c >&5
configure:14909: $? = 0
configure:14910: result: yes
configure:14933: checking for 128-bit arithmetic
configure:14968: gcc -std=gnu99 -c -g -O2 -fvisibility=hidden -fPIC -fPIE -fno-strict-aliasing -fno-strict-overflow -fstack-protector -Winit-self -Wwrite-strings -Wdiv-by-zero  -D_FORTIFY_SOURCE=2 conftest.c >&5
conftest.c:40:20: warning: missing terminating ' character [enabled by default]
configure:14968: $? = 0
configure:14969: result: yes
configure:14993: checking for cpuid instruction
configure:15012: gcc -std=gnu99 -c -g -O2 -fvisibility=hidden -fPIC -fPIE -fno-strict-aliasing -fno-strict-overflow -fstack-protector -Winit-self -Wwrite-strings -Wdiv-by-zero  -D_FORTIFY_SOURCE=2 conftest.c >&5
configure:15012: $? = 0
configure:15013: result: yes
configure:15028: checking if weak symbols are supported
configure:15045: gcc -std=gnu99 -o conftest -g -O2 -fvisibility=hidden -fPIC -fPIE -fno-strict-aliasing -fno-strict-overflow -fstack-protector -Winit-self -Wwrite-strings -Wdiv-by-zero  -D_FORTIFY_SOURCE=2  -pie -Wl,-z,relro -Wl,-z,now -Wl,-z,noexecstack conftest.c  >&5
configure:15045: $? = 0
configure:15046: result: yes
configure:15060: data alignment is not required on this target
configure:15079: checking for arc4random
configure:15079: gcc -std=gnu99 -o conftest -g -O2 -fvisibility=hidden -fPIC -fPIE -fno-strict-aliasing -fno-strict-overflow -fstack-protector -Winit-self -Wwrite-strings -Wdiv-by-zero  -D_FORTIFY_SOURCE=2  -pie -Wl,-z,relro -Wl,-z,now -Wl,-z,noexecstack conftest.c  >&5
/tmp/ccyedpdX.o: In function `main':
/home/travis/build/zsiciarz/24daysofrust/libsodium-1.0.3/conftest.c:72: undefined reference to `arc4random'
collect2: ld returned 1 exit status
configure:15079: $? = 1
configure: failed program was:
| /* confdefs.h */
| #define PACKAGE_NAME "libsodium"
| #define PACKAGE_TARNAME "libsodium"
| #define PACKAGE_VERSION "1.0.3"
| #define PACKAGE_STRING "libsodium 1.0.3"
| #define PACKAGE_BUGREPORT "https://github.com/jedisct1/libsodium/issues"
| #define PACKAGE_URL "https://github.com/jedisct1/libsodium"
| #define PACKAGE "libsodium"
| #define VERSION "1.0.3"
| #define STDC_HEADERS 1
| #define HAVE_SYS_TYPES_H 1
| #define HAVE_SYS_STAT_H 1
| #define HAVE_STDLIB_H 1
| #define HAVE_STRING_H 1
| #define HAVE_MEMORY_H 1
| #define HAVE_STRINGS_H 1
| #define HAVE_INTTYPES_H 1
| #define HAVE_STDINT_H 1
| #define HAVE_UNISTD_H 1
| #define __EXTENSIONS__ 1
| #define _ALL_SOURCE 1
| #define _GNU_SOURCE 1
| #define _POSIX_PTHREAD_SEMANTICS 1
| #define _TANDEM_SOURCE 1
| #define HAVE_DLFCN_H 1
| #define LT_OBJDIR ".libs/"
| #define HAVE_MMINTRIN_H 1
| #define HAVE_EMMINTRIN_H 1
| #define HAVE_PMMINTRIN_H 1
| #define HAVE_TMMINTRIN_H 1
| #define HAVE_SYS_MMAN_H 1
| #define NATIVE_LITTLE_ENDIAN 1
| #define HAVE_AMD64_ASM 1
| #define HAVE_TI_MODE 1
| #define HAVE_CPUID 1
| #define HAVE_WEAK_SYMBOLS 1
| /* end confdefs.h.  */
| /* Define arc4random to an innocuous variant, in case <limits.h> declares arc4random.
|    For example, HP-UX 11i <limits.h> declares gettimeofday.  */
| #define arc4random innocuous_arc4random
| 
| /* System header to define __stub macros and hopefully few prototypes,
|     which can conflict with char arc4random (); below.
|     Prefer <limits.h> to <assert.h> if __STDC__ is defined, since
|     <limits.h> exists even on freestanding compilers.  */
| 
| #ifdef __STDC__
| # include <limits.h>
| #else
| # include <assert.h>
| #endif
| 
| #undef arc4random
| 
| /* Override any GCC internal prototype to avoid an error.
|    Use char because int might match the return type of a GCC
|    builtin and then its argument prototype would still apply.  */
| #ifdef __cplusplus
| extern "C"
| #endif
| char arc4random ();
| /* The GNU C library defines this for functions which it implements
|     to always fail with ENOSYS.  Some functions are actually named
|     something starting with __ and the normal name is an alias.  */
| #if defined __stub_arc4random || defined __stub___arc4random
| choke me
| #endif
| 
| int
| main ()
| {
| return arc4random ();
|   ;
|   return 0;
| }
configure:15079: result: no
configure:15079: checking for arc4random_buf
configure:15079: gcc -std=gnu99 -o conftest -g -O2 -fvisibility=hidden -fPIC -fPIE -fno-strict-aliasing -fno-strict-overflow -fstack-protector -Winit-self -Wwrite-strings -Wdiv-by-zero  -D_FORTIFY_SOURCE=2  -pie -Wl,-z,relro -Wl,-z,now -Wl,-z,noexecstack conftest.c  >&5
/tmp/ccbtCw8T.o: In function `main':
/home/travis/build/zsiciarz/24daysofrust/libsodium-1.0.3/conftest.c:72: undefined reference to `arc4random_buf'
collect2: ld returned 1 exit status
configure:15079: $? = 1
configure: failed program was:
| /* confdefs.h */
| #define PACKAGE_NAME "libsodium"
| #define PACKAGE_TARNAME "libsodium"
| #define PACKAGE_VERSION "1.0.3"
| #define PACKAGE_STRING "libsodium 1.0.3"
| #define PACKAGE_BUGREPORT "https://github.com/jedisct1/libsodium/issues"
| #define PACKAGE_URL "https://github.com/jedisct1/libsodium"
| #define PACKAGE "libsodium"
| #define VERSION "1.0.3"
| #define STDC_HEADERS 1
| #define HAVE_SYS_TYPES_H 1
| #define HAVE_SYS_STAT_H 1
| #define HAVE_STDLIB_H 1
| #define HAVE_STRING_H 1
| #define HAVE_MEMORY_H 1
| #define HAVE_STRINGS_H 1
| #define HAVE_INTTYPES_H 1
| #define HAVE_STDINT_H 1
| #define HAVE_UNISTD_H 1
| #define __EXTENSIONS__ 1
| #define _ALL_SOURCE 1
| #define _GNU_SOURCE 1
| #define _POSIX_PTHREAD_SEMANTICS 1
| #define _TANDEM_SOURCE 1
| #define HAVE_DLFCN_H 1
| #define LT_OBJDIR ".libs/"
| #define HAVE_MMINTRIN_H 1
| #define HAVE_EMMINTRIN_H 1
| #define HAVE_PMMINTRIN_H 1
| #define HAVE_TMMINTRIN_H 1
| #define HAVE_SYS_MMAN_H 1
| #define NATIVE_LITTLE_ENDIAN 1
| #define HAVE_AMD64_ASM 1
| #define HAVE_TI_MODE 1
| #define HAVE_CPUID 1
| #define HAVE_WEAK_SYMBOLS 1
| /* end confdefs.h.  */
| /* Define arc4random_buf to an innocuous variant, in case <limits.h> declares arc4random_buf.
|    For example, HP-UX 11i <limits.h> declares gettimeofday.  */
| #define arc4random_buf innocuous_arc4random_buf
| 
| /* System header to define __stub macros and hopefully few prototypes,
|     which can conflict with char arc4random_buf (); below.
|     Prefer <limits.h> to <assert.h> if __STDC__ is defined, since
|     <limits.h> exists even on freestanding compilers.  */
| 
| #ifdef __STDC__
| # include <limits.h>
| #else
| # include <assert.h>
| #endif
| 
| #undef arc4random_buf
| 
| /* Override any GCC internal prototype to avoid an error.
|    Use char because int might match the return type of a GCC
|    builtin and then its argument prototype would still apply.  */
| #ifdef __cplusplus
| extern "C"
| #endif
| char arc4random_buf ();
| /* The GNU C library defines this for functions which it implements
|     to always fail with ENOSYS.  Some functions are actually named
|     something starting with __ and the normal name is an alias.  */
| #if defined __stub_arc4random_buf || defined __stub___arc4random_buf
| choke me
| #endif
| 
| int
| main ()
| {
| return arc4random_buf ();
|   ;
|   return 0;
| }
configure:15079: result: no
configure:15091: checking for mmap
configure:15091: gcc -std=gnu99 -o conftest -g -O2 -fvisibility=hidden -fPIC -fPIE -fno-strict-aliasing -fno-strict-overflow -fstack-protector -Winit-self -Wwrite-strings -Wdiv-by-zero  -D_FORTIFY_SOURCE=2  -pie -Wl,-z,relro -Wl,-z,now -Wl,-z,noexecstack conftest.c  >&5
configure:15091: $? = 0
configure:15091: result: yes
configure:15091: checking for mlock
configure:15091: gcc -std=gnu99 -o conftest -g -O2 -fvisibility=hidden -fPIC -fPIE -fno-strict-aliasing -fno-strict-overflow -fstack-protector -Winit-self -Wwrite-strings -Wdiv-by-zero  -D_FORTIFY_SOURCE=2  -pie -Wl,-z,relro -Wl,-z,now -Wl,-z,noexecstack conftest.c  >&5
configure:15091: $? = 0
configure:15091: result: yes
configure:15091: checking for madvise
configure:15091: gcc -std=gnu99 -o conftest -g -O2 -fvisibility=hidden -fPIC -fPIE -fno-strict-aliasing -fno-strict-overflow -fstack-protector -Winit-self -Wwrite-strings -Wdiv-by-zero  -D_FORTIFY_SOURCE=2  -pie -Wl,-z,relro -Wl,-z,now -Wl,-z,noexecstack conftest.c  >&5
configure:15091: $? = 0
configure:15091: result: yes
configure:15091: checking for mprotect
configure:15091: gcc -std=gnu99 -o conftest -g -O2 -fvisibility=hidden -fPIC -fPIE -fno-strict-aliasing -fno-strict-overflow -fstack-protector -Winit-self -Wwrite-strings -Wdiv-by-zero  -D_FORTIFY_SOURCE=2  -pie -Wl,-z,relro -Wl,-z,now -Wl,-z,noexecstack conftest.c  >&5
configure:15091: $? = 0
configure:15091: result: yes
configure:15091: checking for explicit_bzero
configure:15091: gcc -std=gnu99 -o conftest -g -O2 -fvisibility=hidden -fPIC -fPIE -fno-strict-aliasing -fno-strict-overflow -fstack-protector -Winit-self -Wwrite-strings -Wdiv-by-zero  -D_FORTIFY_SOURCE=2  -pie -Wl,-z,relro -Wl,-z,now -Wl,-z,noexecstack conftest.c  >&5
/tmp/ccJO3UJp.o: In function `main':
/home/travis/build/zsiciarz/24daysofrust/libsodium-1.0.3/conftest.c:76: undefined reference to `explicit_bzero'
collect2: ld returned 1 exit status
configure:15091: $? = 1
configure: failed program was:
| /* confdefs.h */
| #define PACKAGE_NAME "libsodium"
| #define PACKAGE_TARNAME "libsodium"
| #define PACKAGE_VERSION "1.0.3"
| #define PACKAGE_STRING "libsodium 1.0.3"
| #define PACKAGE_BUGREPORT "https://github.com/jedisct1/libsodium/issues"
| #define PACKAGE_URL "https://github.com/jedisct1/libsodium"
| #define PACKAGE "libsodium"
| #define VERSION "1.0.3"
| #define STDC_HEADERS 1
| #define HAVE_SYS_TYPES_H 1
| #define HAVE_SYS_STAT_H 1
| #define HAVE_STDLIB_H 1
| #define HAVE_STRING_H 1
| #define HAVE_MEMORY_H 1
| #define HAVE_STRINGS_H 1
| #define HAVE_INTTYPES_H 1
| #define HAVE_STDINT_H 1
| #define HAVE_UNISTD_H 1
| #define __EXTENSIONS__ 1
| #define _ALL_SOURCE 1
| #define _GNU_SOURCE 1
| #define _POSIX_PTHREAD_SEMANTICS 1
| #define _TANDEM_SOURCE 1
| #define HAVE_DLFCN_H 1
| #define LT_OBJDIR ".libs/"
| #define HAVE_MMINTRIN_H 1
| #define HAVE_EMMINTRIN_H 1
| #define HAVE_PMMINTRIN_H 1
| #define HAVE_TMMINTRIN_H 1
| #define HAVE_SYS_MMAN_H 1
| #define NATIVE_LITTLE_ENDIAN 1
| #define HAVE_AMD64_ASM 1
| #define HAVE_TI_MODE 1
| #define HAVE_CPUID 1
| #define HAVE_WEAK_SYMBOLS 1
| #define HAVE_MMAP 1
| #define HAVE_MLOCK 1
| #define HAVE_MADVISE 1
| #define HAVE_MPROTECT 1
| /* end confdefs.h.  */
| /* Define explicit_bzero to an innocuous variant, in case <limits.h> declares explicit_bzero.
|    For example, HP-UX 11i <limits.h> declares gettimeofday.  */
| #define explicit_bzero innocuous_explicit_bzero
| 
| /* System header to define __stub macros and hopefully few prototypes,
|     which can conflict with char explicit_bzero (); below.
|     Prefer <limits.h> to <assert.h> if __STDC__ is defined, since
|     <limits.h> exists even on freestanding compilers.  */
| 
| #ifdef __STDC__
| # include <limits.h>
| #else
| # include <assert.h>
| #endif
| 
| #undef explicit_bzero
| 
| /* Override any GCC internal prototype to avoid an error.
|    Use char because int might match the return type of a GCC
|    builtin and then its argument prototype would still apply.  */
| #ifdef __cplusplus
| extern "C"
| #endif
| char explicit_bzero ();
| /* The GNU C library defines this for functions which it implements
|     to always fail with ENOSYS.  Some functions are actually named
|     something starting with __ and the normal name is an alias.  */
| #if defined __stub_explicit_bzero || defined __stub___explicit_bzero
| choke me
| #endif
| 
| int
| main ()
| {
| return explicit_bzero ();
|   ;
|   return 0;
| }
configure:15091: result: no
configure:15104: checking for posix_memalign
configure:15104: gcc -std=gnu99 -o conftest -g -O2 -fvisibility=hidden -fPIC -fPIE -fno-strict-aliasing -fno-strict-overflow -fstack-protector -Winit-self -Wwrite-strings -Wdiv-by-zero  -D_FORTIFY_SOURCE=2  -pie -Wl,-z,relro -Wl,-z,now -Wl,-z,noexecstack conftest.c  >&5
configure:15104: $? = 0
configure:15104: result: yes
configure:15433: checking if gcc/ld supports -Wl,--output-def
configure:15454: gcc -std=gnu99 -o conftest -g -O2 -fvisibility=hidden -fPIC -fPIE -fno-strict-aliasing -fno-strict-overflow -fstack-protector -Winit-self -Wwrite-strings -Wdiv-by-zero  -D_FORTIFY_SOURCE=2 -Wl,--output-def,conftest.def conftest.c  >&5
/usr/bin/ld: unrecognized option '--output-def'
/usr/bin/ld: use the --help option for usage information
collect2: ld returned 1 exit status
configure:15454: $? = 1
configure: failed program was:
| /* confdefs.h */
| #define PACKAGE_NAME "libsodium"
| #define PACKAGE_TARNAME "libsodium"
| #define PACKAGE_VERSION "1.0.3"
| #define PACKAGE_STRING "libsodium 1.0.3"
| #define PACKAGE_BUGREPORT "https://github.com/jedisct1/libsodium/issues"
| #define PACKAGE_URL "https://github.com/jedisct1/libsodium"
| #define PACKAGE "libsodium"
| #define VERSION "1.0.3"
| #define STDC_HEADERS 1
| #define HAVE_SYS_TYPES_H 1
| #define HAVE_SYS_STAT_H 1
| #define HAVE_STDLIB_H 1
| #define HAVE_STRING_H 1
| #define HAVE_MEMORY_H 1
| #define HAVE_STRINGS_H 1
| #define HAVE_INTTYPES_H 1
| #define HAVE_STDINT_H 1
| #define HAVE_UNISTD_H 1
| #define __EXTENSIONS__ 1
| #define _ALL_SOURCE 1
| #define _GNU_SOURCE 1
| #define _POSIX_PTHREAD_SEMANTICS 1
| #define _TANDEM_SOURCE 1
| #define HAVE_DLFCN_H 1
| #define LT_OBJDIR ".libs/"
| #define HAVE_MMINTRIN_H 1
| #define HAVE_EMMINTRIN_H 1
| #define HAVE_PMMINTRIN_H 1
| #define HAVE_TMMINTRIN_H 1
| #define HAVE_SYS_MMAN_H 1
| #define NATIVE_LITTLE_ENDIAN 1
| #define HAVE_AMD64_ASM 1
| #define HAVE_TI_MODE 1
| #define HAVE_CPUID 1
| #define HAVE_WEAK_SYMBOLS 1
| #define HAVE_MMAP 1
| #define HAVE_MLOCK 1
| #define HAVE_MADVISE 1
| #define HAVE_MPROTECT 1
| #define HAVE_POSIX_MEMALIGN 1
| /* end confdefs.h.  */
| 
| int
| main ()
| {
| 
|   ;
|   return 0;
| }
configure:15465: result: no
configure:15627: checking that generated files are newer than configure
configure:15633: result: done
configure:15684: creating ./config.status

## ---------------------- ##
## Running config.status. ##
## ---------------------- ##

This file was extended by libsodium config.status 1.0.3, which was
generated by GNU Autoconf 2.69.  Invocation command line was

  CONFIG_FILES    = 
  CONFIG_HEADERS  = 
  CONFIG_LINKS    = 
  CONFIG_COMMANDS = 
  $ ./config.status 

on testing-worker-linux-77796cae-1-11501-linux-5-70871940

config.status:1054: creating Makefile
config.status:1054: creating dist-build/Makefile
config.status:1054: creating libsodium.pc
config.status:1054: creating libsodium-uninstalled.pc
config.status:1054: creating msvc-scripts/Makefile
config.status:1054: creating src/Makefile
config.status:1054: creating src/libsodium/Makefile
config.status:1054: creating src/libsodium/include/Makefile
config.status:1054: creating src/libsodium/include/sodium/version.h
config.status:1054: creating test/default/Makefile
config.status:1054: creating test/Makefile
config.status:1226: executing depfiles commands
config.status:1226: executing libtool commands

## ---------------- ##
## Cache variables. ##
## ---------------- ##

ac_cv_build=x86_64-unknown-linux-gnu
ac_cv_c_bigendian=no
ac_cv_c_compiler_gnu=yes
ac_cv_c_inline=inline
ac_cv_env_AR_set=
ac_cv_env_AR_value=
ac_cv_env_CCASFLAGS_set=
ac_cv_env_CCASFLAGS_value=
ac_cv_env_CCAS_set=
ac_cv_env_CCAS_value=
ac_cv_env_CC_set=
ac_cv_env_CC_value=
ac_cv_env_CFLAGS_set=
ac_cv_env_CFLAGS_value=
ac_cv_env_CPPFLAGS_set=
ac_cv_env_CPPFLAGS_value=
ac_cv_env_CPP_set=
ac_cv_env_CPP_value=
ac_cv_env_CWFLAGS_set=
ac_cv_env_CWFLAGS_value=
ac_cv_env_LDFLAGS_set=
ac_cv_env_LDFLAGS_value=
ac_cv_env_LIBS_set=
ac_cv_env_LIBS_value=
ac_cv_env_LT_SYS_LIBRARY_PATH_set=
ac_cv_env_LT_SYS_LIBRARY_PATH_value=
ac_cv_env_SAFECODE_HOME_set=
ac_cv_env_SAFECODE_HOME_value=
ac_cv_env_build_alias_set=
ac_cv_env_build_alias_value=
ac_cv_env_host_alias_set=
ac_cv_env_host_alias_value=
ac_cv_env_target_alias_set=
ac_cv_env_target_alias_value=
ac_cv_func_arc4random=no
ac_cv_func_arc4random_buf=no
ac_cv_func_explicit_bzero=no
ac_cv_func_madvise=yes
ac_cv_func_mlock=yes
ac_cv_func_mmap=yes
ac_cv_func_mprotect=yes
ac_cv_func_posix_memalign=yes
ac_cv_header_dlfcn_h=yes
ac_cv_header_inttypes_h=yes
ac_cv_header_memory_h=yes
ac_cv_header_minix_config_h=no
ac_cv_header_stdc=yes
ac_cv_header_stdint_h=yes
ac_cv_header_stdlib_h=yes
ac_cv_header_string_h=yes
ac_cv_header_strings_h=yes
ac_cv_header_sys_mman_h=yes
ac_cv_header_sys_stat_h=yes
ac_cv_header_sys_types_h=yes
ac_cv_header_unistd_h=yes
ac_cv_host=x86_64-unknown-linux-gnu
ac_cv_objext=o
ac_cv_path_EGREP='/bin/grep -E'
ac_cv_path_FGREP='/bin/grep -F'
ac_cv_path_GREP=/bin/grep
ac_cv_path_SED=/bin/sed
ac_cv_path_install='/usr/bin/install -c'
ac_cv_path_lt_DD=/bin/dd
ac_cv_path_mkdir=/bin/mkdir
ac_cv_prog_AWK=gawk
ac_cv_prog_CPP='gcc -std=gnu99 -E'
ac_cv_prog_ac_ct_AR=ar
ac_cv_prog_ac_ct_CC=gcc
ac_cv_prog_ac_ct_MANIFEST_TOOL=mt
ac_cv_prog_ac_ct_OBJDUMP=objdump
ac_cv_prog_ac_ct_RANLIB=ranlib
ac_cv_prog_ac_ct_STRIP=strip
ac_cv_prog_cc_c89=
ac_cv_prog_cc_c99=-std=gnu99
ac_cv_prog_cc_g=yes
ac_cv_prog_make_make_set=yes
ac_cv_safe_to_define___extensions__=yes
am_cv_CCAS_dependencies_compiler_type=gcc3
am_cv_CC_dependencies_compiler_type=gcc3
am_cv_make_support_nested_variables=yes
am_cv_prog_cc_c_o=yes
am_cv_prog_tar_ustar=gnutar
ax_cv_check_cflags___D_FORTIFY_SOURCE_2=yes
ax_cv_check_cflags___Wdiv_by_zero=yes
ax_cv_check_cflags___Winit_self=yes
ax_cv_check_cflags___Wsometimes_uninitialized=no
ax_cv_check_cflags___Wwrite_strings=yes
ax_cv_check_cflags____Wall=yes
ax_cv_check_cflags____Wall__Wextra=yes
ax_cv_check_cflags____Wall__Wextra__Wbad_function_cast=yes
ax_cv_check_cflags____Wall__Wextra__Wbad_function_cast__Wcast_align=yes
ax_cv_check_cflags____Wall__Wextra__Wbad_function_cast__Wcast_align__Wcast_qual=yes
ax_cv_check_cflags____Wall__Wextra__Wbad_function_cast__Wcast_align__Wcast_qual__Wchar_subscripts=yes
ax_cv_check_cflags____Wall__Wextra__Wbad_function_cast__Wcast_align__Wcast_qual__Wchar_subscripts__Wcomment=yes
ax_cv_check_cflags____Wall__Wextra__Wbad_function_cast__Wcast_align__Wcast_qual__Wchar_subscripts__Wcomment__Wfloat_equal=yes
ax_cv_check_cflags____Wall__Wextra__Wbad_function_cast__Wcast_align__Wcast_qual__Wchar_subscripts__Wcomment__Wfloat_equal__Wformat_2=yes
ax_cv_check_cflags____Wall__Wextra__Wbad_function_cast__Wcast_align__Wcast_qual__Wchar_subscripts__Wcomment__Wfloat_equal__Wformat_2__Wimplicit=yes
ax_cv_check_cflags____Wall__Wextra__Wbad_function_cast__Wcast_align__Wcast_qual__Wchar_subscripts__Wcomment__Wfloat_equal__Wformat_2__Wimplicit__Wmissing_declarations=yes
ax_cv_check_cflags____Wall__Wextra__Wbad_function_cast__Wcast_align__Wcast_qual__Wchar_subscripts__Wcomment__Wfloat_equal__Wformat_2__Wimplicit__Wmissing_declarations__Wmissing_prototypes=yes
ax_cv_check_cflags____Wall__Wextra__Wbad_function_cast__Wcast_align__Wcast_qual__Wchar_subscripts__Wcomment__Wfloat_equal__Wformat_2__Wimplicit__Wmissing_declarations__Wmissing_prototypes__Wnormalized_id=yes
ax_cv_check_cflags____Wall__Wextra__Wbad_function_cast__Wcast_align__Wcast_qual__Wchar_subscripts__Wcomment__Wfloat_equal__Wformat_2__Wimplicit__Wmissing_declarations__Wmissing_prototypes__Wnormalized_id__Woverride_init=yes
ax_cv_check_cflags____Wall__Wextra__Wbad_function_cast__Wcast_align__Wcast_qual__Wchar_subscripts__Wcomment__Wfloat_equal__Wformat_2__Wimplicit__Wmissing_declarations__Wmissing_prototypes__Wnormalized_id__Woverride_init__Wparentheses=yes
ax_cv_check_cflags____Wall__Wextra__Wbad_function_cast__Wcast_align__Wcast_qual__Wchar_subscripts__Wcomment__Wfloat_equal__Wformat_2__Wimplicit__Wmissing_declarations__Wmissing_prototypes__Wnormalized_id__Woverride_init__Wparentheses__Wpointer_arith=yes
ax_cv_check_cflags____Wall__Wextra__Wbad_function_cast__Wcast_align__Wcast_qual__Wchar_subscripts__Wcomment__Wfloat_equal__Wformat_2__Wimplicit__Wmissing_declarations__Wmissing_prototypes__Wnormalized_id__Woverride_init__Wparentheses__Wpointer_arith__Wredundant_decls=yes
ax_cv_check_cflags____Wall__Wextra__Wbad_function_cast__Wcast_align__Wcast_qual__Wchar_subscripts__Wcomment__Wfloat_equal__Wformat_2__Wimplicit__Wmissing_declarations__Wmissing_prototypes__Wnormalized_id__Woverride_init__Wparentheses__Wpointer_arith__Wredundant_decls__Wstrict_prototypes=yes
ax_cv_check_cflags____Wall__Wextra__Wbad_function_cast__Wcast_align__Wcast_qual__Wchar_subscripts__Wcomment__Wfloat_equal__Wformat_2__Wimplicit__Wmissing_declarations__Wmissing_prototypes__Wnormalized_id__Woverride_init__Wparentheses__Wpointer_arith__Wredundant_decls__Wstrict_prototypes__Wswitch_enum=yes
ax_cv_check_cflags____Wall__Wextra__Wbad_function_cast__Wcast_align__Wcast_qual__Wchar_subscripts__Wcomment__Wfloat_equal__Wformat_2__Wimplicit__Wmissing_declarations__Wmissing_prototypes__Wnormalized_id__Woverride_init__Wparentheses__Wpointer_arith__Wredundant_decls__Wstrict_prototypes__Wswitch_enum__Wvariable_decl=no
ax_cv_check_cflags___fPIC=yes
ax_cv_check_cflags___fPIE=yes
ax_cv_check_cflags___fno_strict_aliasing=yes
ax_cv_check_cflags___fno_strict_overflow=yes
ax_cv_check_cflags___fstack_protector=yes
ax_cv_check_cflags___fvisibility_hidden=yes
ax_cv_check_ldflags___Wl__z_noexecstack=yes
ax_cv_check_ldflags___Wl__z_now=yes
ax_cv_check_ldflags___Wl__z_relro=yes
ax_cv_check_ldflags___fPIC=yes
ax_cv_check_ldflags___fPIE=yes
ax_cv_check_ldflags___fstack_protector=yes
ax_cv_check_ldflags___pie=yes
gl_cv_ld_output_def=no
lt_cv_ar_at_file=@
lt_cv_archive_cmds_need_lc=no
lt_cv_deplibs_check_method=pass_all
lt_cv_file_magic_cmd='$MAGIC_CMD'
lt_cv_file_magic_test_file=
lt_cv_ld_reload_flag=-r
lt_cv_nm_interface='BSD nm'
lt_cv_objdir=.libs
lt_cv_path_LD=/usr/bin/ld
lt_cv_path_NM='/usr/bin/nm -B'
lt_cv_path_mainfest_tool=no
lt_cv_prog_compiler_c_o=yes
lt_cv_prog_compiler_pic='-fPIC -DPIC'
lt_cv_prog_compiler_pic_works=yes
lt_cv_prog_compiler_rtti_exceptions=no
lt_cv_prog_compiler_static_works=no
lt_cv_prog_gnu_ld=yes
lt_cv_sharedlib_from_linklib_cmd='printf %s\n'
lt_cv_shlibpath_overrides_runpath=no
lt_cv_sys_global_symbol_pipe='sed -n -e '\''s/^.*[	 ]\([ABCDGIRSTW][ABCDGIRSTW]*\)[	 ][	 ]*\([_A-Za-z][_A-Za-z0-9]*\)$/\1 \2 \2/p'\'' | sed '\''/ __gnu_lto/d'\'''
lt_cv_sys_global_symbol_to_c_name_address='sed -n -e '\''s/^: \(.*\) .*$/  {"\1", (void *) 0},/p'\'' -e '\''s/^[ABCDGIRSTW][ABCDGIRSTW]* .* \(.*\)$/  {"\1", (void *) \&\1},/p'\'''
lt_cv_sys_global_symbol_to_c_name_address_lib_prefix='sed -n -e '\''s/^: \(.*\) .*$/  {"\1", (void *) 0},/p'\'' -e '\''s/^[ABCDGIRSTW][ABCDGIRSTW]* .* \(lib.*\)$/  {"\1", (void *) \&\1},/p'\'' -e '\''s/^[ABCDGIRSTW][ABCDGIRSTW]* .* \(.*\)$/  {"lib\1", (void *) \&\1},/p'\'''
lt_cv_sys_global_symbol_to_cdecl='sed -n -e '\''s/^T .* \(.*\)$/extern int \1();/p'\'' -e '\''s/^[ABCDGIRSTW][ABCDGIRSTW]* .* \(.*\)$/extern char \1;/p'\'''
lt_cv_sys_global_symbol_to_import=
lt_cv_sys_max_cmd_len=1966080
lt_cv_to_host_file_cmd=func_convert_file_noop
lt_cv_to_tool_file_cmd=func_convert_file_noop
lt_cv_truncate_bin='/bin/dd bs=4096 count=1'

## ----------------- ##
## Output variables. ##
## ----------------- ##

ACLOCAL='${SHELL} /home/travis/build/zsiciarz/24daysofrust/libsodium-1.0.3/build-aux/missing aclocal-1.15'
AMDEPBACKSLASH='\'
AMDEP_FALSE='#'
AMDEP_TRUE=''
AMTAR='$${TAR-tar}'
AM_BACKSLASH='\'
AM_DEFAULT_V='$(AM_DEFAULT_VERBOSITY)'
AM_DEFAULT_VERBOSITY='0'
AM_V='$(V)'
AR='ar'
AS='as'
AUTOCONF='${SHELL} /home/travis/build/zsiciarz/24daysofrust/libsodium-1.0.3/build-aux/missing autoconf'
AUTOHEADER='${SHELL} /home/travis/build/zsiciarz/24daysofrust/libsodium-1.0.3/build-aux/missing autoheader'
AUTOMAKE='${SHELL} /home/travis/build/zsiciarz/24daysofrust/libsodium-1.0.3/build-aux/missing automake-1.15'
AWK='gawk'
CC='gcc -std=gnu99'
CCAS='gcc -std=gnu99'
CCASDEPMODE='depmode=gcc3'
CCASFLAGS='-g -O2'
CCDEPMODE='depmode=gcc3'
CFLAGS='-g -O2 -fvisibility=hidden -fPIC -fPIE -fno-strict-aliasing -fno-strict-overflow -fstack-protector -Winit-self -Wwrite-strings -Wdiv-by-zero'
CPP='gcc -std=gnu99 -E'
CPPFLAGS=' -D_FORTIFY_SOURCE=2'
CWFLAGS=' -Wall -Wextra -Wbad-function-cast -Wcast-align -Wcast-qual -Wchar-subscripts -Wcomment -Wfloat-equal -Wformat=2 -Wimplicit -Wmissing-declarations -Wmissing-prototypes -Wnormalized=id -Woverride-init -Wparentheses -Wpointer-arith -Wredundant-decls -Wstrict-prototypes -Wswitch-enum'
CYGPATH_W='echo'
DEFS='-DPACKAGE_NAME=\"libsodium\" -DPACKAGE_TARNAME=\"libsodium\" -DPACKAGE_VERSION=\"1.0.3\" -DPACKAGE_STRING=\"libsodium\ 1.0.3\" -DPACKAGE_BUGREPORT=\"https://github.com/jedisct1/libsodium/issues\" -DPACKAGE_URL=\"https://github.com/jedisct1/libsodium\" -DPACKAGE=\"libsodium\" -DVERSION=\"1.0.3\" -DSTDC_HEADERS=1 -DHAVE_SYS_TYPES_H=1 -DHAVE_SYS_STAT_H=1 -DHAVE_STDLIB_H=1 -DHAVE_STRING_H=1 -DHAVE_MEMORY_H=1 -DHAVE_STRINGS_H=1 -DHAVE_INTTYPES_H=1 -DHAVE_STDINT_H=1 -DHAVE_UNISTD_H=1 -D__EXTENSIONS__=1 -D_ALL_SOURCE=1 -D_GNU_SOURCE=1 -D_POSIX_PTHREAD_SEMANTICS=1 -D_TANDEM_SOURCE=1 -DHAVE_DLFCN_H=1 -DLT_OBJDIR=\".libs/\" -DHAVE_MMINTRIN_H=1 -DHAVE_EMMINTRIN_H=1 -DHAVE_PMMINTRIN_H=1 -DHAVE_TMMINTRIN_H=1 -DHAVE_SYS_MMAN_H=1 -DNATIVE_LITTLE_ENDIAN=1 -DHAVE_AMD64_ASM=1 -DHAVE_TI_MODE=1 -DHAVE_CPUID=1 -DHAVE_WEAK_SYMBOLS=1 -DHAVE_MMAP=1 -DHAVE_MLOCK=1 -DHAVE_MADVISE=1 -DHAVE_MPROTECT=1 -DHAVE_POSIX_MEMALIGN=1'
DEPDIR='.deps'
DLLTOOL='false'
DLL_VERSION='6'
DSYMUTIL=''
DUMPBIN=''
ECHO_C=''
ECHO_N='-n'
ECHO_T=''
EGREP='/bin/grep -E'
EMSCRIPTEN_FALSE=''
EMSCRIPTEN_TRUE='#'
EXEEXT=''
FGREP='/bin/grep -F'
GREP='/bin/grep'
HAVE_AMD64_ASM_FALSE='#'
HAVE_AMD64_ASM_TRUE=''
HAVE_AMD64_ASM_V='1'
HAVE_CPUID_V='1'
HAVE_LD_OUTPUT_DEF_FALSE=''
HAVE_LD_OUTPUT_DEF_TRUE='#'
HAVE_TI_MODE_FALSE='#'
HAVE_TI_MODE_TRUE=''
HAVE_TI_MODE_V='1'
INSTALL_DATA='${INSTALL} -m 644'
INSTALL_PROGRAM='${INSTALL}'
INSTALL_SCRIPT='${INSTALL}'
INSTALL_STRIP_PROGRAM='$(install_sh) -c -s'
ISODATE='2015-07-14'
LD='/usr/bin/ld -m elf_x86_64'
LDFLAGS=' -pie -Wl,-z,relro -Wl,-z,now -Wl,-z,noexecstack'
LIBOBJS=''
LIBS=''
LIBTOOL='$(SHELL) $(top_builddir)/libtool'
LIBTOOL_DEPS='build-aux/ltmain.sh'
LIBTOOL_EXTRA_FLAGS=' -version-info 15:0:2'
LIPO=''
LN_S='ln -s'
LTLIBOBJS=''
LT_SYS_LIBRARY_PATH=''
MAINT='#'
MAINTAINER_MODE_FALSE=''
MAINTAINER_MODE_TRUE='#'
MAKEINFO='${SHELL} /home/travis/build/zsiciarz/24daysofrust/libsodium-1.0.3/build-aux/missing makeinfo'
MANIFEST_TOOL=':'
MINIMAL_FALSE=''
MINIMAL_TRUE='#'
MKDIR_P='/bin/mkdir -p'
NM='/usr/bin/nm -B'
NMEDIT=''
OBJDUMP='objdump'
OBJEXT='o'
OTOOL64=''
OTOOL=''
PACKAGE='libsodium'
PACKAGE_BUGREPORT='https://github.com/jedisct1/libsodium/issues'
PACKAGE_NAME='libsodium'
PACKAGE_STRING='libsodium 1.0.3'
PACKAGE_TARNAME='libsodium'
PACKAGE_URL='https://github.com/jedisct1/libsodium'
PACKAGE_VERSION='1.0.3'
PATH_SEPARATOR=':'
RANLIB='ranlib'
SAFECODE_HOME=''
SED='/bin/sed'
SET_MAKE=''
SHELL='/bin/bash'
SODIUM_LIBRARY_VERSION='15:0:2'
SODIUM_LIBRARY_VERSION_MAJOR='7'
SODIUM_LIBRARY_VERSION_MINOR='5'
STRIP='strip'
TEST_LDFLAGS=''
VERSION='1.0.3'
ac_ct_AR='ar'
ac_ct_CC='gcc'
ac_ct_DUMPBIN=''
am__EXEEXT_FALSE=''
am__EXEEXT_TRUE='#'
am__fastdepCCAS_FALSE='#'
am__fastdepCCAS_TRUE=''
am__fastdepCC_FALSE='#'
am__fastdepCC_TRUE=''
am__include='include'
am__isrc=''
am__leading_dot='.'
am__nodep='_no'
am__quote=''
am__tar='tar --format=ustar -chf - "$$tardir"'
am__untar='tar -xf -'
bindir='${exec_prefix}/bin'
build='x86_64-unknown-linux-gnu'
build_alias=''
build_cpu='x86_64'
build_os='linux-gnu'
build_vendor='unknown'
datadir='${datarootdir}'
datarootdir='${prefix}/share'
docdir='${datarootdir}/doc/${PACKAGE_TARNAME}'
dvidir='${docdir}'
exec_prefix='${prefix}'
host='x86_64-unknown-linux-gnu'
host_alias=''
host_cpu='x86_64'
host_os='linux-gnu'
host_vendor='unknown'
htmldir='${docdir}'
includedir='${prefix}/include'
infodir='${datarootdir}/info'
install_sh='${SHELL} /home/travis/build/zsiciarz/24daysofrust/libsodium-1.0.3/build-aux/install-sh'
libdir='${exec_prefix}/lib'
libexecdir='${exec_prefix}/libexec'
localedir='${datarootdir}/locale'
localstatedir='${prefix}/var'
mandir='${datarootdir}/man'
mkdir_p='$(MKDIR_P)'
oldincludedir='/usr/include'
pdfdir='${docdir}'
prefix='/usr/local'
program_transform_name='s,x,x,'
psdir='${docdir}'
sbindir='${exec_prefix}/sbin'
sharedstatedir='${prefix}/com'
sysconfdir='${prefix}/etc'
target_alias=''

## ----------- ##
## confdefs.h. ##
## ----------- ##

/* confdefs.h */
#define PACKAGE_NAME "libsodium"
#define PACKAGE_TARNAME "libsodium"
#define PACKAGE_VERSION "1.0.3"
#define PACKAGE_STRING "libsodium 1.0.3"
#define PACKAGE_BUGREPORT "https://github.com/jedisct1/libsodium/issues"
#define PACKAGE_URL "https://github.com/jedisct1/libsodium"
#define PACKAGE "libsodium"
#define VERSION "1.0.3"
#define STDC_HEADERS 1
#define HAVE_SYS_TYPES_H 1
#define HAVE_SYS_STAT_H 1
#define HAVE_STDLIB_H 1
#define HAVE_STRING_H 1
#define HAVE_MEMORY_H 1
#define HAVE_STRINGS_H 1
#define HAVE_INTTYPES_H 1
#define HAVE_STDINT_H 1
#define HAVE_UNISTD_H 1
#define __EXTENSIONS__ 1
#define _ALL_SOURCE 1
#define _GNU_SOURCE 1
#define _POSIX_PTHREAD_SEMANTICS 1
#define _TANDEM_SOURCE 1
#define HAVE_DLFCN_H 1
#define LT_OBJDIR ".libs/"
#define HAVE_MMINTRIN_H 1
#define HAVE_EMMINTRIN_H 1
#define HAVE_PMMINTRIN_H 1
#define HAVE_TMMINTRIN_H 1
#define HAVE_SYS_MMAN_H 1
#define NATIVE_LITTLE_ENDIAN 1
#define HAVE_AMD64_ASM 1
#define HAVE_TI_MODE 1
#define HAVE_CPUID 1
#define HAVE_WEAK_SYMBOLS 1
#define HAVE_MMAP 1
#define HAVE_MLOCK 1
#define HAVE_MADVISE 1
#define HAVE_MPROTECT 1
#define HAVE_POSIX_MEMALIGN 1

configure: exit 0
